{
  "/home/myros/Desktop/react-star-wars-api/src/components/UI/Star.tsx": {
    "path": "/home/myros/Desktop/react-star-wars-api/src/components/UI/Star.tsx",
    "statementMap": {
      "0": {
        "start": {
          "line": 3,
          "column": 13
        },
        "end": {
          "line": 14,
          "column": 1
        }
      },
      "1": {
        "start": {
          "line": 5,
          "column": 22
        },
        "end": {
          "line": 11,
          "column": 3
        }
      },
      "2": {
        "start": {
          "line": 13,
          "column": 2
        },
        "end": {
          "line": 13,
          "column": 58
        }
      }
    },
    "fnMap": {
      "0": {
        "name": "(anonymous_0)",
        "decl": {
          "start": {
            "line": 3,
            "column": 13
          },
          "end": {
            "line": 3,
            "column": 14
          }
        },
        "loc": {
          "start": {
            "line": 3,
            "column": 34
          },
          "end": {
            "line": 14,
            "column": 1
          }
        },
        "line": 3
      }
    },
    "branchMap": {},
    "s": {
      "0": 22,
      "1": 11000,
      "2": 11000
    },
    "f": {
      "0": 11000
    },
    "b": {},
    "_coverageSchema": "1a1c01bbd47fc00a2c39e90264f33305004495a9",
    "hash": "60f1709bf8d024e8bcf0a928ca74f53826a3a23b"
  },
  "/home/myros/Desktop/react-star-wars-api/src/components/UI/Stars.tsx": {
    "path": "/home/myros/Desktop/react-star-wars-api/src/components/UI/Stars.tsx",
    "statementMap": {
      "0": {
        "start": {
          "line": 4,
          "column": 14
        },
        "end": {
          "line": 35,
          "column": 1
        }
      },
      "1": {
        "start": {
          "line": 5,
          "column": 21
        },
        "end": {
          "line": 5,
          "column": 23
        }
      },
      "2": {
        "start": {
          "line": 8,
          "column": 41
        },
        "end": {
          "line": 10,
          "column": 3
        }
      },
      "3": {
        "start": {
          "line": 9,
          "column": 4
        },
        "end": {
          "line": 9,
          "column": 47
        }
      },
      "4": {
        "start": {
          "line": 14,
          "column": 2
        },
        "end": {
          "line": 32,
          "column": 3
        }
      },
      "5": {
        "start": {
          "line": 14,
          "column": 21
        },
        "end": {
          "line": 14,
          "column": 22
        }
      },
      "6": {
        "start": {
          "line": 16,
          "column": 4
        },
        "end": {
          "line": 16,
          "column": 73
        }
      },
      "7": {
        "start": {
          "line": 17,
          "column": 4
        },
        "end": {
          "line": 17,
          "column": 34
        }
      },
      "8": {
        "start": {
          "line": 18,
          "column": 4
        },
        "end": {
          "line": 21,
          "column": 6
        }
      },
      "9": {
        "start": {
          "line": 24,
          "column": 4
        },
        "end": {
          "line": 31,
          "column": 6
        }
      },
      "10": {
        "start": {
          "line": 34,
          "column": 2
        },
        "end": {
          "line": 34,
          "column": 53
        }
      }
    },
    "fnMap": {
      "0": {
        "name": "(anonymous_0)",
        "decl": {
          "start": {
            "line": 4,
            "column": 14
          },
          "end": {
            "line": 4,
            "column": 15
          }
        },
        "loc": {
          "start": {
            "line": 4,
            "column": 35
          },
          "end": {
            "line": 35,
            "column": 1
          }
        },
        "line": 4
      },
      "1": {
        "name": "(anonymous_1)",
        "decl": {
          "start": {
            "line": 8,
            "column": 41
          },
          "end": {
            "line": 8,
            "column": 42
          }
        },
        "loc": {
          "start": {
            "line": 8,
            "column": 66
          },
          "end": {
            "line": 10,
            "column": 3
          }
        },
        "line": 8
      }
    },
    "branchMap": {},
    "s": {
      "0": 22,
      "1": 22,
      "2": 22,
      "3": 33000,
      "4": 22,
      "5": 22,
      "6": 11000,
      "7": 11000,
      "8": 11000,
      "9": 11000,
      "10": 22
    },
    "f": {
      "0": 22,
      "1": 33000
    },
    "b": {},
    "_coverageSchema": "1a1c01bbd47fc00a2c39e90264f33305004495a9",
    "hash": "327dec172c23380d023ec4d7fe2c55c4e1a0bd2b"
  },
  "/home/myros/Desktop/react-star-wars-api/src/components/UI/Button.tsx": {
    "path": "/home/myros/Desktop/react-star-wars-api/src/components/UI/Button.tsx",
    "statementMap": {
      "0": {
        "start": {
          "line": 1,
          "column": 15
        },
        "end": {
          "line": 1,
          "column": 45
        }
      },
      "1": {
        "start": {
          "line": 3,
          "column": 15
        },
        "end": {
          "line": 14,
          "column": 1
        }
      },
      "2": {
        "start": {
          "line": 4,
          "column": 2
        },
        "end": {
          "line": 13,
          "column": 4
        }
      }
    },
    "fnMap": {
      "0": {
        "name": "(anonymous_0)",
        "decl": {
          "start": {
            "line": 3,
            "column": 15
          },
          "end": {
            "line": 3,
            "column": 16
          }
        },
        "loc": {
          "start": {
            "line": 3,
            "column": 36
          },
          "end": {
            "line": 14,
            "column": 1
          }
        },
        "line": 3
      }
    },
    "branchMap": {
      "0": {
        "loc": {
          "start": {
            "line": 6,
            "column": 12
          },
          "end": {
            "line": 6,
            "column": 34
          }
        },
        "type": "binary-expr",
        "locations": [
          {
            "start": {
              "line": 6,
              "column": 12
            },
            "end": {
              "line": 6,
              "column": 22
            }
          },
          {
            "start": {
              "line": 6,
              "column": 26
            },
            "end": {
              "line": 6,
              "column": 34
            }
          }
        ],
        "line": 6
      },
      "1": {
        "loc": {
          "start": {
            "line": 7,
            "column": 16
          },
          "end": {
            "line": 7,
            "column": 39
          }
        },
        "type": "binary-expr",
        "locations": [
          {
            "start": {
              "line": 7,
              "column": 16
            },
            "end": {
              "line": 7,
              "column": 30
            }
          },
          {
            "start": {
              "line": 7,
              "column": 34
            },
            "end": {
              "line": 7,
              "column": 39
            }
          }
        ],
        "line": 7
      },
      "2": {
        "loc": {
          "start": {
            "line": 8,
            "column": 37
          },
          "end": {
            "line": 8,
            "column": 58
          }
        },
        "type": "binary-expr",
        "locations": [
          {
            "start": {
              "line": 8,
              "column": 37
            },
            "end": {
              "line": 8,
              "column": 52
            }
          },
          {
            "start": {
              "line": 8,
              "column": 56
            },
            "end": {
              "line": 8,
              "column": 58
            }
          }
        ],
        "line": 8
      }
    },
    "s": {
      "0": 22,
      "1": 22,
      "2": 649
    },
    "f": {
      "0": 649
    },
    "b": {
      "0": [
        649,
        75
      ],
      "1": [
        649,
        327
      ],
      "2": [
        649,
        649
      ]
    },
    "_coverageSchema": "1a1c01bbd47fc00a2c39e90264f33305004495a9",
    "hash": "3beebbf8020fb08017ccaee04889c7cf1160ecab"
  },
  "/home/myros/Desktop/react-star-wars-api/src/store/authSlice.ts": {
    "path": "/home/myros/Desktop/react-star-wars-api/src/store/authSlice.ts",
    "statementMap": {
      "0": {
        "start": {
          "line": 5,
          "column": 36
        },
        "end": {
          "line": 11,
          "column": 1
        }
      },
      "1": {
        "start": {
          "line": 14,
          "column": 18
        },
        "end": {
          "line": 41,
          "column": 2
        }
      },
      "2": {
        "start": {
          "line": 19,
          "column": 6
        },
        "end": {
          "line": 19,
          "column": 33
        }
      },
      "3": {
        "start": {
          "line": 22,
          "column": 6
        },
        "end": {
          "line": 22,
          "column": 34
        }
      },
      "4": {
        "start": {
          "line": 23,
          "column": 6
        },
        "end": {
          "line": 23,
          "column": 35
        }
      },
      "5": {
        "start": {
          "line": 26,
          "column": 6
        },
        "end": {
          "line": 26,
          "column": 34
        }
      },
      "6": {
        "start": {
          "line": 27,
          "column": 6
        },
        "end": {
          "line": 27,
          "column": 40
        }
      },
      "7": {
        "start": {
          "line": 30,
          "column": 6
        },
        "end": {
          "line": 30,
          "column": 34
        }
      },
      "8": {
        "start": {
          "line": 33,
          "column": 6
        },
        "end": {
          "line": 33,
          "column": 35
        }
      },
      "9": {
        "start": {
          "line": 34,
          "column": 6
        },
        "end": {
          "line": 34,
          "column": 36
        }
      },
      "10": {
        "start": {
          "line": 37,
          "column": 6
        },
        "end": {
          "line": 37,
          "column": 35
        }
      },
      "11": {
        "start": {
          "line": 38,
          "column": 6
        },
        "end": {
          "line": 38,
          "column": 41
        }
      },
      "12": {
        "start": {
          "line": 44,
          "column": 27
        },
        "end": {
          "line": 44,
          "column": 44
        }
      },
      "13": {
        "start": {
          "line": 47,
          "column": 26
        },
        "end": {
          "line": 47,
          "column": 54
        }
      },
      "14": {
        "start": {
          "line": 48,
          "column": 28
        },
        "end": {
          "line": 48,
          "column": 58
        }
      },
      "15": {
        "start": {
          "line": 49,
          "column": 25
        },
        "end": {
          "line": 49,
          "column": 52
        }
      },
      "16": {
        "start": {
          "line": 50,
          "column": 27
        },
        "end": {
          "line": 50,
          "column": 56
        }
      },
      "17": {
        "start": {
          "line": 51,
          "column": 29
        },
        "end": {
          "line": 51,
          "column": 60
        }
      },
      "18": {
        "start": {
          "line": 52,
          "column": 26
        },
        "end": {
          "line": 52,
          "column": 54
        }
      },
      "19": {
        "start": {
          "line": 55,
          "column": 51
        },
        "end": {
          "line": 57,
          "column": 1
        }
      },
      "20": {
        "start": {
          "line": 56,
          "column": 2
        },
        "end": {
          "line": 56,
          "column": 60
        }
      }
    },
    "fnMap": {
      "0": {
        "name": "(anonymous_0)",
        "decl": {
          "start": {
            "line": 18,
            "column": 4
          },
          "end": {
            "line": 18,
            "column": 5
          }
        },
        "loc": {
          "start": {
            "line": 18,
            "column": 28
          },
          "end": {
            "line": 20,
            "column": 5
          }
        },
        "line": 18
      },
      "1": {
        "name": "(anonymous_1)",
        "decl": {
          "start": {
            "line": 21,
            "column": 4
          },
          "end": {
            "line": 21,
            "column": 5
          }
        },
        "loc": {
          "start": {
            "line": 21,
            "column": 30
          },
          "end": {
            "line": 24,
            "column": 5
          }
        },
        "line": 21
      },
      "2": {
        "name": "(anonymous_2)",
        "decl": {
          "start": {
            "line": 25,
            "column": 4
          },
          "end": {
            "line": 25,
            "column": 5
          }
        },
        "loc": {
          "start": {
            "line": 25,
            "column": 58
          },
          "end": {
            "line": 28,
            "column": 5
          }
        },
        "line": 25
      },
      "3": {
        "name": "(anonymous_3)",
        "decl": {
          "start": {
            "line": 29,
            "column": 4
          },
          "end": {
            "line": 29,
            "column": 5
          }
        },
        "loc": {
          "start": {
            "line": 29,
            "column": 29
          },
          "end": {
            "line": 31,
            "column": 5
          }
        },
        "line": 29
      },
      "4": {
        "name": "(anonymous_4)",
        "decl": {
          "start": {
            "line": 32,
            "column": 4
          },
          "end": {
            "line": 32,
            "column": 5
          }
        },
        "loc": {
          "start": {
            "line": 32,
            "column": 31
          },
          "end": {
            "line": 35,
            "column": 5
          }
        },
        "line": 32
      },
      "5": {
        "name": "(anonymous_5)",
        "decl": {
          "start": {
            "line": 36,
            "column": 4
          },
          "end": {
            "line": 36,
            "column": 5
          }
        },
        "loc": {
          "start": {
            "line": 36,
            "column": 59
          },
          "end": {
            "line": 39,
            "column": 5
          }
        },
        "line": 36
      },
      "6": {
        "name": "(anonymous_6)",
        "decl": {
          "start": {
            "line": 55,
            "column": 51
          },
          "end": {
            "line": 55,
            "column": 52
          }
        },
        "loc": {
          "start": {
            "line": 55,
            "column": 66
          },
          "end": {
            "line": 57,
            "column": 1
          }
        },
        "line": 55
      }
    },
    "branchMap": {},
    "s": {
      "0": 22,
      "1": 22,
      "2": 18,
      "3": 18,
      "4": 18,
      "5": 0,
      "6": 0,
      "7": 16,
      "8": 16,
      "9": 16,
      "10": 0,
      "11": 0,
      "12": 22,
      "13": 22,
      "14": 22,
      "15": 22,
      "16": 22,
      "17": 22,
      "18": 22,
      "19": 22,
      "20": 253
    },
    "f": {
      "0": 18,
      "1": 18,
      "2": 0,
      "3": 16,
      "4": 16,
      "5": 0,
      "6": 253
    },
    "b": {},
    "_coverageSchema": "1a1c01bbd47fc00a2c39e90264f33305004495a9",
    "hash": "00d5bb32332c134ee395869cb38a79c500f05290"
  },
  "/home/myros/Desktop/react-star-wars-api/src/components/LogIn/LogInForm.tsx": {
    "path": "/home/myros/Desktop/react-star-wars-api/src/components/LogIn/LogInForm.tsx",
    "statementMap": {
      "0": {
        "start": {
          "line": 7,
          "column": 15
        },
        "end": {
          "line": 7,
          "column": 48
        }
      },
      "1": {
        "start": {
          "line": 9,
          "column": 18
        },
        "end": {
          "line": 106,
          "column": 1
        }
      },
      "2": {
        "start": {
          "line": 11,
          "column": 25
        },
        "end": {
          "line": 11,
          "column": 38
        }
      },
      "3": {
        "start": {
          "line": 14,
          "column": 28
        },
        "end": {
          "line": 19,
          "column": 3
        }
      },
      "4": {
        "start": {
          "line": 15,
          "column": 4
        },
        "end": {
          "line": 15,
          "column": 27
        }
      },
      "5": {
        "start": {
          "line": 18,
          "column": 4
        },
        "end": {
          "line": 18,
          "column": 33
        }
      },
      "6": {
        "start": {
          "line": 28,
          "column": 38
        },
        "end": {
          "line": 31,
          "column": 3
        }
      },
      "7": {
        "start": {
          "line": 34,
          "column": 27
        },
        "end": {
          "line": 41,
          "column": 3
        }
      },
      "8": {
        "start": {
          "line": 37,
          "column": 47
        },
        "end": {
          "line": 37,
          "column": 49
        }
      },
      "9": {
        "start": {
          "line": 38,
          "column": 4
        },
        "end": {
          "line": 38,
          "column": 71
        }
      },
      "10": {
        "start": {
          "line": 38,
          "column": 37
        },
        "end": {
          "line": 38,
          "column": 71
        }
      },
      "11": {
        "start": {
          "line": 39,
          "column": 4
        },
        "end": {
          "line": 39,
          "column": 71
        }
      },
      "12": {
        "start": {
          "line": 39,
          "column": 37
        },
        "end": {
          "line": 39,
          "column": 71
        }
      },
      "13": {
        "start": {
          "line": 40,
          "column": 4
        },
        "end": {
          "line": 40,
          "column": 18
        }
      },
      "14": {
        "start": {
          "line": 44,
          "column": 17
        },
        "end": {
          "line": 50,
          "column": 4
        }
      },
      "15": {
        "start": {
          "line": 53,
          "column": 2
        },
        "end": {
          "line": 105,
          "column": 4
        }
      }
    },
    "fnMap": {
      "0": {
        "name": "(anonymous_0)",
        "decl": {
          "start": {
            "line": 9,
            "column": 18
          },
          "end": {
            "line": 9,
            "column": 19
          }
        },
        "loc": {
          "start": {
            "line": 9,
            "column": 24
          },
          "end": {
            "line": 106,
            "column": 1
          }
        },
        "line": 9
      },
      "1": {
        "name": "(anonymous_1)",
        "decl": {
          "start": {
            "line": 14,
            "column": 28
          },
          "end": {
            "line": 14,
            "column": 29
          }
        },
        "loc": {
          "start": {
            "line": 14,
            "column": 50
          },
          "end": {
            "line": 19,
            "column": 3
          }
        },
        "line": 14
      },
      "2": {
        "name": "(anonymous_2)",
        "decl": {
          "start": {
            "line": 34,
            "column": 27
          },
          "end": {
            "line": 34,
            "column": 28
          }
        },
        "loc": {
          "start": {
            "line": 36,
            "column": 35
          },
          "end": {
            "line": 41,
            "column": 3
          }
        },
        "line": 36
      },
      "3": {
        "name": "(anonymous_3)",
        "decl": {
          "start": {
            "line": 49,
            "column": 14
          },
          "end": {
            "line": 49,
            "column": 15
          }
        },
        "loc": {
          "start": {
            "line": 49,
            "column": 26
          },
          "end": {
            "line": 49,
            "column": 28
          }
        },
        "line": 49
      }
    },
    "branchMap": {
      "0": {
        "loc": {
          "start": {
            "line": 38,
            "column": 4
          },
          "end": {
            "line": 38,
            "column": 71
          }
        },
        "type": "if",
        "locations": [
          {
            "start": {
              "line": 38,
              "column": 4
            },
            "end": {
              "line": 38,
              "column": 71
            }
          },
          {
            "start": {
              "line": 38,
              "column": 4
            },
            "end": {
              "line": 38,
              "column": 71
            }
          }
        ],
        "line": 38
      },
      "1": {
        "loc": {
          "start": {
            "line": 39,
            "column": 4
          },
          "end": {
            "line": 39,
            "column": 71
          }
        },
        "type": "if",
        "locations": [
          {
            "start": {
              "line": 39,
              "column": 4
            },
            "end": {
              "line": 39,
              "column": 71
            }
          },
          {
            "start": {
              "line": 39,
              "column": 4
            },
            "end": {
              "line": 39,
              "column": 71
            }
          }
        ],
        "line": 39
      },
      "2": {
        "loc": {
          "start": {
            "line": 61,
            "column": 16
          },
          "end": {
            "line": 61,
            "column": 70
          }
        },
        "type": "binary-expr",
        "locations": [
          {
            "start": {
              "line": 61,
              "column": 16
            },
            "end": {
              "line": 61,
              "column": 43
            }
          },
          {
            "start": {
              "line": 61,
              "column": 47
            },
            "end": {
              "line": 61,
              "column": 70
            }
          }
        ],
        "line": 61
      },
      "3": {
        "loc": {
          "start": {
            "line": 69,
            "column": 13
          },
          "end": {
            "line": 74,
            "column": 13
          }
        },
        "type": "binary-expr",
        "locations": [
          {
            "start": {
              "line": 69,
              "column": 13
            },
            "end": {
              "line": 69,
              "column": 40
            }
          },
          {
            "start": {
              "line": 70,
              "column": 14
            },
            "end": {
              "line": 73,
              "column": 21
            }
          }
        ],
        "line": 69
      },
      "4": {
        "loc": {
          "start": {
            "line": 81,
            "column": 16
          },
          "end": {
            "line": 81,
            "column": 70
          }
        },
        "type": "binary-expr",
        "locations": [
          {
            "start": {
              "line": 81,
              "column": 16
            },
            "end": {
              "line": 81,
              "column": 43
            }
          },
          {
            "start": {
              "line": 81,
              "column": 47
            },
            "end": {
              "line": 81,
              "column": 70
            }
          }
        ],
        "line": 81
      },
      "5": {
        "loc": {
          "start": {
            "line": 89,
            "column": 13
          },
          "end": {
            "line": 94,
            "column": 13
          }
        },
        "type": "binary-expr",
        "locations": [
          {
            "start": {
              "line": 89,
              "column": 13
            },
            "end": {
              "line": 89,
              "column": 40
            }
          },
          {
            "start": {
              "line": 90,
              "column": 14
            },
            "end": {
              "line": 93,
              "column": 21
            }
          }
        ],
        "line": 89
      },
      "6": {
        "loc": {
          "start": {
            "line": 98,
            "column": 46
          },
          "end": {
            "line": 98,
            "column": 76
          }
        },
        "type": "binary-expr",
        "locations": [
          {
            "start": {
              "line": 98,
              "column": 46
            },
            "end": {
              "line": 98,
              "column": 60
            }
          },
          {
            "start": {
              "line": 98,
              "column": 64
            },
            "end": {
              "line": 98,
              "column": 76
            }
          }
        ],
        "line": 98
      }
    },
    "s": {
      "0": 22,
      "1": 22,
      "2": 574,
      "3": 574,
      "4": 18,
      "5": 18,
      "6": 574,
      "7": 574,
      "8": 270,
      "9": 270,
      "10": 0,
      "11": 270,
      "12": 144,
      "13": 270,
      "14": 574,
      "15": 574
    },
    "f": {
      "0": 574,
      "1": 18,
      "2": 270,
      "3": 0
    },
    "b": {
      "0": [
        0,
        270
      ],
      "1": [
        144,
        126
      ],
      "2": [
        574,
        0
      ],
      "3": [
        574,
        0
      ],
      "4": [
        574,
        288
      ],
      "5": [
        574,
        288
      ],
      "6": [
        574,
        286
      ]
    },
    "_coverageSchema": "1a1c01bbd47fc00a2c39e90264f33305004495a9",
    "hash": "a6bdb033e8669ee019635f23664de555a505a917"
  },
  "/home/myros/Desktop/react-star-wars-api/src/pages/Welcome.tsx": {
    "path": "/home/myros/Desktop/react-star-wars-api/src/pages/Welcome.tsx",
    "statementMap": {
      "0": {
        "start": {
          "line": 7,
          "column": 16
        },
        "end": {
          "line": 22,
          "column": 1
        }
      },
      "1": {
        "start": {
          "line": 9,
          "column": 35
        },
        "end": {
          "line": 11,
          "column": 3
        }
      },
      "2": {
        "start": {
          "line": 14,
          "column": 2
        },
        "end": {
          "line": 21,
          "column": 3
        }
      },
      "3": {
        "start": {
          "line": 15,
          "column": 4
        },
        "end": {
          "line": 15,
          "column": 36
        }
      },
      "4": {
        "start": {
          "line": 20,
          "column": 4
        },
        "end": {
          "line": 20,
          "column": 25
        }
      }
    },
    "fnMap": {
      "0": {
        "name": "(anonymous_0)",
        "decl": {
          "start": {
            "line": 7,
            "column": 16
          },
          "end": {
            "line": 7,
            "column": 17
          }
        },
        "loc": {
          "start": {
            "line": 7,
            "column": 37
          },
          "end": {
            "line": 22,
            "column": 1
          }
        },
        "line": 7
      }
    },
    "branchMap": {
      "0": {
        "loc": {
          "start": {
            "line": 14,
            "column": 2
          },
          "end": {
            "line": 21,
            "column": 3
          }
        },
        "type": "if",
        "locations": [
          {
            "start": {
              "line": 14,
              "column": 2
            },
            "end": {
              "line": 21,
              "column": 3
            }
          },
          {
            "start": {
              "line": 14,
              "column": 2
            },
            "end": {
              "line": 21,
              "column": 3
            }
          }
        ],
        "line": 14
      }
    },
    "s": {
      "0": 22,
      "1": 34,
      "2": 34,
      "3": 0,
      "4": 34
    },
    "f": {
      "0": 34
    },
    "b": {
      "0": [
        0,
        34
      ]
    },
    "_coverageSchema": "1a1c01bbd47fc00a2c39e90264f33305004495a9",
    "hash": "934e7508b0aff1fd6290758a4c8b8ae30d3cfb10"
  },
  "/home/myros/Desktop/react-star-wars-api/src/components/Header/Header.tsx": {
    "path": "/home/myros/Desktop/react-star-wars-api/src/components/Header/Header.tsx",
    "statementMap": {
      "0": {
        "start": {
          "line": 9,
          "column": 15
        },
        "end": {
          "line": 9,
          "column": 45
        }
      },
      "1": {
        "start": {
          "line": 11,
          "column": 15
        },
        "end": {
          "line": 35,
          "column": 1
        }
      },
      "2": {
        "start": {
          "line": 13,
          "column": 25
        },
        "end": {
          "line": 13,
          "column": 38
        }
      },
      "3": {
        "start": {
          "line": 16,
          "column": 24
        },
        "end": {
          "line": 18,
          "column": 3
        }
      },
      "4": {
        "start": {
          "line": 17,
          "column": 4
        },
        "end": {
          "line": 17,
          "column": 34
        }
      },
      "5": {
        "start": {
          "line": 21,
          "column": 2
        },
        "end": {
          "line": 34,
          "column": 4
        }
      }
    },
    "fnMap": {
      "0": {
        "name": "(anonymous_0)",
        "decl": {
          "start": {
            "line": 11,
            "column": 15
          },
          "end": {
            "line": 11,
            "column": 16
          }
        },
        "loc": {
          "start": {
            "line": 11,
            "column": 36
          },
          "end": {
            "line": 35,
            "column": 1
          }
        },
        "line": 11
      },
      "1": {
        "name": "(anonymous_1)",
        "decl": {
          "start": {
            "line": 16,
            "column": 24
          },
          "end": {
            "line": 16,
            "column": 25
          }
        },
        "loc": {
          "start": {
            "line": 16,
            "column": 30
          },
          "end": {
            "line": 18,
            "column": 3
          }
        },
        "line": 16
      }
    },
    "branchMap": {
      "0": {
        "loc": {
          "start": {
            "line": 24,
            "column": 7
          },
          "end": {
            "line": 32,
            "column": 7
          }
        },
        "type": "binary-expr",
        "locations": [
          {
            "start": {
              "line": 24,
              "column": 7
            },
            "end": {
              "line": 24,
              "column": 26
            }
          },
          {
            "start": {
              "line": 25,
              "column": 8
            },
            "end": {
              "line": 31,
              "column": 17
            }
          }
        ],
        "line": 24
      }
    },
    "s": {
      "0": 22,
      "1": 22,
      "2": 75,
      "3": 75,
      "4": 16,
      "5": 75
    },
    "f": {
      "0": 75,
      "1": 16
    },
    "b": {
      "0": [
        75,
        15
      ]
    },
    "_coverageSchema": "1a1c01bbd47fc00a2c39e90264f33305004495a9",
    "hash": "7719e5d3b5cd071269b8bb857248bcb007fbf34e"
  },
  "/home/myros/Desktop/react-star-wars-api/src/components/FilmsTable/FilmsTable.tsx": {
    "path": "/home/myros/Desktop/react-star-wars-api/src/components/FilmsTable/FilmsTable.tsx",
    "statementMap": {
      "0": {
        "start": {
          "line": 8,
          "column": 15
        },
        "end": {
          "line": 8,
          "column": 49
        }
      },
      "1": {
        "start": {
          "line": 10,
          "column": 19
        },
        "end": {
          "line": 109,
          "column": 1
        }
      },
      "2": {
        "start": {
          "line": 12,
          "column": 19
        },
        "end": {
          "line": 12,
          "column": 30
        }
      },
      "3": {
        "start": {
          "line": 15,
          "column": 63
        },
        "end": {
          "line": 27,
          "column": 3
        }
      },
      "4": {
        "start": {
          "line": 20,
          "column": 4
        },
        "end": {
          "line": 26,
          "column": 6
        }
      },
      "5": {
        "start": {
          "line": 23,
          "column": 10
        },
        "end": {
          "line": 23,
          "column": 43
        }
      },
      "6": {
        "start": {
          "line": 28,
          "column": 59
        },
        "end": {
          "line": 34,
          "column": 3
        }
      },
      "7": {
        "start": {
          "line": 33,
          "column": 4
        },
        "end": {
          "line": 33,
          "column": 61
        }
      },
      "8": {
        "start": {
          "line": 35,
          "column": 58
        },
        "end": {
          "line": 50,
          "column": 3
        }
      },
      "9": {
        "start": {
          "line": 40,
          "column": 4
        },
        "end": {
          "line": 49,
          "column": 6
        }
      },
      "10": {
        "start": {
          "line": 53,
          "column": 30
        },
        "end": {
          "line": 95,
          "column": 3
        }
      },
      "11": {
        "start": {
          "line": 98,
          "column": 2
        },
        "end": {
          "line": 108,
          "column": 4
        }
      }
    },
    "fnMap": {
      "0": {
        "name": "(anonymous_0)",
        "decl": {
          "start": {
            "line": 10,
            "column": 19
          },
          "end": {
            "line": 10,
            "column": 20
          }
        },
        "loc": {
          "start": {
            "line": 10,
            "column": 40
          },
          "end": {
            "line": 109,
            "column": 1
          }
        },
        "line": 10
      },
      "1": {
        "name": "(anonymous_1)",
        "decl": {
          "start": {
            "line": 15,
            "column": 63
          },
          "end": {
            "line": 15,
            "column": 64
          }
        },
        "loc": {
          "start": {
            "line": 19,
            "column": 12
          },
          "end": {
            "line": 27,
            "column": 3
          }
        },
        "line": 19
      },
      "2": {
        "name": "(anonymous_2)",
        "decl": {
          "start": {
            "line": 22,
            "column": 30
          },
          "end": {
            "line": 22,
            "column": 31
          }
        },
        "loc": {
          "start": {
            "line": 22,
            "column": 59
          },
          "end": {
            "line": 24,
            "column": 9
          }
        },
        "line": 22
      },
      "3": {
        "name": "(anonymous_3)",
        "decl": {
          "start": {
            "line": 28,
            "column": 59
          },
          "end": {
            "line": 28,
            "column": 60
          }
        },
        "loc": {
          "start": {
            "line": 32,
            "column": 12
          },
          "end": {
            "line": 34,
            "column": 3
          }
        },
        "line": 32
      },
      "4": {
        "name": "(anonymous_4)",
        "decl": {
          "start": {
            "line": 35,
            "column": 58
          },
          "end": {
            "line": 35,
            "column": 59
          }
        },
        "loc": {
          "start": {
            "line": 39,
            "column": 12
          },
          "end": {
            "line": 50,
            "column": 3
          }
        },
        "line": 39
      }
    },
    "branchMap": {},
    "s": {
      "0": 22,
      "1": 22,
      "2": 21,
      "3": 21,
      "4": 126,
      "5": 210,
      "6": 21,
      "7": 126,
      "8": 21,
      "9": 126,
      "10": 21,
      "11": 21
    },
    "f": {
      "0": 21,
      "1": 126,
      "2": 210,
      "3": 126,
      "4": 126
    },
    "b": {},
    "_coverageSchema": "1a1c01bbd47fc00a2c39e90264f33305004495a9",
    "hash": "eed92e32748e021835dffb11f50c7c0e21f0a996"
  },
  "/home/myros/Desktop/react-star-wars-api/src/components/UI/Spinner.tsx": {
    "path": "/home/myros/Desktop/react-star-wars-api/src/components/UI/Spinner.tsx",
    "statementMap": {
      "0": {
        "start": {
          "line": 1,
          "column": 15
        },
        "end": {
          "line": 1,
          "column": 46
        }
      },
      "1": {
        "start": {
          "line": 3,
          "column": 16
        },
        "end": {
          "line": 13,
          "column": 1
        }
      },
      "2": {
        "start": {
          "line": 4,
          "column": 2
        },
        "end": {
          "line": 12,
          "column": 4
        }
      }
    },
    "fnMap": {
      "0": {
        "name": "(anonymous_0)",
        "decl": {
          "start": {
            "line": 3,
            "column": 16
          },
          "end": {
            "line": 3,
            "column": 17
          }
        },
        "loc": {
          "start": {
            "line": 3,
            "column": 37
          },
          "end": {
            "line": 13,
            "column": 1
          }
        },
        "line": 3
      }
    },
    "branchMap": {
      "0": {
        "loc": {
          "start": {
            "line": 9,
            "column": 36
          },
          "end": {
            "line": 9,
            "column": 63
          }
        },
        "type": "binary-expr",
        "locations": [
          {
            "start": {
              "line": 9,
              "column": 36
            },
            "end": {
              "line": 9,
              "column": 51
            }
          },
          {
            "start": {
              "line": 9,
              "column": 55
            },
            "end": {
              "line": 9,
              "column": 63
            }
          }
        ],
        "line": 9
      }
    },
    "s": {
      "0": 22,
      "1": 22,
      "2": 25
    },
    "f": {
      "0": 25
    },
    "b": {
      "0": [
        25,
        0
      ]
    },
    "_coverageSchema": "1a1c01bbd47fc00a2c39e90264f33305004495a9",
    "hash": "07afe07c4a60220b6005adb46e4b437e2e66e98d"
  },
  "/home/myros/Desktop/react-star-wars-api/src/components/UI/Modal.tsx": {
    "path": "/home/myros/Desktop/react-star-wars-api/src/components/UI/Modal.tsx",
    "statementMap": {
      "0": {
        "start": {
          "line": 6,
          "column": 15
        },
        "end": {
          "line": 6,
          "column": 44
        }
      },
      "1": {
        "start": {
          "line": 8,
          "column": 14
        },
        "end": {
          "line": 22,
          "column": 1
        }
      },
      "2": {
        "start": {
          "line": 9,
          "column": 2
        },
        "end": {
          "line": 21,
          "column": 4
        }
      }
    },
    "fnMap": {
      "0": {
        "name": "(anonymous_0)",
        "decl": {
          "start": {
            "line": 8,
            "column": 14
          },
          "end": {
            "line": 8,
            "column": 15
          }
        },
        "loc": {
          "start": {
            "line": 8,
            "column": 35
          },
          "end": {
            "line": 22,
            "column": 1
          }
        },
        "line": 8
      }
    },
    "branchMap": {},
    "s": {
      "0": 22,
      "1": 22,
      "2": 0
    },
    "f": {
      "0": 0
    },
    "b": {},
    "_coverageSchema": "1a1c01bbd47fc00a2c39e90264f33305004495a9",
    "hash": "c75adf170d8b589966b1e630e58041c74c427b23"
  },
  "/home/myros/Desktop/react-star-wars-api/src/components/Footer/Footer.tsx": {
    "path": "/home/myros/Desktop/react-star-wars-api/src/components/Footer/Footer.tsx",
    "statementMap": {
      "0": {
        "start": {
          "line": 3,
          "column": 15
        },
        "end": {
          "line": 3,
          "column": 45
        }
      },
      "1": {
        "start": {
          "line": 5,
          "column": 15
        },
        "end": {
          "line": 29,
          "column": 1
        }
      },
      "2": {
        "start": {
          "line": 6,
          "column": 2
        },
        "end": {
          "line": 28,
          "column": 4
        }
      }
    },
    "fnMap": {
      "0": {
        "name": "(anonymous_0)",
        "decl": {
          "start": {
            "line": 5,
            "column": 15
          },
          "end": {
            "line": 5,
            "column": 16
          }
        },
        "loc": {
          "start": {
            "line": 5,
            "column": 26
          },
          "end": {
            "line": 29,
            "column": 1
          }
        },
        "line": 5
      }
    },
    "branchMap": {},
    "s": {
      "0": 22,
      "1": 22,
      "2": 75
    },
    "f": {
      "0": 75
    },
    "b": {},
    "_coverageSchema": "1a1c01bbd47fc00a2c39e90264f33305004495a9",
    "hash": "ac517c1a1f66abf3178d6a885b48bf672b8f6312"
  },
  "/home/myros/Desktop/react-star-wars-api/src/store/filmsSlice.ts": {
    "path": "/home/myros/Desktop/react-star-wars-api/src/store/filmsSlice.ts",
    "statementMap": {
      "0": {
        "start": {
          "line": 5,
          "column": 33
        },
        "end": {
          "line": 10,
          "column": 1
        }
      },
      "1": {
        "start": {
          "line": 13,
          "column": 19
        },
        "end": {
          "line": 31,
          "column": 2
        }
      },
      "2": {
        "start": {
          "line": 18,
          "column": 6
        },
        "end": {
          "line": 18,
          "column": 27
        }
      },
      "3": {
        "start": {
          "line": 21,
          "column": 6
        },
        "end": {
          "line": 21,
          "column": 28
        }
      },
      "4": {
        "start": {
          "line": 22,
          "column": 6
        },
        "end": {
          "line": 22,
          "column": 35
        }
      },
      "5": {
        "start": {
          "line": 23,
          "column": 6
        },
        "end": {
          "line": 23,
          "column": 42
        }
      },
      "6": {
        "start": {
          "line": 26,
          "column": 6
        },
        "end": {
          "line": 26,
          "column": 28
        }
      },
      "7": {
        "start": {
          "line": 27,
          "column": 6
        },
        "end": {
          "line": 27,
          "column": 35
        }
      },
      "8": {
        "start": {
          "line": 28,
          "column": 6
        },
        "end": {
          "line": 28,
          "column": 35
        }
      },
      "9": {
        "start": {
          "line": 34,
          "column": 28
        },
        "end": {
          "line": 34,
          "column": 46
        }
      },
      "10": {
        "start": {
          "line": 37,
          "column": 31
        },
        "end": {
          "line": 37,
          "column": 65
        }
      },
      "11": {
        "start": {
          "line": 38,
          "column": 30
        },
        "end": {
          "line": 38,
          "column": 63
        }
      },
      "12": {
        "start": {
          "line": 39,
          "column": 33
        },
        "end": {
          "line": 39,
          "column": 69
        }
      },
      "13": {
        "start": {
          "line": 42,
          "column": 24
        },
        "end": {
          "line": 43,
          "column": 26
        }
      },
      "14": {
        "start": {
          "line": 43,
          "column": 2
        },
        "end": {
          "line": 43,
          "column": 26
        }
      },
      "15": {
        "start": {
          "line": 44,
          "column": 28
        },
        "end": {
          "line": 45,
          "column": 21
        }
      },
      "16": {
        "start": {
          "line": 45,
          "column": 2
        },
        "end": {
          "line": 45,
          "column": 21
        }
      },
      "17": {
        "start": {
          "line": 46,
          "column": 24
        },
        "end": {
          "line": 46,
          "column": 73
        }
      },
      "18": {
        "start": {
          "line": 46,
          "column": 56
        },
        "end": {
          "line": 46,
          "column": 73
        }
      },
      "19": {
        "start": {
          "line": 47,
          "column": 26
        },
        "end": {
          "line": 48,
          "column": 29
        }
      },
      "20": {
        "start": {
          "line": 48,
          "column": 2
        },
        "end": {
          "line": 48,
          "column": 29
        }
      }
    },
    "fnMap": {
      "0": {
        "name": "(anonymous_0)",
        "decl": {
          "start": {
            "line": 17,
            "column": 4
          },
          "end": {
            "line": 17,
            "column": 5
          }
        },
        "loc": {
          "start": {
            "line": 17,
            "column": 77
          },
          "end": {
            "line": 19,
            "column": 5
          }
        },
        "line": 17
      },
      "1": {
        "name": "(anonymous_1)",
        "decl": {
          "start": {
            "line": 20,
            "column": 4
          },
          "end": {
            "line": 20,
            "column": 5
          }
        },
        "loc": {
          "start": {
            "line": 20,
            "column": 70
          },
          "end": {
            "line": 24,
            "column": 5
          }
        },
        "line": 20
      },
      "2": {
        "name": "(anonymous_2)",
        "decl": {
          "start": {
            "line": 25,
            "column": 4
          },
          "end": {
            "line": 25,
            "column": 5
          }
        },
        "loc": {
          "start": {
            "line": 25,
            "column": 63
          },
          "end": {
            "line": 29,
            "column": 5
          }
        },
        "line": 25
      },
      "3": {
        "name": "(anonymous_3)",
        "decl": {
          "start": {
            "line": 42,
            "column": 24
          },
          "end": {
            "line": 42,
            "column": 25
          }
        },
        "loc": {
          "start": {
            "line": 43,
            "column": 2
          },
          "end": {
            "line": 43,
            "column": 26
          }
        },
        "line": 43
      },
      "4": {
        "name": "(anonymous_4)",
        "decl": {
          "start": {
            "line": 44,
            "column": 28
          },
          "end": {
            "line": 44,
            "column": 29
          }
        },
        "loc": {
          "start": {
            "line": 45,
            "column": 2
          },
          "end": {
            "line": 45,
            "column": 21
          }
        },
        "line": 45
      },
      "5": {
        "name": "(anonymous_5)",
        "decl": {
          "start": {
            "line": 46,
            "column": 24
          },
          "end": {
            "line": 46,
            "column": 25
          }
        },
        "loc": {
          "start": {
            "line": 46,
            "column": 56
          },
          "end": {
            "line": 46,
            "column": 73
          }
        },
        "line": 46
      },
      "6": {
        "name": "(anonymous_6)",
        "decl": {
          "start": {
            "line": 47,
            "column": 26
          },
          "end": {
            "line": 47,
            "column": 27
          }
        },
        "loc": {
          "start": {
            "line": 48,
            "column": 2
          },
          "end": {
            "line": 48,
            "column": 29
          }
        },
        "line": 48
      }
    },
    "branchMap": {},
    "s": {
      "0": 22,
      "1": 22,
      "2": 20,
      "3": 20,
      "4": 20,
      "5": 20,
      "6": 0,
      "7": 0,
      "8": 0,
      "9": 22,
      "10": 22,
      "11": 22,
      "12": 22,
      "13": 22,
      "14": 126,
      "15": 22,
      "16": 86,
      "17": 22,
      "18": 166,
      "19": 22,
      "20": 128
    },
    "f": {
      "0": 20,
      "1": 20,
      "2": 0,
      "3": 126,
      "4": 86,
      "5": 166,
      "6": 128
    },
    "b": {},
    "_coverageSchema": "1a1c01bbd47fc00a2c39e90264f33305004495a9",
    "hash": "c942bbbc458918c3a9c08311683546ff86e20fa5"
  },
  "/home/myros/Desktop/react-star-wars-api/src/pages/Films.tsx": {
    "path": "/home/myros/Desktop/react-star-wars-api/src/pages/Films.tsx",
    "statementMap": {
      "0": {
        "start": {
          "line": 19,
          "column": 14
        },
        "end": {
          "line": 79,
          "column": 1
        }
      },
      "1": {
        "start": {
          "line": 21,
          "column": 28
        },
        "end": {
          "line": 21,
          "column": 43
        }
      },
      "2": {
        "start": {
          "line": 24,
          "column": 42
        },
        "end": {
          "line": 24,
          "column": 63
        }
      },
      "3": {
        "start": {
          "line": 25,
          "column": 33
        },
        "end": {
          "line": 25,
          "column": 58
        }
      },
      "4": {
        "start": {
          "line": 26,
          "column": 28
        },
        "end": {
          "line": 26,
          "column": 49
        }
      },
      "5": {
        "start": {
          "line": 27,
          "column": 38
        },
        "end": {
          "line": 27,
          "column": 61
        }
      },
      "6": {
        "start": {
          "line": 30,
          "column": 25
        },
        "end": {
          "line": 30,
          "column": 38
        }
      },
      "7": {
        "start": {
          "line": 33,
          "column": 2
        },
        "end": {
          "line": 36,
          "column": 30
        }
      },
      "8": {
        "start": {
          "line": 34,
          "column": 21
        },
        "end": {
          "line": 34,
          "column": 60
        }
      },
      "9": {
        "start": {
          "line": 35,
          "column": 4
        },
        "end": {
          "line": 35,
          "column": 46
        }
      },
      "10": {
        "start": {
          "line": 40,
          "column": 2
        },
        "end": {
          "line": 52,
          "column": 3
        }
      },
      "11": {
        "start": {
          "line": 41,
          "column": 4
        },
        "end": {
          "line": 51,
          "column": 8
        }
      },
      "12": {
        "start": {
          "line": 55,
          "column": 23
        },
        "end": {
          "line": 57,
          "column": 3
        }
      },
      "13": {
        "start": {
          "line": 56,
          "column": 4
        },
        "end": {
          "line": 56,
          "column": 21
        }
      },
      "14": {
        "start": {
          "line": 60,
          "column": 2
        },
        "end": {
          "line": 78,
          "column": 4
        }
      }
    },
    "fnMap": {
      "0": {
        "name": "(anonymous_0)",
        "decl": {
          "start": {
            "line": 19,
            "column": 14
          },
          "end": {
            "line": 19,
            "column": 15
          }
        },
        "loc": {
          "start": {
            "line": 19,
            "column": 20
          },
          "end": {
            "line": 79,
            "column": 1
          }
        },
        "line": 19
      },
      "1": {
        "name": "(anonymous_1)",
        "decl": {
          "start": {
            "line": 33,
            "column": 12
          },
          "end": {
            "line": 33,
            "column": 13
          }
        },
        "loc": {
          "start": {
            "line": 33,
            "column": 18
          },
          "end": {
            "line": 36,
            "column": 3
          }
        },
        "line": 33
      },
      "2": {
        "name": "(anonymous_2)",
        "decl": {
          "start": {
            "line": 55,
            "column": 23
          },
          "end": {
            "line": 55,
            "column": 24
          }
        },
        "loc": {
          "start": {
            "line": 55,
            "column": 29
          },
          "end": {
            "line": 57,
            "column": 3
          }
        },
        "line": 55
      }
    },
    "branchMap": {
      "0": {
        "loc": {
          "start": {
            "line": 40,
            "column": 2
          },
          "end": {
            "line": 52,
            "column": 3
          }
        },
        "type": "if",
        "locations": [
          {
            "start": {
              "line": 40,
              "column": 2
            },
            "end": {
              "line": 52,
              "column": 3
            }
          },
          {
            "start": {
              "line": 40,
              "column": 2
            },
            "end": {
              "line": 52,
              "column": 3
            }
          }
        ],
        "line": 40
      },
      "1": {
        "loc": {
          "start": {
            "line": 42,
            "column": 6
          },
          "end": {
            "line": 51,
            "column": 7
          }
        },
        "type": "cond-expr",
        "locations": [
          {
            "start": {
              "line": 43,
              "column": 8
            },
            "end": {
              "line": 46,
              "column": 14
            }
          },
          {
            "start": {
              "line": 48,
              "column": 8
            },
            "end": {
              "line": 50,
              "column": 14
            }
          }
        ],
        "line": 42
      },
      "2": {
        "loc": {
          "start": {
            "line": 64,
            "column": 9
          },
          "end": {
            "line": 66,
            "column": 9
          }
        },
        "type": "binary-expr",
        "locations": [
          {
            "start": {
              "line": 64,
              "column": 9
            },
            "end": {
              "line": 64,
              "column": 23
            }
          },
          {
            "start": {
              "line": 64,
              "column": 27
            },
            "end": {
              "line": 64,
              "column": 37
            }
          },
          {
            "start": {
              "line": 64,
              "column": 41
            },
            "end": {
              "line": 64,
              "column": 59
            }
          },
          {
            "start": {
              "line": 65,
              "column": 10
            },
            "end": {
              "line": 65,
              "column": 45
            }
          }
        ],
        "line": 64
      },
      "3": {
        "loc": {
          "start": {
            "line": 67,
            "column": 9
          },
          "end": {
            "line": 73,
            "column": 9
          }
        },
        "type": "binary-expr",
        "locations": [
          {
            "start": {
              "line": 67,
              "column": 9
            },
            "end": {
              "line": 67,
              "column": 23
            }
          },
          {
            "start": {
              "line": 67,
              "column": 27
            },
            "end": {
              "line": 67,
              "column": 36
            }
          },
          {
            "start": {
              "line": 68,
              "column": 10
            },
            "end": {
              "line": 72,
              "column": 12
            }
          }
        ],
        "line": 67
      },
      "4": {
        "loc": {
          "start": {
            "line": 74,
            "column": 9
          },
          "end": {
            "line": 74,
            "column": 66
          }
        },
        "type": "binary-expr",
        "locations": [
          {
            "start": {
              "line": 74,
              "column": 9
            },
            "end": {
              "line": 74,
              "column": 22
            }
          },
          {
            "start": {
              "line": 74,
              "column": 26
            },
            "end": {
              "line": 74,
              "column": 66
            }
          }
        ],
        "line": 74
      }
    },
    "s": {
      "0": 22,
      "1": 60,
      "2": 60,
      "3": 60,
      "4": 60,
      "5": 60,
      "6": 60,
      "7": 60,
      "8": 20,
      "9": 20,
      "10": 60,
      "11": 0,
      "12": 60,
      "13": 0,
      "14": 60
    },
    "f": {
      "0": 60,
      "1": 20,
      "2": 0
    },
    "b": {
      "0": [
        0,
        60
      ],
      "1": [
        0,
        0
      ],
      "2": [
        60,
        40,
        40,
        21
      ],
      "3": [
        60,
        40,
        0
      ],
      "4": [
        60,
        20
      ]
    },
    "_coverageSchema": "1a1c01bbd47fc00a2c39e90264f33305004495a9",
    "hash": "438d8426a8aba42f91902329778f62aa7a53cb67"
  },
  "/home/myros/Desktop/react-star-wars-api/src/components/FilmInfo/FilmInfo.tsx": {
    "path": "/home/myros/Desktop/react-star-wars-api/src/components/FilmInfo/FilmInfo.tsx",
    "statementMap": {
      "0": {
        "start": {
          "line": 6,
          "column": 15
        },
        "end": {
          "line": 6,
          "column": 47
        }
      },
      "1": {
        "start": {
          "line": 8,
          "column": 17
        },
        "end": {
          "line": 132,
          "column": 1
        }
      },
      "2": {
        "start": {
          "line": 10,
          "column": 15
        },
        "end": {
          "line": 10,
          "column": 25
        }
      },
      "3": {
        "start": {
          "line": 13,
          "column": 63
        },
        "end": {
          "line": 25,
          "column": 3
        }
      },
      "4": {
        "start": {
          "line": 18,
          "column": 4
        },
        "end": {
          "line": 24,
          "column": 6
        }
      },
      "5": {
        "start": {
          "line": 21,
          "column": 10
        },
        "end": {
          "line": 21,
          "column": 43
        }
      },
      "6": {
        "start": {
          "line": 26,
          "column": 59
        },
        "end": {
          "line": 32,
          "column": 3
        }
      },
      "7": {
        "start": {
          "line": 31,
          "column": 4
        },
        "end": {
          "line": 31,
          "column": 46
        }
      },
      "8": {
        "start": {
          "line": 33,
          "column": 59
        },
        "end": {
          "line": 39,
          "column": 3
        }
      },
      "9": {
        "start": {
          "line": 38,
          "column": 4
        },
        "end": {
          "line": 38,
          "column": 63
        }
      },
      "10": {
        "start": {
          "line": 42,
          "column": 30
        },
        "end": {
          "line": 112,
          "column": 3
        }
      },
      "11": {
        "start": {
          "line": 115,
          "column": 2
        },
        "end": {
          "line": 131,
          "column": 4
        }
      }
    },
    "fnMap": {
      "0": {
        "name": "(anonymous_0)",
        "decl": {
          "start": {
            "line": 8,
            "column": 17
          },
          "end": {
            "line": 8,
            "column": 18
          }
        },
        "loc": {
          "start": {
            "line": 8,
            "column": 38
          },
          "end": {
            "line": 132,
            "column": 1
          }
        },
        "line": 8
      },
      "1": {
        "name": "(anonymous_1)",
        "decl": {
          "start": {
            "line": 13,
            "column": 63
          },
          "end": {
            "line": 13,
            "column": 64
          }
        },
        "loc": {
          "start": {
            "line": 17,
            "column": 7
          },
          "end": {
            "line": 25,
            "column": 3
          }
        },
        "line": 17
      },
      "2": {
        "name": "(anonymous_2)",
        "decl": {
          "start": {
            "line": 20,
            "column": 30
          },
          "end": {
            "line": 20,
            "column": 31
          }
        },
        "loc": {
          "start": {
            "line": 20,
            "column": 59
          },
          "end": {
            "line": 22,
            "column": 9
          }
        },
        "line": 20
      },
      "3": {
        "name": "(anonymous_3)",
        "decl": {
          "start": {
            "line": 26,
            "column": 59
          },
          "end": {
            "line": 26,
            "column": 60
          }
        },
        "loc": {
          "start": {
            "line": 30,
            "column": 7
          },
          "end": {
            "line": 32,
            "column": 3
          }
        },
        "line": 30
      },
      "4": {
        "name": "(anonymous_4)",
        "decl": {
          "start": {
            "line": 33,
            "column": 59
          },
          "end": {
            "line": 33,
            "column": 60
          }
        },
        "loc": {
          "start": {
            "line": 37,
            "column": 7
          },
          "end": {
            "line": 39,
            "column": 3
          }
        },
        "line": 37
      }
    },
    "branchMap": {},
    "s": {
      "0": 22,
      "1": 22,
      "2": 5,
      "3": 5,
      "4": 5,
      "5": 10,
      "6": 5,
      "7": 25,
      "8": 5,
      "9": 15,
      "10": 5,
      "11": 5
    },
    "f": {
      "0": 5,
      "1": 5,
      "2": 10,
      "3": 25,
      "4": 15
    },
    "b": {},
    "_coverageSchema": "1a1c01bbd47fc00a2c39e90264f33305004495a9",
    "hash": "a0d469d8290d9832fbd4f6bd4c561bdc057e2cc4"
  },
  "/home/myros/Desktop/react-star-wars-api/src/store/filmSlice.ts": {
    "path": "/home/myros/Desktop/react-star-wars-api/src/store/filmSlice.ts",
    "statementMap": {
      "0": {
        "start": {
          "line": 5,
          "column": 32
        },
        "end": {
          "line": 10,
          "column": 1
        }
      },
      "1": {
        "start": {
          "line": 13,
          "column": 18
        },
        "end": {
          "line": 34,
          "column": 2
        }
      },
      "2": {
        "start": {
          "line": 21,
          "column": 6
        },
        "end": {
          "line": 21,
          "column": 27
        }
      },
      "3": {
        "start": {
          "line": 24,
          "column": 6
        },
        "end": {
          "line": 24,
          "column": 28
        }
      },
      "4": {
        "start": {
          "line": 25,
          "column": 6
        },
        "end": {
          "line": 25,
          "column": 35
        }
      },
      "5": {
        "start": {
          "line": 26,
          "column": 6
        },
        "end": {
          "line": 26,
          "column": 41
        }
      },
      "6": {
        "start": {
          "line": 29,
          "column": 6
        },
        "end": {
          "line": 29,
          "column": 28
        }
      },
      "7": {
        "start": {
          "line": 30,
          "column": 6
        },
        "end": {
          "line": 30,
          "column": 35
        }
      },
      "8": {
        "start": {
          "line": 31,
          "column": 6
        },
        "end": {
          "line": 31,
          "column": 35
        }
      },
      "9": {
        "start": {
          "line": 37,
          "column": 27
        },
        "end": {
          "line": 37,
          "column": 44
        }
      },
      "10": {
        "start": {
          "line": 40,
          "column": 34
        },
        "end": {
          "line": 40,
          "column": 70
        }
      },
      "11": {
        "start": {
          "line": 41,
          "column": 36
        },
        "end": {
          "line": 41,
          "column": 74
        }
      },
      "12": {
        "start": {
          "line": 42,
          "column": 33
        },
        "end": {
          "line": 42,
          "column": 68
        }
      },
      "13": {
        "start": {
          "line": 45,
          "column": 30
        },
        "end": {
          "line": 46,
          "column": 24
        }
      },
      "14": {
        "start": {
          "line": 46,
          "column": 2
        },
        "end": {
          "line": 46,
          "column": 24
        }
      },
      "15": {
        "start": {
          "line": 47,
          "column": 28
        },
        "end": {
          "line": 47,
          "column": 79
        }
      },
      "16": {
        "start": {
          "line": 47,
          "column": 61
        },
        "end": {
          "line": 47,
          "column": 79
        }
      },
      "17": {
        "start": {
          "line": 48,
          "column": 24
        },
        "end": {
          "line": 48,
          "column": 72
        }
      },
      "18": {
        "start": {
          "line": 48,
          "column": 56
        },
        "end": {
          "line": 48,
          "column": 72
        }
      },
      "19": {
        "start": {
          "line": 49,
          "column": 28
        },
        "end": {
          "line": 50,
          "column": 28
        }
      },
      "20": {
        "start": {
          "line": 50,
          "column": 2
        },
        "end": {
          "line": 50,
          "column": 28
        }
      }
    },
    "fnMap": {
      "0": {
        "name": "(anonymous_0)",
        "decl": {
          "start": {
            "line": 17,
            "column": 4
          },
          "end": {
            "line": 17,
            "column": 5
          }
        },
        "loc": {
          "start": {
            "line": 20,
            "column": 12
          },
          "end": {
            "line": 22,
            "column": 5
          }
        },
        "line": 20
      },
      "1": {
        "name": "(anonymous_1)",
        "decl": {
          "start": {
            "line": 23,
            "column": 4
          },
          "end": {
            "line": 23,
            "column": 5
          }
        },
        "loc": {
          "start": {
            "line": 23,
            "column": 73
          },
          "end": {
            "line": 27,
            "column": 5
          }
        },
        "line": 23
      },
      "2": {
        "name": "(anonymous_2)",
        "decl": {
          "start": {
            "line": 28,
            "column": 4
          },
          "end": {
            "line": 28,
            "column": 5
          }
        },
        "loc": {
          "start": {
            "line": 28,
            "column": 66
          },
          "end": {
            "line": 32,
            "column": 5
          }
        },
        "line": 28
      },
      "3": {
        "name": "(anonymous_3)",
        "decl": {
          "start": {
            "line": 45,
            "column": 30
          },
          "end": {
            "line": 45,
            "column": 31
          }
        },
        "loc": {
          "start": {
            "line": 46,
            "column": 2
          },
          "end": {
            "line": 46,
            "column": 24
          }
        },
        "line": 46
      },
      "4": {
        "name": "(anonymous_4)",
        "decl": {
          "start": {
            "line": 47,
            "column": 28
          },
          "end": {
            "line": 47,
            "column": 29
          }
        },
        "loc": {
          "start": {
            "line": 47,
            "column": 61
          },
          "end": {
            "line": 47,
            "column": 79
          }
        },
        "line": 47
      },
      "5": {
        "name": "(anonymous_5)",
        "decl": {
          "start": {
            "line": 48,
            "column": 24
          },
          "end": {
            "line": 48,
            "column": 25
          }
        },
        "loc": {
          "start": {
            "line": 48,
            "column": 56
          },
          "end": {
            "line": 48,
            "column": 72
          }
        },
        "line": 48
      },
      "6": {
        "name": "(anonymous_6)",
        "decl": {
          "start": {
            "line": 49,
            "column": 28
          },
          "end": {
            "line": 49,
            "column": 29
          }
        },
        "loc": {
          "start": {
            "line": 50,
            "column": 2
          },
          "end": {
            "line": 50,
            "column": 28
          }
        },
        "line": 50
      }
    },
    "branchMap": {},
    "s": {
      "0": 22,
      "1": 22,
      "2": 5,
      "3": 5,
      "4": 5,
      "5": 5,
      "6": 0,
      "7": 0,
      "8": 0,
      "9": 22,
      "10": 22,
      "11": 22,
      "12": 22,
      "13": 22,
      "14": 31,
      "15": 22,
      "16": 21,
      "17": 22,
      "18": 41,
      "19": 22,
      "20": 31
    },
    "f": {
      "0": 5,
      "1": 5,
      "2": 0,
      "3": 31,
      "4": 21,
      "5": 41,
      "6": 31
    },
    "b": {},
    "_coverageSchema": "1a1c01bbd47fc00a2c39e90264f33305004495a9",
    "hash": "5b4c347a98b85977ffe5bbc9ccb149dd415c4251"
  },
  "/home/myros/Desktop/react-star-wars-api/src/pages/Film.tsx": {
    "path": "/home/myros/Desktop/react-star-wars-api/src/pages/Film.tsx",
    "statementMap": {
      "0": {
        "start": {
          "line": 20,
          "column": 13
        },
        "end": {
          "line": 90,
          "column": 1
        }
      },
      "1": {
        "start": {
          "line": 22,
          "column": 23
        },
        "end": {
          "line": 22,
          "column": 34
        }
      },
      "2": {
        "start": {
          "line": 25,
          "column": 41
        },
        "end": {
          "line": 25,
          "column": 68
        }
      },
      "3": {
        "start": {
          "line": 26,
          "column": 33
        },
        "end": {
          "line": 26,
          "column": 58
        }
      },
      "4": {
        "start": {
          "line": 27,
          "column": 28
        },
        "end": {
          "line": 27,
          "column": 49
        }
      },
      "5": {
        "start": {
          "line": 28,
          "column": 38
        },
        "end": {
          "line": 28,
          "column": 63
        }
      },
      "6": {
        "start": {
          "line": 31,
          "column": 28
        },
        "end": {
          "line": 31,
          "column": 43
        }
      },
      "7": {
        "start": {
          "line": 34,
          "column": 17
        },
        "end": {
          "line": 34,
          "column": 36
        }
      },
      "8": {
        "start": {
          "line": 37,
          "column": 18
        },
        "end": {
          "line": 37,
          "column": 31
        }
      },
      "9": {
        "start": {
          "line": 40,
          "column": 25
        },
        "end": {
          "line": 40,
          "column": 38
        }
      },
      "10": {
        "start": {
          "line": 43,
          "column": 2
        },
        "end": {
          "line": 46,
          "column": 38
        }
      },
      "11": {
        "start": {
          "line": 44,
          "column": 21
        },
        "end": {
          "line": 44,
          "column": 75
        }
      },
      "12": {
        "start": {
          "line": 45,
          "column": 4
        },
        "end": {
          "line": 45,
          "column": 49
        }
      },
      "13": {
        "start": {
          "line": 50,
          "column": 4
        },
        "end": {
          "line": 50,
          "column": 63
        }
      },
      "14": {
        "start": {
          "line": 52,
          "column": 19
        },
        "end": {
          "line": 52,
          "column": 47
        }
      },
      "15": {
        "start": {
          "line": 56,
          "column": 2
        },
        "end": {
          "line": 58,
          "column": 3
        }
      },
      "16": {
        "start": {
          "line": 57,
          "column": 4
        },
        "end": {
          "line": 57,
          "column": 69
        }
      },
      "17": {
        "start": {
          "line": 61,
          "column": 23
        },
        "end": {
          "line": 63,
          "column": 3
        }
      },
      "18": {
        "start": {
          "line": 62,
          "column": 4
        },
        "end": {
          "line": 62,
          "column": 21
        }
      },
      "19": {
        "start": {
          "line": 66,
          "column": 24
        },
        "end": {
          "line": 68,
          "column": 3
        }
      },
      "20": {
        "start": {
          "line": 67,
          "column": 4
        },
        "end": {
          "line": 67,
          "column": 16
        }
      },
      "21": {
        "start": {
          "line": 71,
          "column": 2
        },
        "end": {
          "line": 89,
          "column": 4
        }
      }
    },
    "fnMap": {
      "0": {
        "name": "(anonymous_0)",
        "decl": {
          "start": {
            "line": 20,
            "column": 13
          },
          "end": {
            "line": 20,
            "column": 14
          }
        },
        "loc": {
          "start": {
            "line": 20,
            "column": 29
          },
          "end": {
            "line": 90,
            "column": 1
          }
        },
        "line": 20
      },
      "1": {
        "name": "(anonymous_1)",
        "decl": {
          "start": {
            "line": 43,
            "column": 12
          },
          "end": {
            "line": 43,
            "column": 13
          }
        },
        "loc": {
          "start": {
            "line": 43,
            "column": 18
          },
          "end": {
            "line": 46,
            "column": 3
          }
        },
        "line": 43
      },
      "2": {
        "name": "(anonymous_2)",
        "decl": {
          "start": {
            "line": 61,
            "column": 23
          },
          "end": {
            "line": 61,
            "column": 24
          }
        },
        "loc": {
          "start": {
            "line": 61,
            "column": 29
          },
          "end": {
            "line": 63,
            "column": 3
          }
        },
        "line": 61
      },
      "3": {
        "name": "(anonymous_3)",
        "decl": {
          "start": {
            "line": 66,
            "column": 24
          },
          "end": {
            "line": 66,
            "column": 25
          }
        },
        "loc": {
          "start": {
            "line": 66,
            "column": 30
          },
          "end": {
            "line": 68,
            "column": 3
          }
        },
        "line": 66
      }
    },
    "branchMap": {
      "0": {
        "loc": {
          "start": {
            "line": 56,
            "column": 2
          },
          "end": {
            "line": 58,
            "column": 3
          }
        },
        "type": "if",
        "locations": [
          {
            "start": {
              "line": 56,
              "column": 2
            },
            "end": {
              "line": 58,
              "column": 3
            }
          },
          {
            "start": {
              "line": 56,
              "column": 2
            },
            "end": {
              "line": 58,
              "column": 3
            }
          }
        ],
        "line": 56
      },
      "1": {
        "loc": {
          "start": {
            "line": 57,
            "column": 23
          },
          "end": {
            "line": 57,
            "column": 68
          }
        },
        "type": "cond-expr",
        "locations": [
          {
            "start": {
              "line": 57,
              "column": 47
            },
            "end": {
              "line": 57,
              "column": 57
            }
          },
          {
            "start": {
              "line": 57,
              "column": 60
            },
            "end": {
              "line": 57,
              "column": 68
            }
          }
        ],
        "line": 57
      },
      "2": {
        "loc": {
          "start": {
            "line": 75,
            "column": 9
          },
          "end": {
            "line": 77,
            "column": 9
          }
        },
        "type": "binary-expr",
        "locations": [
          {
            "start": {
              "line": 75,
              "column": 9
            },
            "end": {
              "line": 75,
              "column": 23
            }
          },
          {
            "start": {
              "line": 75,
              "column": 27
            },
            "end": {
              "line": 75,
              "column": 37
            }
          },
          {
            "start": {
              "line": 75,
              "column": 41
            },
            "end": {
              "line": 75,
              "column": 59
            }
          },
          {
            "start": {
              "line": 76,
              "column": 10
            },
            "end": {
              "line": 76,
              "column": 41
            }
          }
        ],
        "line": 75
      },
      "3": {
        "loc": {
          "start": {
            "line": 78,
            "column": 9
          },
          "end": {
            "line": 84,
            "column": 9
          }
        },
        "type": "binary-expr",
        "locations": [
          {
            "start": {
              "line": 78,
              "column": 9
            },
            "end": {
              "line": 78,
              "column": 23
            }
          },
          {
            "start": {
              "line": 78,
              "column": 27
            },
[...]
            "line": 19,
            "column": 34
          }
        },
        "loc": {
          "start": {
            "line": 19,
            "column": 39
          },
          "end": {
            "line": 21,
            "column": 5
          }
        },
        "line": 19
      }
    },
    "branchMap": {
      "0": {
        "loc": {
          "start": {
            "line": 12,
            "column": 24
          },
          "end": {
            "line": 12,
            "column": 77
          }
        },
        "type": "cond-expr",
        "locations": [
          {
            "start": {
              "line": 12,
              "column": 48
            },
            "end": {
              "line": 12,
              "column": 69
            }
          },
          {
            "start": {
              "line": 12,
              "column": 72
            },
            "end": {
              "line": 12,
              "column": 77
            }
          }
        ],
        "line": 12
      },
      "1": {
        "loc": {
          "start": {
            "line": 13,
            "column": 25
          },
          "end": {
            "line": 13,
            "column": 77
          }
        },
        "type": "cond-expr",
        "locations": [
          {
            "start": {
              "line": 13,
              "column": 50
            },
            "end": {
              "line": 13,
              "column": 72
            }
          },
          {
            "start": {
              "line": 13,
              "column": 75
            },
            "end": {
              "line": 13,
              "column": 77
            }
          }
        ],
        "line": 13
      },
      "2": {
        "loc": {
          "start": {
            "line": 14,
            "column": 22
          },
          "end": {
            "line": 14,
            "column": 70
          }
        },
        "type": "cond-expr",
        "locations": [
          {
            "start": {
              "line": 14,
              "column": 44
            },
            "end": {
              "line": 14,
              "column": 63
            }
          },
          {
            "start": {
              "line": 14,
              "column": 66
            },
            "end": {
              "line": 14,
              "column": 70
            }
          }
        ],
        "line": 14
      },
      "3": {
        "loc": {
          "start": {
            "line": 17,
            "column": 21
          },
          "end": {
            "line": 17,
            "column": 55
          }
        },
        "type": "cond-expr",
        "locations": [
          {
            "start": {
              "line": 17,
              "column": 36
            },
            "end": {
              "line": 17,
              "column": 48
            }
          },
          {
            "start": {
              "line": 17,
              "column": 51
            },
            "end": {
              "line": 17,
              "column": 55
            }
          }
        ],
        "line": 17
      },
      "4": {
        "loc": {
          "start": {
            "line": 44,
            "column": 4
          },
          "end": {
            "line": 44,
            "column": 57
          }
        },
        "type": "if",
        "locations": [
          {
            "start": {
              "line": 44,
              "column": 4
            },
            "end": {
              "line": 44,
              "column": 57
            }
          },
          {
            "start": {
              "line": 44,
              "column": 4
            },
            "end": {
              "line": 44,
              "column": 57
            }
          }
        ],
        "line": 44
      },
      "5": {
        "loc": {
          "start": {
            "line": 72,
            "column": 4
          },
          "end": {
            "line": 76,
            "column": 49
          }
        },
        "type": "if",
        "locations": [
          {
            "start": {
              "line": 72,
              "column": 4
            },
            "end": {
              "line": 76,
              "column": 49
            }
          },
          {
            "start": {
              "line": 72,
              "column": 4
            },
            "end": {
              "line": 76,
              "column": 49
            }
          }
        ],
        "line": 72
      },
      "6": {
        "loc": {
          "start": {
            "line": 74,
            "column": 8
          },
          "end": {
            "line": 74,
            "column": 58
          }
        },
        "type": "cond-expr",
        "locations": [
          {
            "start": {
              "line": 74,
              "column": 38
            },
            "end": {
              "line": 74,
              "column": 45
            }
          },
          {
            "start": {
              "line": 74,
              "column": 48
            },
            "end": {
              "line": 74,
              "column": 58
            }
          }
        ],
        "line": 74
      }
    },
    "s": {
      "0": 5,
      "1": 5,
      "2": 5,
      "3": 5,
      "4": 5,
      "5": 5,
      "6": 5,
      "7": 5,
      "8": 5,
      "9": 0,
      "10": 5,
      "11": 5,
      "12": 5,
      "13": 5,
      "14": 0,
      "15": 5,
      "16": 5,
      "17": 5,
      "18": 0,
      "19": 0,
      "20": 0,
      "21": 0
    },
    "f": {
      "0": 5,
      "1": 0
    },
    "b": {
      "0": [
        0,
        5
      ],
      "1": [
        0,
        5
      ],
      "2": [
        0,
        5
      ],
      "3": [
        0,
        5
      ],
      "4": [
        0,
        5
      ],
      "5": [
        0,
        0
      ],
      "6": [
        0,
        0
      ]
    },
    "_coverageSchema": "1a1c01bbd47fc00a2c39e90264f33305004495a9",
    "hash": "a46007cae876b175aef1deae92e5a84f83d69c62"
  },
  "/home/myros/Desktop/react-star-wars-api/src/sagas/authSaga.ts": {
    "path": "/home/myros/Desktop/react-star-wars-api/src/sagas/authSaga.ts",
    "statementMap": {
      "0": {
        "start": {
          "line": 12,
          "column": 2
        },
        "end": {
          "line": 18,
          "column": 3
        }
      },
      "1": {
        "start": {
          "line": 13,
          "column": 4
        },
        "end": {
          "line": 13,
          "column": 52
        }
      },
      "2": {
        "start": {
          "line": 14,
          "column": 4
        },
        "end": {
          "line": 14,
          "column": 30
        }
      },
      "3": {
        "start": {
          "line": 16,
          "column": 4
        },
        "end": {
          "line": 17,
          "column": 45
        }
      },
      "4": {
        "start": {
          "line": 16,
          "column": 35
        },
        "end": {
          "line": 16,
          "column": 63
        }
      },
      "5": {
        "start": {
          "line": 17,
          "column": 9
        },
        "end": {
          "line": 17,
          "column": 45
        }
      },
      "6": {
        "start": {
          "line": 22,
          "column": 2
        },
        "end": {
          "line": 28,
          "column": 3
        }
      },
      "7": {
        "start": {
          "line": 23,
          "column": 4
        },
        "end": {
          "line": 23,
          "column": 53
        }
      },
      "8": {
        "start": {
          "line": 24,
          "column": 4
        },
        "end": {
          "line": 24,
          "column": 31
        }
      },
      "9": {
        "start": {
          "line": 26,
          "column": 4
        },
        "end": {
          "line": 27,
          "column": 47
        }
      },
      "10": {
        "start": {
          "line": 26,
          "column": 35
        },
        "end": {
          "line": 26,
          "column": 64
        }
      },
      "11": {
        "start": {
          "line": 27,
          "column": 9
        },
        "end": {
          "line": 27,
          "column": 47
        }
      }
    },
    "fnMap": {
      "0": {
        "name": "watchLoginSaga",
        "decl": {
          "start": {
            "line": 11,
            "column": 17
          },
          "end": {
            "line": 11,
            "column": 31
          }
        },
        "loc": {
          "start": {
            "line": 11,
            "column": 34
          },
          "end": {
            "line": 19,
            "column": 1
          }
        },
        "line": 11
      },
      "1": {
        "name": "watchLogOutSaga",
        "decl": {
          "start": {
            "line": 21,
            "column": 17
          },
          "end": {
            "line": 21,
            "column": 32
          }
        },
        "loc": {
          "start": {
            "line": 21,
            "column": 35
          },
          "end": {
            "line": 29,
            "column": 1
          }
        },
        "line": 21
      }
    },
    "branchMap": {
      "0": {
        "loc": {
          "start": {
            "line": 16,
            "column": 4
          },
          "end": {
            "line": 17,
            "column": 45
          }
        },
        "type": "if",
        "locations": [
          {
            "start": {
              "line": 16,
              "column": 4
            },
            "end": {
              "line": 17,
              "column": 45
            }
          },
          {
            "start": {
              "line": 16,
              "column": 4
            },
            "end": {
              "line": 17,
              "column": 45
            }
          }
        ],
        "line": 16
      },
      "1": {
        "loc": {
          "start": {
            "line": 26,
            "column": 4
          },
          "end": {
            "line": 27,
            "column": 47
          }
        },
        "type": "if",
        "locations": [
          {
            "start": {
              "line": 26,
              "column": 4
            },
            "end": {
              "line": 27,
              "column": 47
            }
          },
          {
            "start": {
              "line": 26,
              "column": 4
            },
            "end": {
              "line": 27,
              "column": 47
            }
          }
        ],
        "line": 26
      }
    },
    "s": {
      "0": 18,
      "1": 18,
      "2": 18,
      "3": 0,
      "4": 0,
      "5": 0,
      "6": 16,
      "7": 16,
      "8": 16,
      "9": 0,
      "10": 0,
      "11": 0
    },
    "f": {
      "0": 18,
      "1": 16
    },
    "b": {
      "0": [
        0,
        0
      ],
      "1": [
        0,
        0
      ]
    },
    "_coverageSchema": "1a1c01bbd47fc00a2c39e90264f33305004495a9",
    "hash": "fdb6c377014d4122e1bdeab07ce06a75c064205e"
  },
  "/home/myros/Desktop/react-star-wars-api/src/sagas/rootSagas.ts": {
    "path": "/home/myros/Desktop/react-star-wars-api/src/sagas/rootSagas.ts",
    "statementMap": {
      "0": {
        "start": {
          "line": 12,
          "column": 2
        },
        "end": {
          "line": 12,
          "column": 67
        }
      },
      "1": {
        "start": {
          "line": 13,
          "column": 2
        },
        "end": {
          "line": 13,
          "column": 73
        }
      },
      "2": {
        "start": {
          "line": 14,
          "column": 2
        },
        "end": {
          "line": 14,
          "column": 53
        }
      },
      "3": {
        "start": {
          "line": 15,
          "column": 2
        },
        "end": {
          "line": 15,
          "column": 55
        }
      }
    },
    "fnMap": {
      "0": {
        "name": "rootSagas",
        "decl": {
          "start": {
            "line": 11,
            "column": 10
          },
          "end": {
            "line": 11,
            "column": 19
          }
        },
        "loc": {
          "start": {
            "line": 11,
            "column": 22
          },
          "end": {
            "line": 16,
            "column": 1
          }
        },
        "line": 11
      }
    },
    "branchMap": {},
    "s": {
      "0": 22,
      "1": 22,
      "2": 22,
      "3": 22
    },
    "f": {
      "0": 22
    },
    "b": {},
    "_coverageSchema": "1a1c01bbd47fc00a2c39e90264f33305004495a9",
    "hash": "aa71b44204a3be24b0883a8a7dbb022bbdf7f27f"
  },
  "/home/myros/Desktop/react-star-wars-api/src/store/store.ts": {
    "path": "/home/myros/Desktop/react-star-wars-api/src/store/store.ts",
    "statementMap": {
      "0": {
        "start": {
          "line": 12,
          "column": 23
        },
        "end": {
          "line": 12,
          "column": 45
        }
      },
      "1": {
        "start": {
          "line": 13,
          "column": 27
        },
        "end": {
          "line": 17,
          "column": 1
        }
      },
      "2": {
        "start": {
          "line": 20,
          "column": 19
        },
        "end": {
          "line": 23,
          "column": 2
        }
      },
      "3": {
        "start": {
          "line": 24,
          "column": 0
        },
        "end": {
          "line": 24,
          "column": 30
        }
      }
    },
    "fnMap": {},
    "branchMap": {},
    "s": {
      "0": 22,
      "1": 22,
      "2": 22,
      "3": 22
    },
    "f": {},
    "b": {},
    "_coverageSchema": "1a1c01bbd47fc00a2c39e90264f33305004495a9",
    "hash": "1dc8863c8f763e6378d8dc485b8c519917f85cb2"
  },
  "/home/myros/Desktop/react-star-wars-api/src/index.tsx": {
    "path": "/home/myros/Desktop/react-star-wars-api/src/index.tsx",
    "statementMap": {
      "0": {
        "start": {
          "line": 12,
          "column": 2
        },
        "end": {
          "line": 12,
          "column": 75
        }
      },
      "1": {
        "start": {
          "line": 16,
          "column": 24
        },
        "end": {
          "line": 16,
          "column": 50
        }
      },
      "2": {
        "start": {
          "line": 18,
          "column": 19
        },
        "end": {
          "line": 22,
          "column": 1
        }
      },
      "3": {
        "start": {
          "line": 19,
          "column": 2
        },
        "end": {
          "line": 21,
          "column": 3
        }
      },
      "4": {
        "start": {
          "line": 20,
          "column": 4
        },
        "end": {
          "line": 20,
          "column": 25
        }
      },
      "5": {
        "start": {
          "line": 24,
          "column": 0
        },
        "end": {
          "line": 33,
          "column": 3
        }
      },
      "6": {
        "start": {
          "line": 25,
          "column": 15
        },
        "end": {
          "line": 25,
          "column": 68
        }
      },
      "7": {
        "start": {
          "line": 26,
          "column": 2
        },
        "end": {
          "line": 32,
          "column": 4
        }
      }
    },
    "fnMap": {
      "0": {
        "name": "(anonymous_0)",
        "decl": {
          "start": {
            "line": 18,
            "column": 19
          },
          "end": {
            "line": 18,
            "column": 20
          }
        },
        "loc": {
          "start": {
            "line": 18,
            "column": 31
          },
          "end": {
            "line": 22,
            "column": 1
          }
        },
        "line": 18
      },
      "1": {
        "name": "(anonymous_1)",
        "decl": {
          "start": {
            "line": 24,
            "column": 18
          },
          "end": {
            "line": 24,
            "column": 19
          }
        },
        "loc": {
          "start": {
            "line": 24,
            "column": 24
          },
          "end": {
            "line": 33,
            "column": 1
          }
        },
        "line": 24
      }
    },
    "branchMap": {
      "0": {
        "loc": {
          "start": {
            "line": 12,
            "column": 2
          },
          "end": {
            "line": 12,
            "column": 75
          }
        },
        "type": "binary-expr",
        "locations": [
          {
            "start": {
              "line": 12,
              "column": 2
            },
            "end": {
              "line": 12,
              "column": 36
            }
          },
          {
            "start": {
              "line": 12,
              "column": 40
            },
            "end": {
              "line": 12,
              "column": 75
            }
          }
        ],
        "line": 12
      },
      "1": {
        "loc": {
          "start": {
            "line": 16,
            "column": 24
          },
          "end": {
            "line": 16,
            "column": 50
          }
        },
        "type": "binary-expr",
        "locations": [
          {
            "start": {
              "line": 16,
              "column": 24
            },
            "end": {
              "line": 16,
              "column": 38
            }
          },
          {
            "start": {
              "line": 16,
              "column": 42
            },
            "end": {
              "line": 16,
              "column": 50
            }
          }
        ],
        "line": 16
      },
      "2": {
        "loc": {
          "start": {
            "line": 19,
            "column": 2
          },
          "end": {
            "line": 21,
            "column": 3
          }
        },
        "type": "if",
        "locations": [
          {
            "start": {
              "line": 19,
              "column": 2
            },
            "end": {
              "line": 21,
              "column": 3
            }
          },
          {
            "start": {
              "line": 19,
              "column": 2
            },
            "end": {
              "line": 21,
              "column": 3
            }
          }
        ],
        "line": 19
      }
    },
    "s": {
      "0": 22,
      "1": 22,
      "2": 22,
      "3": 22,
      "4": 22,
      "5": 22,
      "6": 22,
      "7": 22
    },
    "f": {
      "0": 22,
      "1": 22
    },
    "b": {
      "0": [
        22,
        22
      ],
      "1": [
        22,
        22
      ],
      "2": [
        22,
        0
      ]
    },
    "_coverageSchema": "1a1c01bbd47fc00a2c39e90264f33305004495a9",
    "hash": "48c4b37b5e6a9088f3f25bff0e9fd819d26afa87"
  },
  "/home/myros/Desktop/react-star-wars-api/src/image.d.ts": {
    "path": "/home/myros/Desktop/react-star-wars-api/src/image.d.ts",
    "statementMap": {},
    "fnMap": {},
    "branchMap": {},
    "s": {},
    "f": {},
    "b": {}
  },
  "/home/myros/Desktop/react-star-wars-api/src/index.d.ts": {
    "path": "/home/myros/Desktop/react-star-wars-api/src/index.d.ts",
    "statementMap": {},
    "fnMap": {},
    "branchMap": {},
    "s": {},
    "f": {},
    "b": {}
  },
  "/home/myros/Desktop/react-star-wars-api/src/react-app-env.d.ts": {
    "path": "/home/myros/Desktop/react-star-wars-api/src/react-app-env.d.ts",
    "statementMap": {},
    "fnMap": {},
    "branchMap": {},
    "s": {},
    "f": {},
    "b": {}
  },
  "/home/myros/Desktop/react-star-wars-api/src/types/AllTypes.ts": {
    "path": "/home/myros/Desktop/react-star-wars-api/src/types/AllTypes.ts",
    "statementMap": {},
    "fnMap": {},
    "branchMap": {},
    "s": {},
    "f": {},
    "b": {}
  },
  "/home/myros/Desktop/react-star-wars-api/src/types/index.d.ts": {
    "path": "/home/myros/Desktop/react-star-wars-api/src/types/index.d.ts",
    "statementMap": {},
    "fnMap": {},
    "branchMap": {},
    "s": {},
    "f": {},
    "b": {}
  }
}
