{
  "/Users/kostast/Documents/GitHub/react-star-wars-api/src/components/UI/Star.tsx": {
    "path": "/Users/kostast/Documents/GitHub/react-star-wars-api/src/components/UI/Star.tsx",
    "statementMap": {
      "0": {
        "start": {
          "line": 5,
          "column": 40
        },
        "end": {
          "line": 20,
          "column": 1
        }
      },
      "1": {
        "start": {
          "line": 11,
          "column": 22
        },
        "end": {
          "line": 17,
          "column": 3
        }
      },
      "2": {
        "start": {
          "line": 19,
          "column": 2
        },
        "end": {
          "line": 19,
          "column": 58
        }
      }
    },
    "fnMap": {
      "0": {
        "name": "(anonymous_0)",
        "decl": {
          "start": {
            "line": 5,
            "column": 40
          },
          "end": {
            "line": 5,
            "column": 41
          }
        },
        "loc": {
          "start": {
            "line": 9,
            "column": 20
          },
          "end": {
            "line": 20,
            "column": 1
          }
        },
        "line": 9
      }
    },
    "branchMap": {},
    "s": {
      "0": 50,
      "1": 25000,
      "2": 25000
    },
    "f": {
      "0": 25000
    },
    "b": {},
    "_coverageSchema": "1a1c01bbd47fc00a2c39e90264f33305004495a9",
    "hash": "e53e038fe2548fe65138706f49ddd35f71eabb85"
  },
  "/Users/kostast/Documents/GitHub/react-star-wars-api/src/components/UI/Stars.tsx": {
    "path": "/Users/kostast/Documents/GitHub/react-star-wars-api/src/components/UI/Stars.tsx",
    "statementMap": {
      "0": {
        "start": {
          "line": 6,
          "column": 36
        },
        "end": {
          "line": 40,
          "column": 1
        }
      },
      "1": {
        "start": {
          "line": 10,
          "column": 21
        },
        "end": {
          "line": 10,
          "column": 23
        }
      },
      "2": {
        "start": {
          "line": 13,
          "column": 41
        },
        "end": {
          "line": 15,
          "column": 3
        }
      },
      "3": {
        "start": {
          "line": 14,
          "column": 4
        },
        "end": {
          "line": 14,
          "column": 47
        }
      },
      "4": {
        "start": {
          "line": 19,
          "column": 2
        },
        "end": {
          "line": 37,
          "column": 3
        }
      },
      "5": {
        "start": {
          "line": 19,
          "column": 21
        },
        "end": {
          "line": 19,
          "column": 22
        }
      },
      "6": {
        "start": {
          "line": 21,
          "column": 4
        },
        "end": {
          "line": 21,
          "column": 67
        }
      },
      "7": {
        "start": {
          "line": 22,
          "column": 4
        },
        "end": {
          "line": 22,
          "column": 34
        }
      },
      "8": {
        "start": {
          "line": 23,
          "column": 4
        },
        "end": {
          "line": 26,
          "column": 6
        }
      },
      "9": {
        "start": {
          "line": 29,
          "column": 4
        },
        "end": {
          "line": 36,
          "column": 6
        }
      },
      "10": {
        "start": {
          "line": 39,
          "column": 2
        },
        "end": {
          "line": 39,
          "column": 53
        }
      }
    },
    "fnMap": {
      "0": {
        "name": "(anonymous_0)",
        "decl": {
          "start": {
            "line": 6,
            "column": 36
          },
          "end": {
            "line": 6,
            "column": 37
          }
        },
        "loc": {
          "start": {
            "line": 9,
            "column": 20
          },
          "end": {
            "line": 40,
            "column": 1
          }
        },
        "line": 9
      },
      "1": {
        "name": "(anonymous_1)",
        "decl": {
          "start": {
            "line": 13,
            "column": 41
          },
          "end": {
            "line": 13,
            "column": 42
          }
        },
        "loc": {
          "start": {
            "line": 13,
            "column": 66
          },
          "end": {
            "line": 15,
            "column": 3
          }
        },
        "line": 13
      }
    },
    "branchMap": {},
    "s": {
      "0": 50,
      "1": 50,
      "2": 50,
      "3": 75000,
      "4": 50,
      "5": 50,
      "6": 25000,
      "7": 25000,
      "8": 25000,
      "9": 25000,
      "10": 50
    },
    "f": {
      "0": 50,
      "1": 75000
    },
    "b": {},
    "_coverageSchema": "1a1c01bbd47fc00a2c39e90264f33305004495a9",
    "hash": "4d2e840368834ebc3ac05fa5c583273c8c4ac8e2"
  },
  "/Users/kostast/Documents/GitHub/react-star-wars-api/src/components/UI/Button.tsx": {
    "path": "/Users/kostast/Documents/GitHub/react-star-wars-api/src/components/UI/Button.tsx",
    "statementMap": {
      "0": {
        "start": {
          "line": 3,
          "column": 15
        },
        "end": {
          "line": 3,
          "column": 45
        }
      },
      "1": {
        "start": {
          "line": 5,
          "column": 40
        },
        "end": {
          "line": 22,
          "column": 1
        }
      },
      "2": {
        "start": {
          "line": 12,
          "column": 2
        },
        "end": {
          "line": 21,
          "column": 4
        }
      }
    },
    "fnMap": {
      "0": {
        "name": "(anonymous_0)",
        "decl": {
          "start": {
            "line": 5,
            "column": 40
          },
          "end": {
            "line": 5,
            "column": 41
          }
        },
        "loc": {
          "start": {
            "line": 11,
            "column": 20
          },
          "end": {
            "line": 22,
            "column": 1
          }
        },
        "line": 11
      }
    },
    "branchMap": {
      "0": {
        "loc": {
          "start": {
            "line": 10,
            "column": 2
          },
          "end": {
            "line": 10,
            "column": 16
          }
        },
        "type": "default-arg",
        "locations": [
          {
            "start": {
              "line": 10,
              "column": 14
            },
            "end": {
              "line": 10,
              "column": 16
            }
          }
        ],
        "line": 10
      },
      "1": {
        "loc": {
          "start": {
            "line": 14,
            "column": 12
          },
          "end": {
            "line": 14,
            "column": 28
          }
        },
        "type": "binary-expr",
        "locations": [
          {
            "start": {
              "line": 14,
              "column": 12
            },
            "end": {
              "line": 14,
              "column": 16
            }
          },
          {
            "start": {
              "line": 14,
              "column": 20
            },
            "end": {
              "line": 14,
              "column": 28
            }
          }
        ],
        "line": 14
      },
      "2": {
        "loc": {
          "start": {
            "line": 15,
            "column": 16
          },
          "end": {
            "line": 15,
            "column": 33
          }
        },
        "type": "binary-expr",
        "locations": [
          {
            "start": {
              "line": 15,
              "column": 16
            },
            "end": {
              "line": 15,
              "column": 24
            }
          },
          {
            "start": {
              "line": 15,
              "column": 28
            },
            "end": {
              "line": 15,
              "column": 33
            }
          }
        ],
        "line": 15
      },
      "3": {
        "loc": {
          "start": {
            "line": 16,
            "column": 37
          },
          "end": {
            "line": 16,
            "column": 52
          }
        },
        "type": "binary-expr",
        "locations": [
          {
            "start": {
              "line": 16,
              "column": 37
            },
            "end": {
              "line": 16,
              "column": 46
            }
          },
          {
            "start": {
              "line": 16,
              "column": 50
            },
            "end": {
              "line": 16,
              "column": 52
            }
          }
        ],
        "line": 16
      }
    },
    "s": {
      "0": 50,
      "1": 50,
      "2": 1601
    },
    "f": {
      "0": 1601
    },
    "b": {
      "0": [
        1601
      ],
      "1": [
        1601,
        147
      ],
      "2": [
        1601,
        791
      ],
      "3": [
        1601,
        1601
      ]
    },
    "_coverageSchema": "1a1c01bbd47fc00a2c39e90264f33305004495a9",
    "hash": "a4147099e03a84ebbd27a934ee4cab49ea738c23"
  },
  "/Users/kostast/Documents/GitHub/react-star-wars-api/src/store/authSlice.ts": {
    "path": "/Users/kostast/Documents/GitHub/react-star-wars-api/src/store/authSlice.ts",
    "statementMap": {
      "0": {
        "start": {
          "line": 5,
          "column": 36
        },
        "end": {
          "line": 11,
          "column": 1
        }
      },
      "1": {
        "start": {
          "line": 14,
          "column": 18
        },
        "end": {
          "line": 41,
          "column": 2
        }
      },
      "2": {
        "start": {
          "line": 19,
          "column": 6
        },
        "end": {
          "line": 19,
          "column": 33
        }
      },
      "3": {
        "start": {
          "line": 22,
          "column": 6
        },
        "end": {
          "line": 22,
          "column": 34
        }
      },
      "4": {
        "start": {
          "line": 23,
          "column": 6
        },
        "end": {
          "line": 23,
          "column": 35
        }
      },
      "5": {
        "start": {
          "line": 26,
          "column": 6
        },
        "end": {
          "line": 26,
          "column": 34
        }
      },
      "6": {
        "start": {
          "line": 27,
          "column": 6
        },
        "end": {
          "line": 27,
          "column": 40
        }
      },
      "7": {
        "start": {
          "line": 30,
          "column": 6
        },
        "end": {
          "line": 30,
          "column": 34
        }
      },
      "8": {
        "start": {
          "line": 33,
          "column": 6
        },
        "end": {
          "line": 33,
          "column": 35
        }
      },
      "9": {
        "start": {
          "line": 34,
          "column": 6
        },
        "end": {
          "line": 34,
          "column": 36
        }
      },
      "10": {
        "start": {
          "line": 37,
          "column": 6
        },
        "end": {
          "line": 37,
          "column": 35
        }
      },
      "11": {
        "start": {
          "line": 38,
          "column": 6
        },
        "end": {
          "line": 38,
          "column": 41
        }
      },
      "12": {
        "start": {
          "line": 44,
          "column": 27
        },
        "end": {
          "line": 44,
          "column": 44
        }
      },
      "13": {
        "start": {
          "line": 47,
          "column": 26
        },
        "end": {
          "line": 47,
          "column": 54
        }
      },
      "14": {
        "start": {
          "line": 48,
          "column": 28
        },
        "end": {
          "line": 48,
          "column": 58
        }
      },
      "15": {
        "start": {
          "line": 49,
          "column": 25
        },
        "end": {
          "line": 49,
          "column": 52
        }
      },
      "16": {
        "start": {
          "line": 50,
          "column": 27
        },
        "end": {
          "line": 50,
          "column": 56
        }
      },
      "17": {
        "start": {
          "line": 51,
          "column": 29
        },
        "end": {
          "line": 51,
          "column": 60
        }
      },
      "18": {
        "start": {
          "line": 52,
          "column": 26
        },
        "end": {
          "line": 52,
          "column": 54
        }
      },
      "19": {
        "start": {
          "line": 55,
          "column": 51
        },
        "end": {
          "line": 57,
          "column": 1
        }
      },
      "20": {
        "start": {
          "line": 56,
          "column": 2
        },
        "end": {
          "line": 56,
          "column": 60
        }
      }
    },
    "fnMap": {
      "0": {
        "name": "(anonymous_0)",
        "decl": {
          "start": {
            "line": 18,
            "column": 4
          },
          "end": {
            "line": 18,
            "column": 5
          }
        },
        "loc": {
          "start": {
            "line": 18,
            "column": 28
          },
          "end": {
            "line": 20,
            "column": 5
          }
        },
        "line": 18
      },
      "1": {
        "name": "(anonymous_1)",
        "decl": {
          "start": {
            "line": 21,
            "column": 4
          },
          "end": {
            "line": 21,
            "column": 5
          }
        },
        "loc": {
          "start": {
            "line": 21,
            "column": 30
          },
          "end": {
            "line": 24,
            "column": 5
          }
        },
        "line": 21
      },
      "2": {
        "name": "(anonymous_2)",
        "decl": {
          "start": {
            "line": 25,
            "column": 4
          },
          "end": {
            "line": 25,
            "column": 5
          }
        },
        "loc": {
          "start": {
            "line": 25,
            "column": 58
          },
          "end": {
            "line": 28,
            "column": 5
          }
        },
        "line": 25
      },
      "3": {
        "name": "(anonymous_3)",
        "decl": {
          "start": {
            "line": 29,
            "column": 4
          },
          "end": {
            "line": 29,
            "column": 5
          }
        },
        "loc": {
          "start": {
            "line": 29,
            "column": 29
          },
          "end": {
            "line": 31,
            "column": 5
          }
        },
        "line": 29
      },
      "4": {
        "name": "(anonymous_4)",
        "decl": {
          "start": {
            "line": 32,
            "column": 4
          },
          "end": {
            "line": 32,
            "column": 5
          }
        },
        "loc": {
          "start": {
            "line": 32,
            "column": 31
          },
          "end": {
            "line": 35,
            "column": 5
          }
        },
        "line": 32
      },
      "5": {
        "name": "(anonymous_5)",
        "decl": {
          "start": {
            "line": 36,
            "column": 4
          },
          "end": {
            "line": 36,
            "column": 5
          }
        },
        "loc": {
          "start": {
            "line": 36,
            "column": 59
          },
          "end": {
            "line": 39,
            "column": 5
          }
        },
        "line": 36
      },
      "6": {
        "name": "(anonymous_6)",
        "decl": {
          "start": {
            "line": 55,
            "column": 51
          },
          "end": {
            "line": 55,
            "column": 52
          }
        },
        "loc": {
          "start": {
            "line": 55,
            "column": 66
          },
          "end": {
            "line": 57,
            "column": 1
          }
        },
        "line": 55
      }
    },
    "branchMap": {},
    "s": {
      "0": 50,
      "1": 50,
      "2": 46,
      "3": 46,
      "4": 46,
      "5": 0,
      "6": 0,
      "7": 28,
      "8": 28,
      "9": 28,
      "10": 0,
      "11": 0,
      "12": 50,
      "13": 50,
      "14": 50,
      "15": 50,
      "16": 50,
      "17": 50,
      "18": 50,
      "19": 50,
      "20": 549
    },
    "f": {
      "0": 46,
      "1": 46,
      "2": 0,
      "3": 28,
      "4": 28,
      "5": 0,
      "6": 549
    },
    "b": {},
    "_coverageSchema": "1a1c01bbd47fc00a2c39e90264f33305004495a9",
    "hash": "b6116f2448a3d70720c4dc07087589b51b0ce28f"
  },
  "/Users/kostast/Documents/GitHub/react-star-wars-api/src/components/LogIn/LogInForm.tsx": {
    "path": "/Users/kostast/Documents/GitHub/react-star-wars-api/src/components/LogIn/LogInForm.tsx",
    "statementMap": {
      "0": {
        "start": {
          "line": 7,
          "column": 15
        },
        "end": {
          "line": 7,
          "column": 48
        }
      },
      "1": {
        "start": {
          "line": 9,
          "column": 18
        },
        "end": {
          "line": 106,
          "column": 1
        }
      },
      "2": {
        "start": {
          "line": 11,
          "column": 25
        },
        "end": {
          "line": 11,
          "column": 38
        }
      },
      "3": {
        "start": {
          "line": 14,
          "column": 28
        },
        "end": {
          "line": 19,
          "column": 3
        }
      },
      "4": {
        "start": {
          "line": 15,
          "column": 4
        },
        "end": {
          "line": 15,
          "column": 27
        }
      },
      "5": {
        "start": {
          "line": 18,
          "column": 4
        },
        "end": {
          "line": 18,
          "column": 33
        }
      },
      "6": {
        "start": {
          "line": 28,
          "column": 38
        },
        "end": {
          "line": 31,
          "column": 3
        }
      },
      "7": {
        "start": {
          "line": 34,
          "column": 27
        },
        "end": {
          "line": 41,
          "column": 3
        }
      },
      "8": {
        "start": {
          "line": 37,
          "column": 47
        },
        "end": {
          "line": 37,
          "column": 49
        }
      },
      "9": {
        "start": {
          "line": 38,
          "column": 4
        },
        "end": {
          "line": 38,
          "column": 71
        }
      },
      "10": {
        "start": {
          "line": 38,
          "column": 37
        },
        "end": {
          "line": 38,
          "column": 71
        }
      },
      "11": {
        "start": {
          "line": 39,
          "column": 4
        },
        "end": {
          "line": 39,
          "column": 71
        }
      },
      "12": {
        "start": {
          "line": 39,
          "column": 37
        },
        "end": {
          "line": 39,
          "column": 71
        }
      },
      "13": {
        "start": {
          "line": 40,
          "column": 4
        },
        "end": {
          "line": 40,
          "column": 18
        }
      },
      "14": {
        "start": {
          "line": 44,
          "column": 17
        },
        "end": {
          "line": 50,
          "column": 4
        }
      },
      "15": {
        "start": {
          "line": 53,
          "column": 2
        },
        "end": {
          "line": 105,
          "column": 4
        }
      }
    },
    "fnMap": {
      "0": {
        "name": "(anonymous_0)",
        "decl": {
          "start": {
            "line": 9,
            "column": 18
          },
          "end": {
            "line": 9,
            "column": 19
          }
        },
        "loc": {
          "start": {
            "line": 9,
            "column": 38
          },
          "end": {
            "line": 106,
            "column": 1
          }
        },
        "line": 9
      },
      "1": {
        "name": "(anonymous_1)",
        "decl": {
          "start": {
            "line": 14,
            "column": 28
          },
          "end": {
            "line": 14,
            "column": 29
          }
        },
        "loc": {
          "start": {
            "line": 14,
            "column": 50
          },
          "end": {
            "line": 19,
            "column": 3
          }
        },
        "line": 14
      },
      "2": {
        "name": "(anonymous_2)",
        "decl": {
          "start": {
            "line": 34,
            "column": 27
          },
          "end": {
            "line": 34,
            "column": 28
          }
        },
        "loc": {
          "start": {
            "line": 36,
            "column": 35
          },
          "end": {
            "line": 41,
            "column": 3
          }
        },
        "line": 36
      },
      "3": {
        "name": "(anonymous_3)",
        "decl": {
          "start": {
            "line": 49,
            "column": 14
          },
          "end": {
            "line": 49,
            "column": 15
          }
        },
        "loc": {
          "start": {
            "line": 49,
            "column": 26
          },
          "end": {
            "line": 49,
            "column": 28
          }
        },
        "line": 49
      }
    },
    "branchMap": {
      "0": {
        "loc": {
          "start": {
            "line": 38,
            "column": 4
          },
          "end": {
            "line": 38,
            "column": 71
          }
        },
        "type": "if",
        "locations": [
          {
            "start": {
              "line": 38,
              "column": 4
            },
            "end": {
              "line": 38,
              "column": 71
            }
          },
          {
            "start": {
              "line": 38,
              "column": 4
            },
            "end": {
              "line": 38,
              "column": 71
            }
          }
        ],
        "line": 38
      },
      "1": {
        "loc": {
          "start": {
            "line": 39,
            "column": 4
          },
          "end": {
            "line": 39,
            "column": 71
          }
        },
        "type": "if",
        "locations": [
          {
            "start": {
              "line": 39,
              "column": 4
            },
            "end": {
              "line": 39,
              "column": 71
            }
          },
          {
            "start": {
              "line": 39,
              "column": 4
            },
            "end": {
              "line": 39,
              "column": 71
            }
          }
        ],
        "line": 39
      },
      "2": {
        "loc": {
          "start": {
            "line": 61,
            "column": 16
          },
          "end": {
            "line": 61,
            "column": 70
          }
        },
        "type": "binary-expr",
        "locations": [
          {
            "start": {
              "line": 61,
              "column": 16
            },
            "end": {
              "line": 61,
              "column": 43
            }
          },
          {
            "start": {
              "line": 61,
              "column": 47
            },
            "end": {
              "line": 61,
              "column": 70
            }
          }
        ],
        "line": 61
      },
      "3": {
        "loc": {
          "start": {
            "line": 69,
            "column": 13
          },
          "end": {
            "line": 74,
            "column": 13
          }
        },
        "type": "binary-expr",
        "locations": [
          {
            "start": {
              "line": 69,
              "column": 13
            },
            "end": {
              "line": 69,
              "column": 40
            }
          },
          {
            "start": {
              "line": 70,
              "column": 14
            },
            "end": {
              "line": 73,
              "column": 21
            }
          }
        ],
        "line": 69
      },
      "4": {
        "loc": {
          "start": {
            "line": 81,
            "column": 16
          },
          "end": {
            "line": 81,
            "column": 70
          }
        },
        "type": "binary-expr",
        "locations": [
          {
            "start": {
              "line": 81,
              "column": 16
            },
            "end": {
              "line": 81,
              "column": 43
            }
          },
          {
            "start": {
              "line": 81,
              "column": 47
            },
            "end": {
              "line": 81,
              "column": 70
            }
          }
        ],
        "line": 81
      },
      "5": {
        "loc": {
          "start": {
            "line": 89,
            "column": 13
          },
          "end": {
            "line": 94,
            "column": 13
          }
        },
        "type": "binary-expr",
        "locations": [
          {
            "start": {
              "line": 89,
              "column": 13
            },
            "end": {
              "line": 89,
              "column": 40
            }
          },
          {
            "start": {
              "line": 90,
              "column": 14
            },
            "end": {
              "line": 93,
              "column": 21
            }
          }
        ],
        "line": 89
      },
      "6": {
        "loc": {
          "start": {
            "line": 98,
            "column": 46
          },
          "end": {
            "line": 98,
            "column": 76
          }
        },
        "type": "binary-expr",
        "locations": [
          {
            "start": {
              "line": 98,
              "column": 46
            },
            "end": {
              "line": 98,
              "column": 60
            }
          },
          {
            "start": {
              "line": 98,
              "column": 64
            },
            "end": {
              "line": 98,
              "column": 76
            }
          }
        ],
        "line": 98
      }
    },
    "s": {
      "0": 50,
      "1": 50,
      "2": 1454,
      "3": 1454,
      "4": 46,
      "5": 46,
      "6": 1454,
      "7": 1454,
      "8": 690,
      "9": 690,
      "10": 0,
      "11": 690,
      "12": 368,
      "13": 690,
      "14": 1454,
      "15": 1454
    },
    "f": {
      "0": 1454,
      "1": 46,
      "2": 690,
      "3": 0
    },
    "b": {
      "0": [
        0,
        690
      ],
      "1": [
        368,
        322
      ],
      "2": [
        1454,
        0
      ],
      "3": [
        1454,
        0
      ],
      "4": [
        1454,
        736
      ],
      "5": [
        1454,
        736
      ],
      "6": [
        1454,
        718
      ]
    },
    "_coverageSchema": "1a1c01bbd47fc00a2c39e90264f33305004495a9",
    "hash": "5b08c0034280e36397674cd1848a3e3b1b7fe5f5"
  },
  "/Users/kostast/Documents/GitHub/react-star-wars-api/src/pages/Welcome.tsx": {
    "path": "/Users/kostast/Documents/GitHub/react-star-wars-api/src/pages/Welcome.tsx",
    "statementMap": {
      "0": {
        "start": {
          "line": 8,
          "column": 16
        },
        "end": {
          "line": 23,
          "column": 1
        }
      },
      "1": {
        "start": {
          "line": 10,
          "column": 35
        },
        "end": {
          "line": 12,
          "column": 3
        }
      },
      "2": {
        "start": {
          "line": 15,
          "column": 2
        },
        "end": {
          "line": 22,
          "column": 3
        }
      },
      "3": {
        "start": {
          "line": 16,
          "column": 4
        },
        "end": {
          "line": 16,
          "column": 36
        }
      },
      "4": {
        "start": {
          "line": 21,
          "column": 4
        },
        "end": {
          "line": 21,
          "column": 25
        }
      }
    },
    "fnMap": {
      "0": {
        "name": "(anonymous_0)",
        "decl": {
          "start": {
            "line": 8,
            "column": 16
          },
          "end": {
            "line": 8,
            "column": 17
          }
        },
        "loc": {
          "start": {
            "line": 8,
            "column": 36
          },
          "end": {
            "line": 23,
            "column": 1
          }
        },
        "line": 8
      }
    },
    "branchMap": {
      "0": {
        "loc": {
          "start": {
            "line": 15,
            "column": 2
          },
          "end": {
            "line": 22,
            "column": 3
          }
        },
        "type": "if",
        "locations": [
          {
            "start": {
              "line": 15,
              "column": 2
            },
            "end": {
              "line": 22,
              "column": 3
            }
          },
          {
            "start": {
              "line": 15,
              "column": 2
            },
            "end": {
              "line": 22,
              "column": 3
            }
          }
        ],
        "line": 15
      }
    },
    "s": {
      "0": 50,
      "1": 74,
      "2": 74,
      "3": 0,
      "4": 74
    },
    "f": {
      "0": 74
    },
    "b": {
      "0": [
        0,
        74
      ]
    },
    "_coverageSchema": "1a1c01bbd47fc00a2c39e90264f33305004495a9",
    "hash": "f2e0dcf8c2457dad2045802749ccab16ad614eca"
  },
  "/Users/kostast/Documents/GitHub/react-star-wars-api/src/components/Header/Header.tsx": {
    "path": "/Users/kostast/Documents/GitHub/react-star-wars-api/src/components/Header/Header.tsx",
    "statementMap": {
      "0": {
        "start": {
          "line": 11,
          "column": 15
        },
        "end": {
          "line": 11,
          "column": 45
        }
      },
      "1": {
        "start": {
          "line": 13,
          "column": 38
        },
        "end": {
          "line": 36,
          "column": 1
        }
      },
      "2": {
        "start": {
          "line": 18,
          "column": 25
        },
        "end": {
          "line": 18,
          "column": 38
        }
      },
      "3": {
        "start": {
          "line": 21,
          "column": 24
        },
        "end": {
          "line": 23,
          "column": 3
        }
      },
      "4": {
        "start": {
          "line": 22,
          "column": 4
        },
        "end": {
          "line": 22,
          "column": 34
        }
      },
      "5": {
        "start": {
          "line": 26,
          "column": 2
        },
        "end": {
          "line": 35,
          "column": 4
        }
      }
    },
    "fnMap": {
      "0": {
        "name": "(anonymous_0)",
        "decl": {
          "start": {
            "line": 13,
            "column": 38
          },
          "end": {
            "line": 13,
            "column": 39
          }
        },
        "loc": {
          "start": {
            "line": 16,
            "column": 20
          },
          "end": {
            "line": 36,
            "column": 1
          }
        },
        "line": 16
      },
      "1": {
        "name": "(anonymous_1)",
        "decl": {
          "start": {
            "line": 15,
            "column": 16
          },
          "end": {
            "line": 15,
            "column": 17
          }
        },
        "loc": {
          "start": {
            "line": 15,
            "column": 22
          },
          "end": {
            "line": 15,
            "column": 24
          }
        },
        "line": 15
      },
      "2": {
        "name": "(anonymous_2)",
        "decl": {
          "start": {
            "line": 21,
            "column": 24
          },
          "end": {
            "line": 21,
            "column": 25
          }
        },
        "loc": {
          "start": {
            "line": 21,
            "column": 30
          },
          "end": {
            "line": 23,
            "column": 3
          }
        },
        "line": 21
      }
    },
    "branchMap": {
      "0": {
        "loc": {
          "start": {
            "line": 15,
            "column": 2
          },
          "end": {
            "line": 15,
            "column": 24
          }
        },
        "type": "default-arg",
        "locations": [
          {
            "start": {
              "line": 15,
              "column": 16
            },
            "end": {
              "line": 15,
              "column": 24
            }
          }
        ],
        "line": 15
      },
      "1": {
        "loc": {
          "start": {
            "line": 29,
            "column": 7
          },
          "end": {
            "line": 33,
            "column": 7
          }
        },
        "type": "binary-expr",
        "locations": [
          {
            "start": {
              "line": 29,
              "column": 7
            },
            "end": {
              "line": 29,
              "column": 20
            }
          },
          {
            "start": {
              "line": 30,
              "column": 8
            },
            "end": {
              "line": 32,
              "column": 17
            }
          }
        ],
        "line": 29
      }
    },
    "s": {
      "0": 50,
      "1": 50,
      "2": 146,
      "3": 146,
      "4": 28,
      "5": 146
    },
    "f": {
      "0": 146,
      "1": 0,
      "2": 28
    },
    "b": {
      "0": [
        125
      ],
      "1": [
        146,
        21
      ]
    },
    "_coverageSchema": "1a1c01bbd47fc00a2c39e90264f33305004495a9",
    "hash": "cfe07e6b9e04510ce19603f8c67f4d1f3ef4ebb8"
  },
  "/Users/kostast/Documents/GitHub/react-star-wars-api/src/components/FilmsTable/FilmsTable.tsx": {
    "path": "/Users/kostast/Documents/GitHub/react-star-wars-api/src/components/FilmsTable/FilmsTable.tsx",
    "statementMap": {
      "0": {
        "start": {
          "line": 9,
          "column": 15
        },
        "end": {
          "line": 9,
          "column": 49
        }
      },
      "1": {
        "start": {
          "line": 11,
          "column": 46
        },
        "end": {
          "line": 107,
          "column": 1
        }
      },
      "2": {
        "start": {
          "line": 13,
          "column": 63
        },
        "end": {
          "line": 25,
          "column": 3
        }
      },
      "3": {
        "start": {
          "line": 18,
          "column": 4
        },
        "end": {
          "line": 24,
          "column": 6
        }
      },
      "4": {
        "start": {
          "line": 21,
          "column": 10
        },
        "end": {
          "line": 21,
          "column": 43
        }
      },
      "5": {
        "start": {
          "line": 26,
          "column": 59
        },
        "end": {
          "line": 32,
          "column": 3
        }
      },
      "6": {
        "start": {
          "line": 31,
          "column": 4
        },
        "end": {
          "line": 31,
          "column": 61
        }
      },
      "7": {
        "start": {
          "line": 33,
          "column": 58
        },
        "end": {
          "line": 48,
          "column": 3
        }
      },
      "8": {
        "start": {
          "line": 38,
          "column": 4
        },
        "end": {
          "line": 47,
          "column": 6
        }
      },
      "9": {
        "start": {
          "line": 51,
          "column": 30
        },
        "end": {
          "line": 93,
          "column": 3
        }
      },
      "10": {
        "start": {
          "line": 96,
          "column": 2
        },
        "end": {
          "line": 106,
          "column": 4
        }
      }
    },
    "fnMap": {
      "0": {
        "name": "(anonymous_0)",
        "decl": {
          "start": {
            "line": 11,
            "column": 46
          },
          "end": {
            "line": 11,
            "column": 47
          }
        },
        "loc": {
          "start": {
            "line": 11,
            "column": 75
          },
          "end": {
            "line": 107,
            "column": 1
          }
        },
        "line": 11
      },
      "1": {
        "name": "(anonymous_1)",
        "decl": {
          "start": {
            "line": 13,
            "column": 63
          },
          "end": {
            "line": 13,
            "column": 64
          }
        },
        "loc": {
          "start": {
            "line": 17,
            "column": 12
          },
          "end": {
            "line": 25,
            "column": 3
          }
        },
        "line": 17
      },
      "2": {
        "name": "(anonymous_2)",
        "decl": {
          "start": {
            "line": 20,
            "column": 30
          },
          "end": {
            "line": 20,
            "column": 31
          }
        },
        "loc": {
          "start": {
            "line": 20,
            "column": 59
          },
          "end": {
            "line": 22,
            "column": 9
          }
        },
        "line": 20
      },
      "3": {
        "name": "(anonymous_3)",
        "decl": {
          "start": {
            "line": 26,
            "column": 59
          },
          "end": {
            "line": 26,
            "column": 60
          }
        },
        "loc": {
          "start": {
            "line": 30,
            "column": 12
          },
          "end": {
            "line": 32,
            "column": 3
          }
        },
        "line": 30
      },
      "4": {
        "name": "(anonymous_4)",
        "decl": {
          "start": {
            "line": 33,
            "column": 58
          },
          "end": {
            "line": 33,
            "column": 59
          }
        },
        "loc": {
          "start": {
            "line": 37,
            "column": 12
          },
          "end": {
            "line": 48,
            "column": 3
          }
        },
        "line": 37
      }
    },
    "branchMap": {},
    "s": {
      "0": 50,
      "1": 50,
      "2": 28,
      "3": 168,
      "4": 280,
      "5": 28,
      "6": 168,
      "7": 28,
      "8": 168,
      "9": 28,
      "10": 28
    },
    "f": {
      "0": 28,
      "1": 168,
      "2": 280,
      "3": 168,
      "4": 168
    },
    "b": {},
    "_coverageSchema": "1a1c01bbd47fc00a2c39e90264f33305004495a9",
    "hash": "b56d947a7383904c6ef0fe46c43279aa15b58483"
  },
  "/Users/kostast/Documents/GitHub/react-star-wars-api/src/components/UI/Spinner.tsx": {
    "path": "/Users/kostast/Documents/GitHub/react-star-wars-api/src/components/UI/Spinner.tsx",
    "statementMap": {
      "0": {
        "start": {
          "line": 3,
          "column": 15
        },
        "end": {
          "line": 3,
          "column": 46
        }
      },
      "1": {
        "start": {
          "line": 5,
          "column": 40
        },
        "end": {
          "line": 15,
          "column": 1
        }
      },
      "2": {
        "start": {
          "line": 6,
          "column": 2
        },
        "end": {
          "line": 14,
          "column": 4
        }
      }
    },
    "fnMap": {
      "0": {
        "name": "(anonymous_0)",
        "decl": {
          "start": {
            "line": 5,
            "column": 40
          },
          "end": {
            "line": 5,
            "column": 41
          }
        },
        "loc": {
          "start": {
            "line": 5,
            "column": 72
          },
          "end": {
            "line": 15,
            "column": 1
          }
        },
        "line": 5
      }
    },
    "branchMap": {
      "0": {
        "loc": {
          "start": {
            "line": 11,
            "column": 36
          },
          "end": {
            "line": 11,
            "column": 57
          }
        },
        "type": "binary-expr",
        "locations": [
          {
            "start": {
              "line": 11,
              "column": 36
            },
            "end": {
              "line": 11,
              "column": 45
            }
          },
          {
            "start": {
              "line": 11,
              "column": 49
            },
            "end": {
              "line": 11,
              "column": 57
            }
          }
        ],
        "line": 11
      }
    },
    "s": {
      "0": 50,
      "1": 50,
      "2": 56
    },
    "f": {
      "0": 56
    },
    "b": {
      "0": [
        56,
        0
      ]
    },
    "_coverageSchema": "1a1c01bbd47fc00a2c39e90264f33305004495a9",
    "hash": "05867be0c06bfbb296672036c1336be1f5d151c3"
  },
  "/Users/kostast/Documents/GitHub/react-star-wars-api/src/components/UI/Modal.tsx": {
    "path": "/Users/kostast/Documents/GitHub/react-star-wars-api/src/components/UI/Modal.tsx",
    "statementMap": {
      "0": {
        "start": {
          "line": 8,
          "column": 15
        },
        "end": {
          "line": 8,
          "column": 44
        }
      },
      "1": {
        "start": {
          "line": 10,
          "column": 36
        },
        "end": {
          "line": 29,
          "column": 1
        }
      },
      "2": {
        "start": {
          "line": 16,
          "column": 2
        },
        "end": {
          "line": 28,
          "column": 4
        }
      }
    },
    "fnMap": {
      "0": {
        "name": "(anonymous_0)",
        "decl": {
          "start": {
            "line": 10,
            "column": 36
          },
          "end": {
            "line": 10,
            "column": 37
          }
        },
        "loc": {
          "start": {
            "line": 15,
            "column": 20
          },
          "end": {
            "line": 29,
            "column": 1
          }
        },
        "line": 15
      }
    },
    "branchMap": {
      "0": {
        "loc": {
          "start": {
            "line": 14,
            "column": 2
          },
          "end": {
            "line": 14,
            "column": 16
          }
        },
        "type": "default-arg",
        "locations": [
          {
            "start": {
              "line": 14,
              "column": 14
            },
            "end": {
              "line": 14,
              "column": 16
            }
          }
        ],
        "line": 14
      }
    },
    "s": {
      "0": 50,
      "1": 50,
      "2": 1
    },
    "f": {
      "0": 1
    },
    "b": {
      "0": [
        1
      ]
    },
    "_coverageSchema": "1a1c01bbd47fc00a2c39e90264f33305004495a9",
    "hash": "09a56a1a23b305037dcb674f9418e962a4f59880"
  },
  "/Users/kostast/Documents/GitHub/react-star-wars-api/src/components/Footer/Footer.tsx": {
    "path": "/Users/kostast/Documents/GitHub/react-star-wars-api/src/components/Footer/Footer.tsx",
    "statementMap": {
      "0": {
        "start": {
          "line": 4,
          "column": 15
        },
        "end": {
          "line": 4,
          "column": 45
        }
      },
      "1": {
        "start": {
          "line": 6,
          "column": 15
        },
        "end": {
          "line": 30,
          "column": 1
        }
      },
      "2": {
        "start": {
          "line": 7,
          "column": 2
        },
        "end": {
          "line": 29,
          "column": 4
        }
      }
    },
    "fnMap": {
      "0": {
        "name": "(anonymous_0)",
        "decl": {
          "start": {
            "line": 6,
            "column": 15
          },
          "end": {
            "line": 6,
            "column": 16
          }
        },
        "loc": {
          "start": {
            "line": 6,
            "column": 35
          },
          "end": {
            "line": 30,
            "column": 1
          }
        },
        "line": 6
      }
    },
    "branchMap": {},
    "s": {
      "0": 50,
      "1": 50,
      "2": 146
    },
    "f": {
      "0": 146
    },
    "b": {},
    "_coverageSchema": "1a1c01bbd47fc00a2c39e90264f33305004495a9",
    "hash": "239a6f5f413d975bc650e7b509c741f5e8643d77"
  },
  "/Users/kostast/Documents/GitHub/react-star-wars-api/src/store/filmsSlice.ts": {
    "path": "/Users/kostast/Documents/GitHub/react-star-wars-api/src/store/filmsSlice.ts",
    "statementMap": {
      "0": {
        "start": {
          "line": 5,
          "column": 33
        },
        "end": {
          "line": 10,
          "column": 1
        }
      },
      "1": {
        "start": {
          "line": 13,
          "column": 19
        },
        "end": {
          "line": 31,
          "column": 2
        }
      },
      "2": {
        "start": {
          "line": 18,
          "column": 6
        },
        "end": {
          "line": 18,
          "column": 27
        }
      },
      "3": {
        "start": {
          "line": 21,
          "column": 6
        },
        "end": {
          "line": 21,
          "column": 28
        }
      },
      "4": {
        "start": {
          "line": 22,
          "column": 6
        },
        "end": {
          "line": 22,
          "column": 35
        }
      },
      "5": {
        "start": {
          "line": 23,
          "column": 6
        },
        "end": {
          "line": 23,
          "column": 42
        }
      },
      "6": {
        "start": {
          "line": 26,
          "column": 6
        },
        "end": {
          "line": 26,
          "column": 28
        }
      },
      "7": {
        "start": {
          "line": 27,
          "column": 6
        },
        "end": {
          "line": 27,
          "column": 35
        }
      },
      "8": {
        "start": {
          "line": 28,
          "column": 6
        },
        "end": {
          "line": 28,
          "column": 35
        }
      },
      "9": {
        "start": {
          "line": 34,
          "column": 28
        },
        "end": {
          "line": 34,
          "column": 46
        }
      },
      "10": {
        "start": {
          "line": 37,
          "column": 31
        },
        "end": {
          "line": 37,
          "column": 65
        }
      },
      "11": {
        "start": {
          "line": 38,
          "column": 30
        },
        "end": {
          "line": 38,
          "column": 63
        }
      },
      "12": {
        "start": {
          "line": 39,
          "column": 33
        },
        "end": {
          "line": 39,
          "column": 69
        }
      },
      "13": {
        "start": {
          "line": 42,
          "column": 24
        },
        "end": {
          "line": 43,
          "column": 26
        }
      },
      "14": {
        "start": {
          "line": 43,
          "column": 2
        },
        "end": {
          "line": 43,
          "column": 26
        }
      },
      "15": {
        "start": {
          "line": 44,
          "column": 28
        },
        "end": {
          "line": 45,
          "column": 21
        }
      },
      "16": {
        "start": {
          "line": 45,
          "column": 2
        },
        "end": {
          "line": 45,
          "column": 21
        }
      },
      "17": {
        "start": {
          "line": 46,
          "column": 24
        },
        "end": {
          "line": 46,
          "column": 73
        }
      },
      "18": {
        "start": {
          "line": 46,
          "column": 56
        },
        "end": {
          "line": 46,
          "column": 73
        }
      },
      "19": {
        "start": {
          "line": 47,
          "column": 26
        },
        "end": {
          "line": 48,
          "column": 29
        }
      },
      "20": {
        "start": {
          "line": 48,
          "column": 2
        },
        "end": {
          "line": 48,
          "column": 29
        }
      }
    },
    "fnMap": {
      "0": {
        "name": "(anonymous_0)",
        "decl": {
          "start": {
            "line": 17,
            "column": 4
          },
          "end": {
            "line": 17,
            "column": 5
          }
        },
        "loc": {
          "start": {
            "line": 17,
            "column": 77
          },
          "end": {
            "line": 19,
            "column": 5
          }
        },
        "line": 17
      },
      "1": {
        "name": "(anonymous_1)",
        "decl": {
          "start": {
            "line": 20,
            "column": 4
          },
          "end": {
            "line": 20,
            "column": 5
          }
        },
        "loc": {
          "start": {
            "line": 20,
            "column": 70
          },
          "end": {
            "line": 24,
            "column": 5
          }
        },
        "line": 20
      },
      "2": {
        "name": "(anonymous_2)",
        "decl": {
          "start": {
            "line": 25,
            "column": 4
          },
          "end": {
            "line": 25,
            "column": 5
          }
        },
        "loc": {
          "start": {
            "line": 25,
            "column": 63
          },
          "end": {
            "line": 29,
            "column": 5
          }
        },
        "line": 25
      },
      "3": {
        "name": "(anonymous_3)",
        "decl": {
          "start": {
            "line": 42,
            "column": 24
          },
          "end": {
            "line": 42,
            "column": 25
          }
        },
        "loc": {
          "start": {
            "line": 43,
            "column": 2
          },
          "end": {
            "line": 43,
            "column": 26
          }
        },
        "line": 43
      },
      "4": {
        "name": "(anonymous_4)",
        "decl": {
          "start": {
            "line": 44,
            "column": 28
          },
          "end": {
            "line": 44,
            "column": 29
          }
        },
        "loc": {
          "start": {
            "line": 45,
            "column": 2
          },
          "end": {
            "line": 45,
            "column": 21
          }
        },
        "line": 45
      },
      "5": {
        "name": "(anonymous_5)",
        "decl": {
          "start": {
            "line": 46,
            "column": 24
          },
          "end": {
            "line": 46,
            "column": 25
          }
        },
        "loc": {
          "start": {
            "line": 46,
            "column": 56
          },
          "end": {
            "line": 46,
            "column": 73
          }
        },
        "line": 46
      },
      "6": {
        "name": "(anonymous_6)",
        "decl": {
          "start": {
            "line": 47,
            "column": 26
          },
          "end": {
            "line": 47,
            "column": 27
          }
        },
        "loc": {
          "start": {
            "line": 48,
            "column": 2
          },
          "end": {
            "line": 48,
            "column": 29
          }
        },
        "line": 48
      }
    },
    "branchMap": {},
    "s": {
      "0": 50,
      "1": 50,
      "2": 49,
      "3": 26,
      "4": 26,
      "5": 26,
      "6": 10,
      "7": 10,
      "8": 10,
      "9": 50,
      "10": 50,
      "11": 50,
      "12": 50,
      "13": 50,
      "14": 282,
      "15": 50,
      "16": 182,
      "17": 50,
      "18": 332,
      "19": 50,
      "20": 284
    },
    "f": {
      "0": 49,
      "1": 26,
      "2": 10,
      "3": 282,
      "4": 182,
      "5": 332,
      "6": 284
    },
    "b": {},
    "_coverageSchema": "1a1c01bbd47fc00a2c39e90264f33305004495a9",
    "hash": "21fbd45064e17d416913c0db71339cee137d97ee"
  },
  "/Users/kostast/Documents/GitHub/react-star-wars-api/src/pages/Films.tsx": {
    "path": "/Users/kostast/Documents/GitHub/react-star-wars-api/src/pages/Films.tsx",
    "statementMap": {
      "0": {
        "start": {
          "line": 19,
          "column": 14
        },
        "end": {
          "line": 79,
          "column": 1
        }
      },
      "1": {
        "start": {
          "line": 21,
          "column": 28
        },
        "end": {
          "line": 21,
          "column": 43
        }
      },
      "2": {
        "start": {
          "line": 24,
          "column": 42
        },
        "end": {
          "line": 24,
          "column": 63
        }
      },
      "3": {
        "start": {
          "line": 25,
          "column": 33
        },
        "end": {
          "line": 25,
          "column": 58
        }
      },
      "4": {
        "start": {
          "line": 26,
          "column": 28
        },
        "end": {
          "line": 26,
          "column": 49
        }
      },
      "5": {
        "start": {
          "line": 27,
          "column": 38
        },
        "end": {
          "line": 27,
          "column": 61
        }
      },
      "6": {
        "start": {
          "line": 30,
          "column": 25
        },
        "end": {
          "line": 30,
          "column": 38
        }
      },
      "7": {
        "start": {
          "line": 33,
          "column": 2
        },
        "end": {
          "line": 36,
          "column": 30
        }
      },
      "8": {
        "start": {
          "line": 34,
          "column": 21
        },
        "end": {
          "line": 34,
          "column": 60
        }
      },
      "9": {
        "start": {
          "line": 35,
          "column": 4
        },
        "end": {
          "line": 35,
          "column": 46
        }
      },
      "10": {
        "start": {
          "line": 40,
          "column": 2
        },
        "end": {
          "line": 52,
          "column": 3
        }
      },
      "11": {
        "start": {
          "line": 41,
          "column": 4
        },
        "end": {
          "line": 51,
          "column": 8
        }
      },
      "12": {
        "start": {
          "line": 55,
          "column": 23
        },
        "end": {
          "line": 57,
          "column": 3
        }
      },
      "13": {
        "start": {
          "line": 56,
          "column": 4
        },
        "end": {
          "line": 56,
          "column": 21
        }
      },
      "14": {
        "start": {
          "line": 60,
          "column": 2
        },
        "end": {
          "line": 78,
          "column": 4
        }
      }
    },
    "fnMap": {
      "0": {
        "name": "(anonymous_0)",
        "decl": {
          "start": {
            "line": 19,
            "column": 14
          },
          "end": {
            "line": 19,
            "column": 15
          }
        },
        "loc": {
          "start": {
            "line": 19,
            "column": 20
          },
          "end": {
            "line": 79,
            "column": 1
          }
        },
        "line": 19
      },
      "1": {
        "name": "(anonymous_1)",
        "decl": {
          "start": {
            "line": 33,
            "column": 12
          },
          "end": {
            "line": 33,
            "column": 13
          }
        },
        "loc": {
          "start": {
            "line": 33,
            "column": 18
          },
          "end": {
            "line": 36,
            "column": 3
          }
        },
        "line": 33
      },
      "2": {
        "name": "(anonymous_2)",
        "decl": {
          "start": {
            "line": 55,
            "column": 23
          },
          "end": {
            "line": 55,
            "column": 24
          }
        },
        "loc": {
          "start": {
            "line": 55,
            "column": 29
          },
          "end": {
            "line": 57,
            "column": 3
          }
        },
        "line": 55
      }
    },
    "branchMap": {
      "0": {
        "loc": {
          "start": {
            "line": 40,
            "column": 2
          },
          "end": {
            "line": 52,
            "column": 3
          }
        },
        "type": "if",
        "locations": [
          {
            "start": {
              "line": 40,
              "column": 2
            },
            "end": {
              "line": 52,
              "column": 3
            }
          },
          {
            "start": {
              "line": 40,
              "column": 2
            },
            "end": {
              "line": 52,
              "column": 3
            }
          }
        ],
        "line": 40
      },
      "1": {
        "loc": {
          "start": {
            "line": 42,
            "column": 6
          },
          "end": {
            "line": 51,
            "column": 7
          }
        },
        "type": "cond-expr",
        "locations": [
          {
            "start": {
              "line": 43,
              "column": 8
            },
            "end": {
              "line": 46,
              "column": 14
            }
          },
          {
            "start": {
              "line": 48,
              "column": 8
            },
            "end": {
              "line": 50,
              "column": 14
            }
          }
        ],
        "line": 42
      },
      "2": {
        "loc": {
          "start": {
            "line": 64,
            "column": 9
          },
          "end": {
            "line": 66,
            "column": 9
          }
        },
        "type": "binary-expr",
        "locations": [
          {
            "start": {
              "line": 64,
              "column": 9
            },
            "end": {
              "line": 64,
              "column": 23
            }
          },
          {
            "start": {
              "line": 64,
              "column": 27
            },
            "end": {
              "line": 64,
              "column": 37
            }
          },
          {
            "start": {
              "line": 64,
              "column": 41
            },
            "end": {
              "line": 64,
              "column": 59
            }
          },
          {
            "start": {
              "line": 65,
              "column": 10
            },
            "end": {
              "line": 65,
              "column": 45
            }
          }
        ],
        "line": 64
      },
      "3": {
        "loc": {
          "start": {
            "line": 67,
            "column": 9
          },
          "end": {
            "line": 73,
            "column": 9
          }
        },
        "type": "binary-expr",
        "locations": [
          {
            "start": {
              "line": 67,
              "column": 9
            },
            "end": {
              "line": 67,
              "column": 23
            }
          },
          {
            "start": {
              "line": 67,
              "column": 27
            },
            "end": {
              "line": 67,
              "column": 36
            }
          },
          {
            "start": {
              "line": 68,
              "column": 10
            },
            "end": {
              "line": 72,
              "column": 12
            }
          }
        ],
        "line": 67
      },
      "4": {
        "loc": {
          "start": {
            "line": 74,
            "column": 9
          },
          "end": {
            "line": 74,
            "column": 66
          }
        },
        "type": "binary-expr",
        "locations": [
          {
            "start": {
              "line": 74,
              "column": 9
            },
            "end": {
              "line": 74,
              "column": 22
            }
          },
          {
            "start": {
              "line": 74,
              "column": 26
            },
            "end": {
              "line": 74,
              "column": 66
            }
          }
        ],
        "line": 74
      }
    },
    "s": {
      "0": 50,
      "1": 125,
      "2": 125,
      "3": 125,
      "4": 125,
      "5": 125,
      "6": 125,
      "7": 125,
      "8": 49,
      "9": 49,
      "10": 125,
      "11": 1,
      "12": 125,
      "13": 0,
      "14": 125
    },
    "f": {
      "0": 125,
      "1": 49,
      "2": 0
    },
    "b": {
      "0": [
        1,
        124
      ],
      "1": [
        1,
        0
      ],
      "2": [
        125,
        76,
        75,
        28
      ],
      "3": [
        125,
        76,
        1
      ],
      "4": [
        125,
        49
      ]
    },
    "_coverageSchema": "1a1c01bbd47fc00a2c39e90264f33305004495a9",
    "hash": "cd6907d6661067f7c552a836efc71175ac4fef9c"
  },
  "/Users/kostast/Documents/GitHub/react-star-wars-api/src/components/FilmInfo/FilmInfo.tsx": {
    "path": "/Users/kostast/Documents/GitHub/react-star-wars-api/src/components/FilmInfo/FilmInfo.tsx",
    "statementMap": {
      "0": {
        "start": {
          "line": 7,
          "column": 15
        },
        "end": {
          "line": 7,
          "column": 47
        }
      },
      "1": {
        "start": {
          "line": 9,
          "column": 42
        },
        "end": {
          "line": 130,
          "column": 1
        }
      },
      "2": {
        "start": {
          "line": 11,
          "column": 63
        },
        "end": {
          "line": 23,
          "column": 3
        }
      },
      "3": {
        "start": {
          "line": 16,
          "column": 4
        },
        "end": {
          "line": 22,
          "column": 6
        }
      },
      "4": {
        "start": {
          "line": 19,
          "column": 10
        },
        "end": {
          "line": 19,
          "column": 43
        }
      },
      "5": {
        "start": {
          "line": 24,
          "column": 59
        },
        "end": {
          "line": 30,
          "column": 3
        }
      },
      "6": {
        "start": {
          "line": 29,
          "column": 4
        },
        "end": {
          "line": 29,
          "column": 46
        }
      },
      "7": {
        "start": {
          "line": 31,
          "column": 59
        },
        "end": {
          "line": 37,
          "column": 3
        }
      },
      "8": {
        "start": {
          "line": 36,
          "column": 4
        },
        "end": {
          "line": 36,
          "column": 63
        }
      },
      "9": {
        "start": {
          "line": 40,
          "column": 30
        },
        "end": {
          "line": 110,
          "column": 3
        }
      },
      "10": {
        "start": {
          "line": 113,
          "column": 2
        },
        "end": {
          "line": 129,
          "column": 4
        }
      }
    },
    "fnMap": {
      "0": {
        "name": "(anonymous_0)",
        "decl": {
          "start": {
            "line": 9,
            "column": 42
          },
          "end": {
            "line": 9,
            "column": 43
          }
        },
        "loc": {
          "start": {
            "line": 9,
            "column": 70
          },
          "end": {
            "line": 130,
            "column": 1
          }
        },
        "line": 9
      },
      "1": {
        "name": "(anonymous_1)",
        "decl": {
          "start": {
            "line": 11,
            "column": 63
          },
          "end": {
            "line": 11,
            "column": 64
          }
        },
        "loc": {
          "start": {
            "line": 15,
            "column": 7
          },
          "end": {
            "line": 23,
            "column": 3
          }
        },
        "line": 15
      },
      "2": {
        "name": "(anonymous_2)",
        "decl": {
          "start": {
            "line": 18,
            "column": 30
          },
          "end": {
            "line": 18,
            "column": 31
          }
        },
        "loc": {
          "start": {
            "line": 18,
            "column": 59
          },
          "end": {
            "line": 20,
            "column": 9
          }
        },
        "line": 18
      },
      "3": {
        "name": "(anonymous_3)",
        "decl": {
          "start": {
            "line": 24,
            "column": 59
          },
          "end": {
            "line": 24,
            "column": 60
          }
        },
        "loc": {
          "start": {
            "line": 28,
            "column": 7
          },
          "end": {
            "line": 30,
            "column": 3
          }
        },
        "line": 28
      },
      "4": {
        "name": "(anonymous_4)",
        "decl": {
          "start": {
            "line": 31,
            "column": 59
          },
          "end": {
            "line": 31,
            "column": 60
          }
        },
        "loc": {
          "start": {
            "line": 35,
            "column": 7
          },
          "end": {
            "line": 37,
            "column": 3
          }
        },
        "line": 35
      }
    },
    "branchMap": {},
    "s": {
      "0": 50,
      "1": 50,
      "2": 7,
      "3": 7,
      "4": 10,
      "5": 7,
      "6": 35,
      "7": 7,
      "8": 21,
      "9": 7,
      "10": 7
    },
    "f": {
      "0": 7,
      "1": 7,
      "2": 10,
      "3": 35,
      "4": 21
    },
    "b": {},
    "_coverageSchema": "1a1c01bbd47fc00a2c39e90264f33305004495a9",
    "hash": "033e9e171536f35550dfdcf0cd2d98d881e4e692"
  },
  "/Users/kostast/Documents/GitHub/react-star-wars-api/src/store/filmSlice.ts": {
    "path": "/Users/kostast/Documents/GitHub/react-star-wars-api/src/store/filmSlice.ts",
    "statementMap": {
      "0": {
        "start": {
          "line": 5,
          "column": 32
        },
        "end": {
          "line": 10,
          "column": 1
        }
      },
      "1": {
        "start": {
          "line": 13,
          "column": 18
        },
        "end": {
          "line": 34,
          "column": 2
        }
      },
      "2": {
        "start": {
          "line": 21,
          "column": 6
        },
        "end": {
          "line": 21,
          "column": 27
        }
      },
      "3": {
        "start": {
          "line": 24,
          "column": 6
        },
        "end": {
          "line": 24,
          "column": 28
        }
      },
      "4": {
        "start": {
          "line": 25,
          "column": 6
        },
        "end": {
          "line": 25,
          "column": 35
        }
      },
      "5": {
        "start": {
          "line": 26,
          "column": 6
        },
        "end": {
          "line": 26,
          "column": 41
        }
      },
      "6": {
        "start": {
          "line": 29,
          "column": 6
        },
        "end": {
          "line": 29,
          "column": 28
        }
      },
      "7": {
        "start": {
          "line": 30,
          "column": 6
        },
        "end": {
          "line": 30,
          "column": 35
        }
      },
      "8": {
        "start": {
          "line": 31,
          "column": 6
        },
        "end": {
          "line": 31,
          "column": 35
        }
      },
      "9": {
        "start": {
          "line": 37,
          "column": 27
        },
        "end": {
          "line": 37,
          "column": 44
        }
      },
      "10": {
        "start": {
          "line": 40,
          "column": 34
        },
        "end": {
          "line": 40,
          "column": 70
        }
      },
      "11": {
        "start": {
          "line": 41,
          "column": 36
        },
        "end": {
          "line": 41,
          "column": 74
        }
      },
      "12": {
        "start": {
          "line": 42,
          "column": 33
        },
        "end": {
          "line": 42,
          "column": 68
        }
      },
      "13": {
        "start": {
          "line": 45,
          "column": 30
        },
        "end": {
          "line": 46,
          "column": 24
        }
      },
      "14": {
        "start": {
          "line": 46,
          "column": 2
        },
        "end": {
          "line": 46,
          "column": 24
        }
      },
      "15": {
        "start": {
          "line": 47,
          "column": 28
        },
        "end": {
          "line": 47,
          "column": 79
        }
      },
      "16": {
        "start": {
          "line": 47,
          "column": 61
        },
        "end": {
          "line": 47,
          "column": 79
        }
      },
      "17": {
        "start": {
          "line": 48,
          "column": 24
        },
        "end": {
          "line": 48,
          "column": 72
        }
      },
      "18": {
        "start": {
          "line": 48,
          "column": 56
        },
        "end": {
          "line": 48,
          "column": 72
        }
      },
      "19": {
        "start": {
          "line": 49,
          "column": 28
        },
        "end": {
          "line": 50,
          "column": 28
        }
      },
      "20": {
        "start": {
          "line": 50,
          "column": 2
        },
        "end": {
          "line": 50,
          "column": 28
        }
      }
    },
    "fnMap": {
      "0": {
        "name": "(anonymous_0)",
        "decl": {
          "start": {
            "line": 17,
            "column": 4
          },
          "end": {
            "line": 17,
            "column": 5
          }
        },
        "loc": {
          "start": {
            "line": 20,
            "column": 12
          },
          "end": {
            "line": 22,
            "column": 5
          }
        },
        "line": 20
      },
      "1": {
        "name": "(anonymous_1)",
        "decl": {
          "start": {
            "line": 23,
            "column": 4
          },
          "end": {
            "line": 23,
            "column": 5
          }
        },
        "loc": {
          "start": {
            "line": 23,
            "column": 73
          },
          "end": {
            "line": 27,
            "column": 5
          }
        },
        "line": 23
      },
      "2": {
        "name": "(anonymous_2)",
        "decl": {
          "start": {
            "line": 28,
            "column": 4
          },
          "end": {
            "line": 28,
            "column": 5
          }
        },
        "loc": {
          "start": {
            "line": 28,
            "column": 66
          },
          "end": {
            "line": 32,
            "column": 5
          }
        },
        "line": 28
      },
      "3": {
        "name": "(anonymous_3)",
        "decl": {
          "start": {
            "line": 45,
            "column": 30
          },
          "end": {
            "line": 45,
            "column": 31
          }
        },
        "loc": {
          "start": {
            "line": 46,
            "column": 2
          },
          "end": {
            "line": 46,
            "column": 24
          }
        },
        "line": 46
      },
      "4": {
        "name": "(anonymous_4)",
        "decl": {
          "start": {
            "line": 47,
            "column": 28
          },
          "end": {
            "line": 47,
            "column": 29
          }
        },
        "loc": {
          "start": {
            "line": 47,
            "column": 61
          },
          "end": {
            "line": 47,
            "column": 79
          }
        },
        "line": 47
      },
      "5": {
        "name": "(anonymous_5)",
        "decl": {
          "start": {
            "line": 48,
            "column": 24
          },
          "end": {
            "line": 48,
            "column": 25
          }
        },
        "loc": {
          "start": {
            "line": 48,
            "column": 56
          },
          "end": {
            "line": 48,
            "column": 72
          }
        },
        "line": 48
      },
      "6": {
        "name": "(anonymous_6)",
        "decl": {
          "start": {
            "line": 49,
            "column": 28
          },
          "end": {
            "line": 49,
            "column": 29
          }
        },
        "loc": {
          "start": {
            "line": 50,
            "column": 2
          },
          "end": {
            "line": 50,
            "column": 28
          }
        },
        "line": 50
      }
    },
    "branchMap": {},
    "s": {
      "0": 50,
      "1": 50,
      "2": 7,
      "3": 7,
      "4": 7,
      "5": 7,
      "6": 0,
      "7": 0,
      "8": 0,
      "9": 50,
      "10": 50,
      "11": 50,
      "12": 50,
      "13": 50,
      "14": 43,
      "15": 50,
      "16": 29,
      "17": 50,
      "18": 57,
      "19": 50,
      "20": 43
    },
    "f": {
      "0": 7,
      "1": 7,
      "2": 0,
      "3": 43,
      "4": 29,
      "5": 57,
      "6": 43
    },
    "b": {},
    "_coverageSchema": "1a1c01bbd47fc00a2c39e90264f33305004495a9",
    "hash": "a17cc597899bd8711e3b8cd2e825670d92b6870c"
  },
  "/Users/kostast/Documents/GitHub/react-star-wars-api/src/pages/Film.tsx": {
    "path": "/Users/kostast/Documents/GitHub/react-star-wars-api/src/pages/Film.tsx",
    "statementMap": {
      "0": {
        "start": {
          "line": 20,
          "column": 13
        },
        "end": {
          "line": 90,
          "column": 1
        }
      },
      "1": {
        "start": {
          "line": 22,
          "column": 23
        },
        "end": {
          "line": 22,
          "column": 34
        }
      },
      "2": {
        "start": {
          "line": 25,
          "column": 41
        },
        "end": {
          "line": 25,
          "column": 68
        }
      },
      "3": {
        "start": {
          "line": 26,
          "column": 33
        },
        "end": {
          "line": 26,
          "column": 58
        }
      },
      "4": {
        "start": {
          "line": 27,
          "column": 28
        },
        "end": {
          "line": 27,
          "column": 49
        }
      },
      "5": {
        "start": {
          "line": 28,
          "column": 38
        },
        "end": {
          "line": 28,
          "column": 63
        }
      },
      "6": {
        "start": {
          "line": 31,
          "column": 28
        },
        "end": {
          "line": 31,
          "column": 43
        }
      },
      "7": {
        "start": {
          "line": 34,
          "column": 17
        },
        "end": {
          "line": 34,
          "column": 36
        }
      },
      "8": {
        "start": {
          "line": 37,
          "column": 18
        },
        "end": {
          "line": 37,
          "column": 31
        }
      },
      "9": {
        "start": {
          "line": 40,
          "column": 25
        },
        "end": {
          "line": 40,
          "column": 38
        }
      },
      "10": {
        "start": {
          "line": 43,
          "column": 2
        },
        "end": {
          "line": 46,
          "column": 38
        }
      },
      "11": {
        "start": {
          "line": 44,
          "column": 21
        },
        "end": {
          "line": 44,
          "column": 75
        }
      },
      "12": {
        "start": {
          "line": 45,
          "column": 4
        },
        "end": {
          "line": 45,
          "column": 49
        }
      },
      "13": {
        "start": {
          "line": 50,
          "column": 4
        },
        "end": {
          "line": 50,
          "column": 63
        }
      },
      "14": {
        "start": {
          "line": 52,
          "column": 19
        },
        "end": {
          "line": 52,
          "column": 47
        }
      },
      "15": {
        "start": {
          "line": 56,
          "column": 2
        },
        "end": {
          "line": 58,
          "column": 3
        }
      },
      "16": {
        "start": {
          "line": 57,
          "column": 4
        },
        "end": {
          "line": 57,
          "column": 69
        }
      },
      "17": {
        "start": {
          "line": 61,
          "column": 23
        },
        "end": {
          "line": 63,
          "column": 3
        }
      },
      "18": {
        "start": {
          "line": 62,
          "column": 4
        },
        "end": {
          "line": 62,
          "column": 21
        }
      },
      "19": {
        "start": {
          "line": 66,
          "column": 24
        },
        "end": {
          "line": 68,
          "column": 3
        }
      },
      "20": {
        "start": {
          "line": 67,
          "column": 4
        },
        "end": {
          "line": 67,
          "column": 16
        }
      },
      "21": {
        "start": {
          "line": 71,
          "column": 2
        },
        "end": {
          "line": 89,
          "column": 4
        }
      }
    },
    "fnMap": {
      "0": {
        "name": "(anonymous_0)",
        "decl": {
          "start": {
            "line": 20,
            "column": 13
          },
          "end": {
            "line": 20,
            "column": 14
          }
        },
        "loc": {
          "start": {
            "line": 20,
            "column": 19
          },
          "end": {
            "line": 90,
            "column": 1
          }
        },
        "line": 20
      },
      "1": {
        "name": "(anonymous_1)",
        "decl": {
          "start": {
            "line": 43,
            "column": 12
          },
          "end": {
            "line": 43,
            "column": 13
          }
        },
        "loc": {
          "start": {
            "line": 43,
            "column": 18
          },
          "end": {
            "line": 46,
            "column": 3
          }
        },
        "line": 43
      },
      "2": {
        "name": "(anonymous_2)",
        "decl": {
          "start": {
            "line": 61,
            "column": 23
          },
          "end": {
            "line": 61,
            "column": 24
          }
        },
        "loc": {
          "start": {
            "line": 61,
            "column": 29
          },
          "end": {
            "line": 63,
            "column": 3
          }
        },
        "line": 61
      },
      "3": {
        "name": "(anonymous_3)",
        "decl": {
          "start": {
            "line": 66,
            "column": 24
          },
          "end": {
            "line": 66,
            "column": 25
          }
        },
        "loc": {
          "start": {
            "line": 66,
            "column": 30
          },
          "end": {
            "line": 68,
            "column": 3
          }
        },
        "line": 66
      }
    },
    "branchMap": {
      "0": {
        "loc": {
          "start": {
            "line": 56,
            "column": 2
          },
          "end": {
            "line": 58,
            "column": 3
          }
        },
        "type": "if",
        "locations": [
          {
            "start": {
              "line": 56,
              "column": 2
            },
            "end": {
              "line": 58,
              "column": 3
            }
          },
          {
            "start": {
              "line": 56,
              "column": 2
            },
            "end": {
              "line": 58,
              "column": 3
            }
          }
        ],
        "line": 56
      },
      "1": {
        "loc": {
          "start": {
            "line": 57,
            "column": 23
          },
          "end": {
            "line": 57,
            "column": 68
          }
[...]
            "column": 49
          },
          "end": {
            "line": 78,
            "column": 1
          }
        },
        "line": 7
      },
      "1": {
        "name": "(anonymous_1)",
        "decl": {
          "start": {
            "line": 19,
            "column": 33
          },
          "end": {
            "line": 19,
            "column": 34
          }
        },
        "loc": {
          "start": {
            "line": 19,
            "column": 39
          },
          "end": {
            "line": 21,
            "column": 5
          }
        },
        "line": 19
      }
    },
    "branchMap": {
      "0": {
        "loc": {
          "start": {
            "line": 12,
            "column": 24
          },
          "end": {
            "line": 12,
            "column": 77
          }
        },
        "type": "cond-expr",
        "locations": [
          {
            "start": {
              "line": 12,
              "column": 48
            },
            "end": {
              "line": 12,
              "column": 69
            }
          },
          {
            "start": {
              "line": 12,
              "column": 72
            },
            "end": {
              "line": 12,
              "column": 77
            }
          }
        ],
        "line": 12
      },
      "1": {
        "loc": {
          "start": {
            "line": 13,
            "column": 25
          },
          "end": {
            "line": 13,
            "column": 77
          }
        },
        "type": "cond-expr",
        "locations": [
          {
            "start": {
              "line": 13,
              "column": 50
            },
            "end": {
              "line": 13,
              "column": 72
            }
          },
          {
            "start": {
              "line": 13,
              "column": 75
            },
            "end": {
              "line": 13,
              "column": 77
            }
          }
        ],
        "line": 13
      },
      "2": {
        "loc": {
          "start": {
            "line": 14,
            "column": 22
          },
          "end": {
            "line": 14,
            "column": 70
          }
        },
        "type": "cond-expr",
        "locations": [
          {
            "start": {
              "line": 14,
              "column": 44
            },
            "end": {
              "line": 14,
              "column": 63
            }
          },
          {
            "start": {
              "line": 14,
              "column": 66
            },
            "end": {
              "line": 14,
              "column": 70
            }
          }
        ],
        "line": 14
      },
      "3": {
        "loc": {
          "start": {
            "line": 17,
            "column": 21
          },
          "end": {
            "line": 17,
            "column": 55
          }
        },
        "type": "cond-expr",
        "locations": [
          {
            "start": {
              "line": 17,
              "column": 36
            },
            "end": {
              "line": 17,
              "column": 48
            }
          },
          {
            "start": {
              "line": 17,
              "column": 51
            },
            "end": {
              "line": 17,
              "column": 55
            }
          }
        ],
        "line": 17
      },
      "4": {
        "loc": {
          "start": {
            "line": 44,
            "column": 4
          },
          "end": {
            "line": 44,
            "column": 57
          }
        },
        "type": "if",
        "locations": [
          {
            "start": {
              "line": 44,
              "column": 4
            },
            "end": {
              "line": 44,
              "column": 57
            }
          },
          {
            "start": {
              "line": 44,
              "column": 4
            },
            "end": {
              "line": 44,
              "column": 57
            }
          }
        ],
        "line": 44
      },
      "5": {
        "loc": {
          "start": {
            "line": 72,
            "column": 4
          },
          "end": {
            "line": 76,
            "column": 49
          }
        },
        "type": "if",
        "locations": [
          {
            "start": {
              "line": 72,
              "column": 4
            },
            "end": {
              "line": 76,
              "column": 49
            }
          },
          {
            "start": {
              "line": 72,
              "column": 4
            },
            "end": {
              "line": 76,
              "column": 49
            }
          }
        ],
        "line": 72
      },
      "6": {
        "loc": {
          "start": {
            "line": 74,
            "column": 8
          },
          "end": {
            "line": 74,
            "column": 58
          }
        },
        "type": "cond-expr",
        "locations": [
          {
            "start": {
              "line": 74,
              "column": 38
            },
            "end": {
              "line": 74,
              "column": 45
            }
          },
          {
            "start": {
              "line": 74,
              "column": 48
            },
            "end": {
              "line": 74,
              "column": 58
            }
          }
        ],
        "line": 74
      }
    },
    "s": {
      "0": 7,
      "1": 7,
      "2": 7,
      "3": 7,
      "4": 7,
      "5": 7,
      "6": 7,
      "7": 7,
      "8": 7,
      "9": 0,
      "10": 7,
      "11": 7,
      "12": 7,
      "13": 7,
      "14": 0,
      "15": 7,
      "16": 7,
      "17": 7,
      "18": 0,
      "19": 0,
      "20": 0,
      "21": 0
    },
    "f": {
      "0": 7,
      "1": 0
    },
    "b": {
      "0": [
        0,
        7
      ],
      "1": [
        0,
        7
      ],
      "2": [
        0,
        7
      ],
      "3": [
        0,
        7
      ],
      "4": [
        0,
        7
      ],
      "5": [
        0,
        0
      ],
      "6": [
        0,
        0
      ]
    },
    "_coverageSchema": "1a1c01bbd47fc00a2c39e90264f33305004495a9",
    "hash": "f734ac4b0a914600498cedf6f921e19a88f481fd"
  },
  "/Users/kostast/Documents/GitHub/react-star-wars-api/src/sagas/authSaga.ts": {
    "path": "/Users/kostast/Documents/GitHub/react-star-wars-api/src/sagas/authSaga.ts",
    "statementMap": {
      "0": {
        "start": {
          "line": 12,
          "column": 2
        },
        "end": {
          "line": 18,
          "column": 3
        }
      },
      "1": {
        "start": {
          "line": 13,
          "column": 4
        },
        "end": {
          "line": 13,
          "column": 52
        }
      },
      "2": {
        "start": {
          "line": 14,
          "column": 4
        },
        "end": {
          "line": 14,
          "column": 30
        }
      },
      "3": {
        "start": {
          "line": 16,
          "column": 4
        },
        "end": {
          "line": 17,
          "column": 45
        }
      },
      "4": {
        "start": {
          "line": 16,
          "column": 35
        },
        "end": {
          "line": 16,
          "column": 63
        }
      },
      "5": {
        "start": {
          "line": 17,
          "column": 9
        },
        "end": {
          "line": 17,
          "column": 45
        }
      },
      "6": {
        "start": {
          "line": 22,
          "column": 2
        },
        "end": {
          "line": 28,
          "column": 3
        }
      },
      "7": {
        "start": {
          "line": 23,
          "column": 4
        },
        "end": {
          "line": 23,
          "column": 53
        }
      },
      "8": {
        "start": {
          "line": 24,
          "column": 4
        },
        "end": {
          "line": 24,
          "column": 31
        }
      },
      "9": {
        "start": {
          "line": 26,
          "column": 4
        },
        "end": {
          "line": 27,
          "column": 47
        }
      },
      "10": {
        "start": {
          "line": 26,
          "column": 35
        },
        "end": {
          "line": 26,
          "column": 64
        }
      },
      "11": {
        "start": {
          "line": 27,
          "column": 9
        },
        "end": {
          "line": 27,
          "column": 47
        }
      }
    },
    "fnMap": {
      "0": {
        "name": "watchLoginSaga",
        "decl": {
          "start": {
            "line": 11,
            "column": 17
          },
          "end": {
            "line": 11,
            "column": 31
          }
        },
        "loc": {
          "start": {
            "line": 11,
            "column": 34
          },
          "end": {
            "line": 19,
            "column": 1
          }
        },
        "line": 11
      },
      "1": {
        "name": "watchLogOutSaga",
        "decl": {
          "start": {
            "line": 21,
            "column": 17
          },
          "end": {
            "line": 21,
            "column": 32
          }
        },
        "loc": {
          "start": {
            "line": 21,
            "column": 35
          },
          "end": {
            "line": 29,
            "column": 1
          }
        },
        "line": 21
      }
    },
    "branchMap": {
      "0": {
        "loc": {
          "start": {
            "line": 16,
            "column": 4
          },
          "end": {
            "line": 17,
            "column": 45
          }
        },
        "type": "if",
        "locations": [
          {
            "start": {
              "line": 16,
              "column": 4
            },
            "end": {
              "line": 17,
              "column": 45
            }
          },
          {
            "start": {
              "line": 16,
              "column": 4
            },
            "end": {
              "line": 17,
              "column": 45
            }
          }
        ],
        "line": 16
      },
      "1": {
        "loc": {
          "start": {
            "line": 26,
            "column": 4
          },
          "end": {
            "line": 27,
            "column": 47
          }
        },
        "type": "if",
        "locations": [
          {
            "start": {
              "line": 26,
              "column": 4
            },
            "end": {
              "line": 27,
              "column": 47
            }
          },
          {
            "start": {
              "line": 26,
              "column": 4
            },
            "end": {
              "line": 27,
              "column": 47
            }
          }
        ],
        "line": 26
      }
    },
    "s": {
      "0": 46,
      "1": 46,
      "2": 46,
      "3": 0,
      "4": 0,
      "5": 0,
      "6": 28,
      "7": 28,
      "8": 28,
      "9": 0,
      "10": 0,
      "11": 0
    },
    "f": {
      "0": 46,
      "1": 28
    },
    "b": {
      "0": [
        0,
        0
      ],
      "1": [
        0,
        0
      ]
    },
    "_coverageSchema": "1a1c01bbd47fc00a2c39e90264f33305004495a9",
    "hash": "5f29cd0d8ae18d12d499362c533c79d17c1d2139"
  },
  "/Users/kostast/Documents/GitHub/react-star-wars-api/src/sagas/rootSagas.ts": {
    "path": "/Users/kostast/Documents/GitHub/react-star-wars-api/src/sagas/rootSagas.ts",
    "statementMap": {
      "0": {
        "start": {
          "line": 12,
          "column": 2
        },
        "end": {
          "line": 12,
          "column": 67
        }
      },
      "1": {
        "start": {
          "line": 13,
          "column": 2
        },
        "end": {
          "line": 13,
          "column": 73
        }
      },
      "2": {
        "start": {
          "line": 14,
          "column": 2
        },
        "end": {
          "line": 14,
          "column": 53
        }
      },
      "3": {
        "start": {
          "line": 15,
          "column": 2
        },
        "end": {
          "line": 15,
          "column": 55
        }
      }
    },
    "fnMap": {
      "0": {
        "name": "rootSagas",
        "decl": {
          "start": {
            "line": 11,
            "column": 10
          },
          "end": {
            "line": 11,
            "column": 19
          }
        },
        "loc": {
          "start": {
            "line": 11,
            "column": 22
          },
          "end": {
            "line": 16,
            "column": 1
          }
        },
        "line": 11
      }
    },
    "branchMap": {},
    "s": {
      "0": 50,
      "1": 50,
      "2": 50,
      "3": 50
    },
    "f": {
      "0": 50
    },
    "b": {},
    "_coverageSchema": "1a1c01bbd47fc00a2c39e90264f33305004495a9",
    "hash": "52c643d581aaab1c1705a0a273322cd7717d3259"
  },
  "/Users/kostast/Documents/GitHub/react-star-wars-api/src/store/store.ts": {
    "path": "/Users/kostast/Documents/GitHub/react-star-wars-api/src/store/store.ts",
    "statementMap": {
      "0": {
        "start": {
          "line": 12,
          "column": 23
        },
        "end": {
          "line": 12,
          "column": 45
        }
      },
      "1": {
        "start": {
          "line": 13,
          "column": 27
        },
        "end": {
          "line": 17,
          "column": 1
        }
      },
      "2": {
        "start": {
          "line": 20,
          "column": 19
        },
        "end": {
          "line": 23,
          "column": 2
        }
      },
      "3": {
        "start": {
          "line": 24,
          "column": 0
        },
        "end": {
          "line": 24,
          "column": 30
        }
      }
    },
    "fnMap": {},
    "branchMap": {},
    "s": {
      "0": 50,
      "1": 50,
      "2": 50,
      "3": 50
    },
    "f": {},
    "b": {},
    "_coverageSchema": "1a1c01bbd47fc00a2c39e90264f33305004495a9",
    "hash": "a11364b7d224995a95c078e30144b16f33e90f7f"
  },
  "/Users/kostast/Documents/GitHub/react-star-wars-api/src/index.tsx": {
    "path": "/Users/kostast/Documents/GitHub/react-star-wars-api/src/index.tsx",
    "statementMap": {
      "0": {
        "start": {
          "line": 12,
          "column": 2
        },
        "end": {
          "line": 12,
          "column": 75
        }
      },
      "1": {
        "start": {
          "line": 16,
          "column": 24
        },
        "end": {
          "line": 16,
          "column": 50
        }
      },
      "2": {
        "start": {
          "line": 18,
          "column": 19
        },
        "end": {
          "line": 22,
          "column": 1
        }
      },
      "3": {
        "start": {
          "line": 19,
          "column": 2
        },
        "end": {
          "line": 21,
          "column": 3
        }
      },
      "4": {
        "start": {
          "line": 20,
          "column": 4
        },
        "end": {
          "line": 20,
          "column": 25
        }
      },
      "5": {
        "start": {
          "line": 24,
          "column": 0
        },
        "end": {
          "line": 33,
          "column": 3
        }
      },
      "6": {
        "start": {
          "line": 25,
          "column": 15
        },
        "end": {
          "line": 25,
          "column": 68
        }
      },
      "7": {
        "start": {
          "line": 26,
          "column": 2
        },
        "end": {
          "line": 32,
          "column": 4
        }
      }
    },
    "fnMap": {
      "0": {
        "name": "(anonymous_0)",
        "decl": {
          "start": {
            "line": 18,
            "column": 19
          },
          "end": {
            "line": 18,
            "column": 20
          }
        },
        "loc": {
          "start": {
            "line": 18,
            "column": 31
          },
          "end": {
            "line": 22,
            "column": 1
          }
        },
        "line": 18
      },
      "1": {
        "name": "(anonymous_1)",
        "decl": {
          "start": {
            "line": 24,
            "column": 18
          },
          "end": {
            "line": 24,
            "column": 19
          }
        },
        "loc": {
          "start": {
            "line": 24,
            "column": 24
          },
          "end": {
            "line": 33,
            "column": 1
          }
        },
        "line": 24
      }
    },
    "branchMap": {
      "0": {
        "loc": {
          "start": {
            "line": 12,
            "column": 2
          },
          "end": {
            "line": 12,
            "column": 75
          }
        },
        "type": "binary-expr",
        "locations": [
          {
            "start": {
              "line": 12,
              "column": 2
            },
            "end": {
              "line": 12,
              "column": 36
            }
          },
          {
            "start": {
              "line": 12,
              "column": 40
            },
            "end": {
              "line": 12,
              "column": 75
            }
          }
        ],
        "line": 12
      },
      "1": {
        "loc": {
          "start": {
            "line": 16,
            "column": 24
          },
          "end": {
            "line": 16,
            "column": 50
          }
        },
        "type": "binary-expr",
        "locations": [
          {
            "start": {
              "line": 16,
              "column": 24
            },
            "end": {
              "line": 16,
              "column": 38
            }
          },
          {
            "start": {
              "line": 16,
              "column": 42
            },
            "end": {
              "line": 16,
              "column": 50
            }
          }
        ],
        "line": 16
      },
      "2": {
        "loc": {
          "start": {
            "line": 19,
            "column": 2
          },
          "end": {
            "line": 21,
            "column": 3
          }
        },
        "type": "if",
        "locations": [
          {
            "start": {
              "line": 19,
              "column": 2
            },
            "end": {
              "line": 21,
              "column": 3
            }
          },
          {
            "start": {
              "line": 19,
              "column": 2
            },
            "end": {
              "line": 21,
              "column": 3
            }
          }
        ],
        "line": 19
      }
    },
    "s": {
      "0": 50,
      "1": 50,
      "2": 50,
      "3": 50,
      "4": 50,
      "5": 50,
      "6": 50,
      "7": 50
    },
    "f": {
      "0": 50,
      "1": 50
    },
    "b": {
      "0": [
        50,
        50
      ],
      "1": [
        50,
        50
      ],
      "2": [
        50,
        0
      ]
    },
    "_coverageSchema": "1a1c01bbd47fc00a2c39e90264f33305004495a9",
    "hash": "74f9d3d3f2158e929d98d746b26145128385feda"
  },
  "/Users/kostast/Documents/GitHub/react-star-wars-api/src/image.d.ts": {
    "path": "/Users/kostast/Documents/GitHub/react-star-wars-api/src/image.d.ts",
    "statementMap": {},
    "fnMap": {},
    "branchMap": {},
    "s": {},
    "f": {},
    "b": {}
  },
  "/Users/kostast/Documents/GitHub/react-star-wars-api/src/index.d.ts": {
    "path": "/Users/kostast/Documents/GitHub/react-star-wars-api/src/index.d.ts",
    "statementMap": {},
    "fnMap": {},
    "branchMap": {},
    "s": {},
    "f": {},
    "b": {}
  },
  "/Users/kostast/Documents/GitHub/react-star-wars-api/src/react-app-env.d.ts": {
    "path": "/Users/kostast/Documents/GitHub/react-star-wars-api/src/react-app-env.d.ts",
    "statementMap": {},
    "fnMap": {},
    "branchMap": {},
    "s": {},
    "f": {},
    "b": {}
  }
}
