<?xml version="1.0" encoding="UTF-8"?>
<coverage generated="1655290671536" clover="3.2.0">
  <project timestamp="1655290671536" name="All files">
    <metrics statements="273" coveredstatements="187" conditionals="104" coveredconditionals="60" methods="72" coveredmethods="39" elements="449" coveredelements="286" complexity="0" loc="273" ncloc="273" packages="15" files="36" classes="36"/>
    <package name="src">
      <metrics statements="9" coveredstatements="0" conditionals="6" coveredconditionals="0" methods="3" coveredmethods="0"/>
      <file name="App.tsx" path="/home/myros/Desktop/react-star-wars-api/src/App.tsx">
        <metrics statements="1" coveredstatements="0" conditionals="0" coveredconditionals="0" methods="1" coveredmethods="0"/>
        <line num="6" count="0" type="stmt"/>
      </file>
      <file name="image.d.ts" path="/home/myros/Desktop/react-star-wars-api/src/image.d.ts">
        <metrics statements="0" coveredstatements="0" conditionals="0" coveredconditionals="0" methods="0" coveredmethods="0"/>
      </file>
      <file name="index.d.ts" path="/home/myros/Desktop/react-star-wars-api/src/index.d.ts">
        <metrics statements="0" coveredstatements="0" conditionals="0" coveredconditionals="0" methods="0" coveredmethods="0"/>
      </file>
      <file name="index.tsx" path="/home/myros/Desktop/react-star-wars-api/src/index.tsx">
        <metrics statements="8" coveredstatements="0" conditionals="6" coveredconditionals="0" methods="2" coveredmethods="0"/>
        <line num="12" count="0" type="cond" truecount="0" falsecount="2"/>
        <line num="16" count="0" type="cond" truecount="0" falsecount="2"/>
        <line num="18" count="0" type="stmt"/>
        <line num="19" count="0" type="cond" truecount="0" falsecount="2"/>
        <line num="20" count="0" type="stmt"/>
        <line num="24" count="0" type="stmt"/>
        <line num="25" count="0" type="stmt"/>
        <line num="26" count="0" type="stmt"/>
      </file>
      <file name="react-app-env.d.ts" path="/home/myros/Desktop/react-star-wars-api/src/react-app-env.d.ts">
        <metrics statements="0" coveredstatements="0" conditionals="0" coveredconditionals="0" methods="0" coveredmethods="0"/>
      </file>
    </package>
    <package name="src.components.FilmInfo">
      <metrics statements="12" coveredstatements="12" conditionals="0" coveredconditionals="0" methods="5" coveredmethods="5"/>
      <file name="FilmInfo.tsx" path="/home/myros/Desktop/react-star-wars-api/src/components/FilmInfo/FilmInfo.tsx">
        <metrics statements="12" coveredstatements="12" conditionals="0" coveredconditionals="0" methods="5" coveredmethods="5"/>
        <line num="6" count="1" type="stmt"/>
        <line num="8" count="1" type="stmt"/>
        <line num="10" count="2" type="stmt"/>
        <line num="13" count="2" type="stmt"/>
        <line num="18" count="2" type="stmt"/>
        <line num="21" count="4" type="stmt"/>
        <line num="26" count="2" type="stmt"/>
        <line num="31" count="10" type="stmt"/>
        <line num="33" count="2" type="stmt"/>
        <line num="38" count="6" type="stmt"/>
        <line num="42" count="2" type="stmt"/>
        <line num="115" count="2" type="stmt"/>
      </file>
    </package>
    <package name="src.components.FilmsTable">
      <metrics statements="12" coveredstatements="12" conditionals="0" coveredconditionals="0" methods="5" coveredmethods="5"/>
      <file name="FilmsTable.tsx" path="/home/myros/Desktop/react-star-wars-api/src/components/FilmsTable/FilmsTable.tsx">
        <metrics statements="12" coveredstatements="12" conditionals="0" coveredconditionals="0" methods="5" coveredmethods="5"/>
        <line num="8" count="1" type="stmt"/>
        <line num="10" count="1" type="stmt"/>
        <line num="12" count="4" type="stmt"/>
        <line num="15" count="4" type="stmt"/>
        <line num="20" count="24" type="stmt"/>
        <line num="23" count="40" type="stmt"/>
        <line num="28" count="4" type="stmt"/>
        <line num="33" count="24" type="stmt"/>
        <line num="35" count="4" type="stmt"/>
        <line num="40" count="24" type="stmt"/>
        <line num="53" count="4" type="stmt"/>
        <line num="98" count="4" type="stmt"/>
      </file>
    </package>
    <package name="src.components.Footer">
      <metrics statements="3" coveredstatements="3" conditionals="0" coveredconditionals="0" methods="1" coveredmethods="1"/>
      <file name="Footer.tsx" path="/home/myros/Desktop/react-star-wars-api/src/components/Footer/Footer.tsx">
        <metrics statements="3" coveredstatements="3" conditionals="0" coveredconditionals="0" methods="1" coveredmethods="1"/>
        <line num="3" count="2" type="stmt"/>
        <line num="5" count="2" type="stmt"/>
        <line num="6" count="18" type="stmt"/>
      </file>
    </package>
    <package name="src.components.Header">
      <metrics statements="6" coveredstatements="5" conditionals="2" coveredconditionals="2" methods="2" coveredmethods="1"/>
      <file name="Header.tsx" path="/home/myros/Desktop/react-star-wars-api/src/components/Header/Header.tsx">
        <metrics statements="6" coveredstatements="5" conditionals="2" coveredconditionals="2" methods="2" coveredmethods="1"/>
        <line num="9" count="2" type="stmt"/>
        <line num="11" count="2" type="stmt"/>
        <line num="13" count="18" type="stmt"/>
        <line num="16" count="18" type="stmt"/>
        <line num="17" count="0" type="stmt"/>
        <line num="21" count="18" type="stmt"/>
      </file>
    </package>
    <package name="src.components.LogIn">
      <metrics statements="14" coveredstatements="12" conditionals="14" coveredconditionals="14" methods="4" coveredmethods="2"/>
      <file name="LogInForm.tsx" path="/home/myros/Desktop/react-star-wars-api/src/components/LogIn/LogInForm.tsx">
        <metrics statements="14" coveredstatements="12" conditionals="14" coveredconditionals="14" methods="4" coveredmethods="2"/>
        <line num="7" count="1" type="stmt"/>
        <line num="9" count="1" type="stmt"/>
        <line num="11" count="69" type="stmt"/>
        <line num="14" count="69" type="stmt"/>
        <line num="15" count="0" type="stmt"/>
        <line num="18" count="0" type="stmt"/>
        <line num="28" count="69" type="stmt"/>
        <line num="34" count="69" type="stmt"/>
        <line num="37" count="33" type="stmt"/>
        <line num="38" count="33" type="cond" truecount="2" falsecount="0"/>
        <line num="39" count="33" type="cond" truecount="2" falsecount="0"/>
        <line num="40" count="33" type="stmt"/>
        <line num="44" count="69" type="stmt"/>
        <line num="53" count="69" type="stmt"/>
      </file>
    </package>
    <package name="src.components.NotFound">
      <metrics statements="3" coveredstatements="0" conditionals="0" coveredconditionals="0" methods="1" coveredmethods="0"/>
      <file name="NotFound.tsx" path="/home/myros/Desktop/react-star-wars-api/src/components/NotFound/NotFound.tsx">
        <metrics statements="3" coveredstatements="0" conditionals="0" coveredconditionals="0" methods="1" coveredmethods="0"/>
        <line num="1" count="0" type="stmt"/>
        <line num="3" count="0" type="stmt"/>
        <line num="4" count="0" type="stmt"/>
      </file>
    </package>
    <package name="src.components.UI">
      <metrics statements="22" coveredstatements="8" conditionals="8" coveredconditionals="7" methods="6" coveredmethods="2"/>
      <file name="Button.tsx" path="/home/myros/Desktop/react-star-wars-api/src/components/UI/Button.tsx">
        <metrics statements="3" coveredstatements="3" conditionals="6" coveredconditionals="6" methods="1" coveredmethods="1"/>
        <line num="1" count="3" type="stmt"/>
        <line num="3" count="3" type="stmt"/>
        <line num="4" count="87" type="stmt"/>
      </file>
      <file name="Modal.tsx" path="/home/myros/Desktop/react-star-wars-api/src/components/UI/Modal.tsx">
        <metrics statements="3" coveredstatements="2" conditionals="0" coveredconditionals="0" methods="1" coveredmethods="0"/>
        <line num="6" count="2" type="stmt"/>
        <line num="8" count="2" type="stmt"/>
        <line num="9" count="0" type="stmt"/>
      </file>
      <file name="Spinner.tsx" path="/home/myros/Desktop/react-star-wars-api/src/components/UI/Spinner.tsx">
        <metrics statements="3" coveredstatements="3" conditionals="2" coveredconditionals="1" methods="1" coveredmethods="1"/>
        <line num="1" count="2" type="stmt"/>
        <line num="3" count="2" type="stmt"/>
        <line num="4" count="6" type="stmt"/>
      </file>
      <file name="Star.tsx" path="/home/myros/Desktop/react-star-wars-api/src/components/UI/Star.tsx">
        <metrics statements="3" coveredstatements="0" conditionals="0" coveredconditionals="0" methods="1" coveredmethods="0"/>
        <line num="3" count="0" type="stmt"/>
        <line num="5" count="0" type="stmt"/>
        <line num="13" count="0" type="stmt"/>
      </file>
      <file name="Stars.tsx" path="/home/myros/Desktop/react-star-wars-api/src/components/UI/Stars.tsx">
        <metrics statements="10" coveredstatements="0" conditionals="0" coveredconditionals="0" methods="2" coveredmethods="0"/>
        <line num="4" count="0" type="stmt"/>
        <line num="5" count="0" type="stmt"/>
        <line num="8" count="0" type="stmt"/>
        <line num="9" count="0" type="stmt"/>
        <line num="14" count="0" type="stmt"/>
        <line num="16" count="0" type="stmt"/>
        <line num="17" count="0" type="stmt"/>
        <line num="18" count="0" type="stmt"/>
        <line num="24" count="0" type="stmt"/>
        <line num="34" count="0" type="stmt"/>
      </file>
    </package>
    <package name="src.mocks">
      <metrics statements="15" coveredstatements="8" conditionals="0" coveredconditionals="0" methods="4" coveredmethods="0"/>
      <file name="browser.ts" path="/home/myros/Desktop/react-star-wars-api/src/mocks/browser.ts">
        <metrics statements="3" coveredstatements="0" conditionals="0" coveredconditionals="0" methods="0" coveredmethods="0"/>
        <line num="6" count="0" type="stmt"/>
        <line num="8" count="0" type="stmt"/>
        <line num="9" count="0" type="stmt"/>
      </file>
      <file name="handlers.ts" path="/home/myros/Desktop/react-star-wars-api/src/mocks/handlers.ts">
        <metrics statements="11" coveredstatements="7" conditionals="0" coveredconditionals="0" methods="4" coveredmethods="0"/>
        <line num="4" count="3" type="stmt"/>
        <line num="515" count="3" type="stmt"/>
        <line num="577" count="3" type="stmt"/>
        <line num="580" count="0" type="stmt"/>
        <line num="583" count="3" type="stmt"/>
        <line num="586" count="0" type="stmt"/>
        <line num="591" count="3" type="stmt"/>
        <line num="594" count="0" type="stmt"/>
        <line num="597" count="3" type="stmt"/>
        <line num="600" count="0" type="stmt"/>
        <line num="604" count="3" type="stmt"/>
      </file>
      <file name="server.ts" path="/home/myros/Desktop/react-star-wars-api/src/mocks/server.ts">
        <metrics statements="1" coveredstatements="1" conditionals="0" coveredconditionals="0" methods="0" coveredmethods="0"/>
        <line num="6" count="3" type="stmt"/>
      </file>
    </package>
    <package name="src.pages">
      <metrics statements="42" coveredstatements="36" conditionals="28" coveredconditionals="19" methods="8" coveredmethods="5"/>
      <file name="Film.tsx" path="/home/myros/Desktop/react-star-wars-api/src/pages/Film.tsx">
        <metrics statements="22" coveredstatements="19" conditionals="13" coveredconditionals="9" methods="4" coveredmethods="2"/>
        <line num="20" count="1" type="stmt"/>
        <line num="22" count="6" type="stmt"/>
        <line num="25" count="6" type="stmt"/>
        <line num="26" count="6" type="stmt"/>
        <line num="27" count="6" type="stmt"/>
        <line num="28" count="6" type="stmt"/>
        <line num="31" count="6" type="stmt"/>
        <line num="34" count="6" type="stmt"/>
        <line num="37" count="6" type="stmt"/>
        <line num="40" count="6" type="stmt"/>
        <line num="43" count="6" type="stmt"/>
        <line num="44" count="2" type="stmt"/>
        <line num="45" count="2" type="stmt"/>
        <line num="50" count="6" type="stmt"/>
        <line num="52" count="6" type="stmt"/>
        <line num="56" count="6" type="cond" truecount="1" falsecount="1"/>
        <line num="57" count="0" type="cond" truecount="0" falsecount="2"/>
        <line num="61" count="6" type="stmt"/>
        <line num="62" count="0" type="stmt"/>
        <line num="66" count="6" type="stmt"/>
        <line num="67" count="0" type="stmt"/>
        <line num="71" count="6" type="stmt"/>
      </file>
      <file name="Films.tsx" path="/home/myros/Desktop/react-star-wars-api/src/pages/Films.tsx">
        <metrics statements="15" coveredstatements="13" conditionals="13" coveredconditionals="9" methods="3" coveredmethods="2"/>
        <line num="19" count="1" type="stmt"/>
        <line num="21" count="12" type="stmt"/>
        <line num="24" count="12" type="stmt"/>
        <line num="25" count="12" type="stmt"/>
        <line num="26" count="12" type="stmt"/>
        <line num="27" count="12" type="stmt"/>
        <line num="30" count="12" type="stmt"/>
        <line num="33" count="12" type="stmt"/>
        <line num="34" count="4" type="stmt"/>
        <line num="35" count="4" type="stmt"/>
        <line num="40" count="12" type="cond" truecount="1" falsecount="1"/>
        <line num="41" count="0" type="stmt"/>
        <line num="55" count="12" type="stmt"/>
        <line num="56" count="0" type="stmt"/>
        <line num="60" count="12" type="stmt"/>
      </file>
      <file name="Welcome.tsx" path="/home/myros/Desktop/react-star-wars-api/src/pages/Welcome.tsx">
        <metrics statements="5" coveredstatements="4" conditionals="2" coveredconditionals="1" methods="1" coveredmethods="1"/>
        <line num="7" count="1" type="stmt"/>
        <line num="9" count="3" type="stmt"/>
        <line num="14" count="3" type="cond" truecount="1" falsecount="1"/>
        <line num="15" count="0" type="stmt"/>
        <line num="20" count="3" type="stmt"/>
      </file>
    </package>
    <package name="src.routes">
      <metrics statements="8" coveredstatements="0" conditionals="4" coveredconditionals="0" methods="3" coveredmethods="0"/>
      <file name="AllRoutes.tsx" path="/home/myros/Desktop/react-star-wars-api/src/routes/AllRoutes.tsx">
        <metrics statements="2" coveredstatements="0" conditionals="0" coveredconditionals="0" methods="1" coveredmethods="0"/>
        <line num="9" count="0" type="stmt"/>
        <line num="10" count="0" type="stmt"/>
      </file>
      <file name="NotAuthorized.tsx" path="/home/myros/Desktop/react-star-wars-api/src/routes/NotAuthorized.tsx">
        <metrics statements="3" coveredstatements="0" conditionals="2" coveredconditionals="0" methods="1" coveredmethods="0"/>
        <line num="5" count="0" type="stmt"/>
        <line num="7" count="0" type="stmt"/>
        <line num="10" count="0" type="cond" truecount="0" falsecount="2"/>
      </file>
      <file name="OnlyAuthorized.tsx" path="/home/myros/Desktop/react-star-wars-api/src/routes/OnlyAuthorized.tsx">
        <metrics statements="3" coveredstatements="0" conditionals="2" coveredconditionals="0" methods="1" coveredmethods="0"/>
        <line num="5" count="0" type="stmt"/>
        <line num="7" count="0" type="stmt"/>
        <line num="10" count="0" type="cond" truecount="0" falsecount="2"/>
      </file>
    </package>
    <package name="src.sagas">
      <metrics statements="55" coveredstatements="35" conditionals="32" coveredconditionals="10" methods="7" coveredmethods="3"/>
      <file name="authSaga.ts" path="/home/myros/Desktop/react-star-wars-api/src/sagas/authSaga.ts">
        <metrics statements="10" coveredstatements="0" conditionals="4" coveredconditionals="0" methods="2" coveredmethods="0"/>
        <line num="12" count="0" type="stmt"/>
        <line num="13" count="0" type="stmt"/>
        <line num="14" count="0" type="stmt"/>
        <line num="16" count="0" type="cond" truecount="0" falsecount="2"/>
        <line num="17" count="0" type="stmt"/>
        <line num="22" count="0" type="stmt"/>
        <line num="23" count="0" type="stmt"/>
        <line num="24" count="0" type="stmt"/>
        <line num="26" count="0" type="cond" truecount="0" falsecount="2"/>
        <line num="27" count="0" type="stmt"/>
      </file>
      <file name="filmSaga.ts" path="/home/myros/Desktop/react-star-wars-api/src/sagas/filmSaga.ts">
        <metrics statements="21" coveredstatements="16" conditionals="14" coveredconditionals="5" methods="2" coveredmethods="1"/>
        <line num="8" count="3" type="stmt"/>
        <line num="10" count="3" type="stmt"/>
        <line num="11" count="3" type="stmt"/>
        <line num="12" count="3" type="cond" truecount="1" falsecount="1"/>
        <line num="13" count="3" type="cond" truecount="1" falsecount="1"/>
        <line num="14" count="3" type="cond" truecount="1" falsecount="1"/>
        <line num="17" count="3" type="cond" truecount="1" falsecount="1"/>
        <line num="18" count="3" type="stmt"/>
        <line num="19" count="3" type="stmt"/>
        <line num="20" count="0" type="stmt"/>
        <line num="29" count="3" type="stmt"/>
        <line num="37" count="3" type="stmt"/>
        <line num="41" count="3" type="stmt"/>
        <line num="44" count="3" type="cond" truecount="1" falsecount="1"/>
        <line num="47" count="3" type="stmt"/>
        <line num="50" count="3" type="stmt"/>
        <line num="70" count="3" type="stmt"/>
        <line num="72" count="0" type="cond" truecount="0" falsecount="2"/>
        <line num="74" count="0" type="cond" truecount="0" falsecount="2"/>
        <line num="75" count="0" type="stmt"/>
        <line num="76" count="0" type="stmt"/>
      </file>
      <file name="filmsSaga.ts" path="/home/myros/Desktop/react-star-wars-api/src/sagas/filmsSaga.ts">
        <metrics statements="20" coveredstatements="15" conditionals="14" coveredconditionals="5" methods="2" coveredmethods="1"/>
        <line num="8" count="10" type="stmt"/>
        <line num="10" count="10" type="stmt"/>
        <line num="11" count="10" type="stmt"/>
        <line num="12" count="10" type="cond" truecount="1" falsecount="1"/>
        <line num="13" count="10" type="cond" truecount="1" falsecount="1"/>
        <line num="14" count="10" type="cond" truecount="1" falsecount="1"/>
        <line num="17" count="10" type="cond" truecount="1" falsecount="1"/>
        <line num="18" count="10" type="stmt"/>
        <line num="19" count="10" type="stmt"/>
        <line num="20" count="0" type="stmt"/>
        <line num="29" count="10" type="stmt"/>
        <line num="37" count="10" type="stmt"/>
        <line num="41" count="10" type="stmt"/>
        <line num="44" count="10" type="cond" truecount="1" falsecount="1"/>
        <line num="47" count="10" type="stmt"/>
        <line num="48" count="10" type="stmt"/>
        <line num="50" count="0" type="cond" truecount="0" falsecount="2"/>
        <line num="52" count="0" type="cond" truecount="0" falsecount="2"/>
        <line num="53" count="0" type="stmt"/>
        <line num="54" count="0" type="stmt"/>
      </file>
      <file name="rootSagas.ts" path="/home/myros/Desktop/react-star-wars-api/src/sagas/rootSagas.ts">
        <metrics statements="4" coveredstatements="4" conditionals="0" coveredconditionals="0" methods="1" coveredmethods="1"/>
        <line num="12" count="12" type="stmt"/>
        <line num="13" count="12" type="stmt"/>
        <line num="14" count="12" type="stmt"/>
        <line num="15" count="12" type="stmt"/>
      </file>
    </package>
    <package name="src.store">
      <metrics statements="64" coveredstatements="48" conditionals="0" coveredconditionals="0" methods="21" coveredmethods="13"/>
      <file name="authSlice.ts" path="/home/myros/Desktop/react-star-wars-api/src/store/authSlice.ts">
        <metrics statements="21" coveredstatements="11" conditionals="0" coveredconditionals="0" methods="7" coveredmethods="1"/>
        <line num="5" count="3" type="stmt"/>
        <line num="14" count="3" type="stmt"/>
        <line num="19" count="0" type="stmt"/>
        <line num="22" count="0" type="stmt"/>
        <line num="23" count="0" type="stmt"/>
        <line num="26" count="0" type="stmt"/>
        <line num="27" count="0" type="stmt"/>
        <line num="30" count="0" type="stmt"/>
        <line num="33" count="0" type="stmt"/>
        <line num="34" count="0" type="stmt"/>
        <line num="37" count="0" type="stmt"/>
        <line num="38" count="0" type="stmt"/>
        <line num="44" count="3" type="stmt"/>
        <line num="47" count="3" type="stmt"/>
        <line num="48" count="3" type="stmt"/>
        <line num="49" count="3" type="stmt"/>
        <line num="50" count="3" type="stmt"/>
        <line num="51" count="3" type="stmt"/>
        <line num="52" count="3" type="stmt"/>
        <line num="55" count="3" type="stmt"/>
        <line num="56" count="3" type="stmt"/>
      </file>
      <file name="filmSlice.ts" path="/home/myros/Desktop/react-star-wars-api/src/store/filmSlice.ts">
        <metrics statements="19" coveredstatements="16" conditionals="0" coveredconditionals="0" methods="7" coveredmethods="6"/>
        <line num="5" count="3" type="stmt"/>
        <line num="13" count="3" type="stmt"/>
        <line num="21" count="2" type="stmt"/>
        <line num="24" count="3" type="stmt"/>
        <line num="25" count="3" type="stmt"/>
        <line num="26" count="3" type="stmt"/>
        <line num="29" count="0" type="stmt"/>
        <line num="30" count="0" type="stmt"/>
        <line num="31" count="0" type="stmt"/>
        <line num="37" count="3" type="stmt"/>
        <line num="40" count="3" type="stmt"/>
        <line num="41" count="3" type="stmt"/>
        <line num="42" count="3" type="stmt"/>
        <line num="45" count="3" type="stmt"/>
        <line num="46" count="10" type="stmt"/>
        <line num="47" count="6" type="stmt"/>
        <line num="48" count="14" type="stmt"/>
        <line num="49" count="3" type="stmt"/>
        <line num="50" count="10" type="stmt"/>
      </file>
      <file name="filmsSlice.ts" path="/home/myros/Desktop/react-star-wars-api/src/store/filmsSlice.ts">
        <metrics statements="20" coveredstatements="17" conditionals="0" coveredconditionals="0" methods="7" coveredmethods="6"/>
        <line num="5" count="3" type="stmt"/>
        <line num="13" count="3" type="stmt"/>
        <line num="18" count="4" type="stmt"/>
        <line num="21" count="10" type="stmt"/>
        <line num="22" count="10" type="stmt"/>
        <line num="23" count="10" type="stmt"/>
        <line num="26" count="0" type="stmt"/>
        <line num="27" count="0" type="stmt"/>
        <line num="28" count="0" type="stmt"/>
        <line num="34" count="3" type="stmt"/>
        <line num="37" count="3" type="stmt"/>
        <line num="38" count="3" type="stmt"/>
        <line num="39" count="3" type="stmt"/>
        <line num="42" count="3" type="stmt"/>
        <line num="43" count="20" type="stmt"/>
        <line num="44" count="3" type="stmt"/>
        <line num="45" count="12" type="stmt"/>
        <line num="46" count="28" type="stmt"/>
        <line num="47" count="3" type="stmt"/>
        <line num="48" count="20" type="stmt"/>
      </file>
      <file name="store.ts" path="/home/myros/Desktop/react-star-wars-api/src/store/store.ts">
        <metrics statements="4" coveredstatements="4" conditionals="0" coveredconditionals="0" methods="0" coveredmethods="0"/>
        <line num="12" count="3" type="stmt"/>
        <line num="13" count="3" type="stmt"/>
        <line num="20" count="3" type="stmt"/>
        <line num="24" count="3" type="stmt"/>
      </file>
    </package>
    <package name="src.test-utils">
      <metrics statements="8" coveredstatements="8" conditionals="10" coveredconditionals="8" methods="2" coveredmethods="2"/>
      <file name="test-utils.tsx" path="/home/myros/Desktop/react-star-wars-api/src/test-utils/test-utils.tsx">
        <metrics statements="8" coveredstatements="8" conditionals="10" coveredconditionals="8" methods="2" coveredmethods="2"/>
        <line num="16" count="3" type="stmt"/>
        <line num="29" count="9" type="stmt"/>
        <line num="35" count="9" type="stmt"/>
        <line num="44" count="9" type="stmt"/>
        <line num="46" count="9" type="cond" truecount="1" falsecount="1"/>
        <line num="47" count="9" type="cond" truecount="1" falsecount="1"/>
        <line num="48" count="9" type="stmt"/>
        <line num="51" count="9" type="stmt"/>
      </file>
    </package>
    <package name="src.types">
      <metrics statements="0" coveredstatements="0" conditionals="0" coveredconditionals="0" methods="0" coveredmethods="0"/>
      <file name="AllTypes.ts" path="/home/myros/Desktop/react-star-wars-api/src/types/AllTypes.ts">
        <metrics statements="0" coveredstatements="0" conditionals="0" coveredconditionals="0" methods="0" coveredmethods="0"/>
      </file>
      <file name="index.d.ts" path="/home/myros/Desktop/react-star-wars-api/src/types/index.d.ts">
        <metrics statements="0" coveredstatements="0" conditionals="0" coveredconditionals="0" methods="0" coveredmethods="0"/>
      </file>
    </package>
  </project>
</coverage>
