{"/home/myros/Desktop/react-star-wars-api/src/App.tsx": {"path":"/home/myros/Desktop/react-star-wars-api/src/App.tsx","statementMap":{"0":{"start":{"line":6,"column":2},"end":{"line":11,"column":4}}},"fnMap":{"0":{"name":"App","decl":{"start":{"line":5,"column":9},"end":{"line":5,"column":12}},"loc":{"start":{"line":5,"column":20},"end":{"line":12,"column":1}},"line":5}},"branchMap":{},"s":{"0":0},"f":{"0":0},"b":{}}
,"/home/myros/Desktop/react-star-wars-api/src/image.d.ts": {"path":"/home/myros/Desktop/react-star-wars-api/src/image.d.ts","statementMap":{},"fnMap":{},"branchMap":{},"s":{},"f":{},"b":{}}
,"/home/myros/Desktop/react-star-wars-api/src/index.d.ts": {"path":"/home/myros/Desktop/react-star-wars-api/src/index.d.ts","statementMap":{},"fnMap":{},"branchMap":{},"s":{},"f":{},"b":{}}
,"/home/myros/Desktop/react-star-wars-api/src/index.tsx": {"path":"/home/myros/Desktop/react-star-wars-api/src/index.tsx","statementMap":{"0":{"start":{"line":12,"column":2},"end":{"line":12,"column":75}},"1":{"start":{"line":16,"column":24},"end":{"line":16,"column":50}},"2":{"start":{"line":18,"column":19},"end":{"line":22,"column":1}},"3":{"start":{"line":19,"column":2},"end":{"line":21,"column":3}},"4":{"start":{"line":20,"column":4},"end":{"line":20,"column":25}},"5":{"start":{"line":24,"column":0},"end":{"line":33,"column":3}},"6":{"start":{"line":25,"column":15},"end":{"line":25,"column":68}},"7":{"start":{"line":26,"column":2},"end":{"line":32,"column":4}}},"fnMap":{"0":{"name":"(anonymous_0)","decl":{"start":{"line":18,"column":19},"end":{"line":18,"column":20}},"loc":{"start":{"line":18,"column":31},"end":{"line":22,"column":1}},"line":18},"1":{"name":"(anonymous_1)","decl":{"start":{"line":24,"column":18},"end":{"line":24,"column":19}},"loc":{"start":{"line":24,"column":24},"end":{"line":33,"column":1}},"line":24}},"branchMap":{"0":{"loc":{"start":{"line":12,"column":2},"end":{"line":12,"column":75}},"type":"binary-expr","locations":[{"start":{"line":12,"column":2},"end":{"line":12,"column":36}},{"start":{"line":12,"column":40},"end":{"line":12,"column":75}}],"line":12},"1":{"loc":{"start":{"line":16,"column":24},"end":{"line":16,"column":50}},"type":"binary-expr","locations":[{"start":{"line":16,"column":24},"end":{"line":16,"column":38}},{"start":{"line":16,"column":42},"end":{"line":16,"column":50}}],"line":16},"2":{"loc":{"start":{"line":19,"column":2},"end":{"line":21,"column":3}},"type":"if","locations":[{"start":{"line":19,"column":2},"end":{"line":21,"column":3}},{"start":{},"end":{}}],"line":19}},"s":{"0":0,"1":0,"2":0,"3":0,"4":0,"5":0,"6":0,"7":0},"f":{"0":0,"1":0},"b":{"0":[0,0],"1":[0,0],"2":[0,0]}}
,"/home/myros/Desktop/react-star-wars-api/src/react-app-env.d.ts": {"path":"/home/myros/Desktop/react-star-wars-api/src/react-app-env.d.ts","statementMap":{},"fnMap":{},"branchMap":{},"s":{},"f":{},"b":{}}
,"/home/myros/Desktop/react-star-wars-api/src/components/FilmInfo/FilmInfo.tsx": {"path":"/home/myros/Desktop/react-star-wars-api/src/components/FilmInfo/FilmInfo.tsx","statementMap":{"0":{"start":{"line":6,"column":15},"end":{"line":6,"column":47}},"1":{"start":{"line":8,"column":17},"end":{"line":132,"column":1}},"2":{"start":{"line":10,"column":15},"end":{"line":10,"column":25}},"3":{"start":{"line":13,"column":63},"end":{"line":25,"column":3}},"4":{"start":{"line":18,"column":4},"end":{"line":24,"column":6}},"5":{"start":{"line":21,"column":10},"end":{"line":21,"column":43}},"6":{"start":{"line":26,"column":59},"end":{"line":32,"column":3}},"7":{"start":{"line":31,"column":4},"end":{"line":31,"column":46}},"8":{"start":{"line":33,"column":59},"end":{"line":39,"column":3}},"9":{"start":{"line":38,"column":4},"end":{"line":38,"column":63}},"10":{"start":{"line":42,"column":30},"end":{"line":112,"column":3}},"11":{"start":{"line":115,"column":2},"end":{"line":131,"column":4}}},"fnMap":{"0":{"name":"(anonymous_0)","decl":{"start":{"line":8,"column":17},"end":{"line":8,"column":18}},"loc":{"start":{"line":8,"column":38},"end":{"line":132,"column":1}},"line":8},"1":{"name":"(anonymous_1)","decl":{"start":{"line":13,"column":63},"end":{"line":13,"column":64}},"loc":{"start":{"line":17,"column":7},"end":{"line":25,"column":3}},"line":17},"2":{"name":"(anonymous_2)","decl":{"start":{"line":20,"column":30},"end":{"line":20,"column":31}},"loc":{"start":{"line":20,"column":59},"end":{"line":22,"column":9}},"line":20},"3":{"name":"(anonymous_3)","decl":{"start":{"line":26,"column":59},"end":{"line":26,"column":60}},"loc":{"start":{"line":30,"column":7},"end":{"line":32,"column":3}},"line":30},"4":{"name":"(anonymous_4)","decl":{"start":{"line":33,"column":59},"end":{"line":33,"column":60}},"loc":{"start":{"line":37,"column":7},"end":{"line":39,"column":3}},"line":37}},"branchMap":{},"s":{"0":1,"1":1,"2":2,"3":2,"4":2,"5":4,"6":2,"7":10,"8":2,"9":6,"10":2,"11":2},"f":{"0":2,"1":2,"2":4,"3":10,"4":6},"b":{},"_coverageSchema":"1a1c01bbd47fc00a2c39e90264f33305004495a9","hash":"a0d469d8290d9832fbd4f6bd4c561bdc057e2cc4"}
,"/home/myros/Desktop/react-star-wars-api/src/components/FilmsTable/FilmsTable.tsx": {"path":"/home/myros/Desktop/react-star-wars-api/src/components/FilmsTable/FilmsTable.tsx","statementMap":{"0":{"start":{"line":8,"column":15},"end":{"line":8,"column":49}},"1":{"start":{"line":10,"column":19},"end":{"line":109,"column":1}},"2":{"start":{"line":12,"column":19},"end":{"line":12,"column":30}},"3":{"start":{"line":15,"column":63},"end":{"line":27,"column":3}},"4":{"start":{"line":20,"column":4},"end":{"line":26,"column":6}},"5":{"start":{"line":23,"column":10},"end":{"line":23,"column":43}},"6":{"start":{"line":28,"column":59},"end":{"line":34,"column":3}},"7":{"start":{"line":33,"column":4},"end":{"line":33,"column":61}},"8":{"start":{"line":35,"column":58},"end":{"line":50,"column":3}},"9":{"start":{"line":40,"column":4},"end":{"line":49,"column":6}},"10":{"start":{"line":53,"column":30},"end":{"line":95,"column":3}},"11":{"start":{"line":98,"column":2},"end":{"line":108,"column":4}}},"fnMap":{"0":{"name":"(anonymous_0)","decl":{"start":{"line":10,"column":19},"end":{"line":10,"column":20}},"loc":{"start":{"line":10,"column":40},"end":{"line":109,"column":1}},"line":10},"1":{"name":"(anonymous_1)","decl":{"start":{"line":15,"column":63},"end":{"line":15,"column":64}},"loc":{"start":{"line":19,"column":12},"end":{"line":27,"column":3}},"line":19},"2":{"name":"(anonymous_2)","decl":{"start":{"line":22,"column":30},"end":{"line":22,"column":31}},"loc":{"start":{"line":22,"column":59},"end":{"line":24,"column":9}},"line":22},"3":{"name":"(anonymous_3)","decl":{"start":{"line":28,"column":59},"end":{"line":28,"column":60}},"loc":{"start":{"line":32,"column":12},"end":{"line":34,"column":3}},"line":32},"4":{"name":"(anonymous_4)","decl":{"start":{"line":35,"column":58},"end":{"line":35,"column":59}},"loc":{"start":{"line":39,"column":12},"end":{"line":50,"column":3}},"line":39}},"branchMap":{},"s":{"0":1,"1":1,"2":4,"3":4,"4":24,"5":40,"6":4,"7":24,"8":4,"9":24,"10":4,"11":4},"f":{"0":4,"1":24,"2":40,"3":24,"4":24},"b":{},"_coverageSchema":"1a1c01bbd47fc00a2c39e90264f33305004495a9","hash":"eed92e32748e021835dffb11f50c7c0e21f0a996"}
,"/home/myros/Desktop/react-star-wars-api/src/components/Footer/Footer.tsx": {"path":"/home/myros/Desktop/react-star-wars-api/src/components/Footer/Footer.tsx","statementMap":{"0":{"start":{"line":3,"column":15},"end":{"line":3,"column":45}},"1":{"start":{"line":5,"column":15},"end":{"line":29,"column":1}},"2":{"start":{"line":6,"column":2},"end":{"line":28,"column":4}}},"fnMap":{"0":{"name":"(anonymous_0)","decl":{"start":{"line":5,"column":15},"end":{"line":5,"column":16}},"loc":{"start":{"line":5,"column":26},"end":{"line":29,"column":1}},"line":5}},"branchMap":{},"s":{"0":2,"1":2,"2":18},"f":{"0":18},"b":{},"_coverageSchema":"1a1c01bbd47fc00a2c39e90264f33305004495a9","hash":"ac517c1a1f66abf3178d6a885b48bf672b8f6312"}
,"/home/myros/Desktop/react-star-wars-api/src/components/Header/Header.tsx": {"path":"/home/myros/Desktop/react-star-wars-api/src/components/Header/Header.tsx","statementMap":{"0":{"start":{"line":9,"column":15},"end":{"line":9,"column":45}},"1":{"start":{"line":11,"column":15},"end":{"line":35,"column":1}},"2":{"start":{"line":13,"column":25},"end":{"line":13,"column":38}},"3":{"start":{"line":16,"column":24},"end":{"line":18,"column":3}},"4":{"start":{"line":17,"column":4},"end":{"line":17,"column":34}},"5":{"start":{"line":21,"column":2},"end":{"line":34,"column":4}}},"fnMap":{"0":{"name":"(anonymous_0)","decl":{"start":{"line":11,"column":15},"end":{"line":11,"column":16}},"loc":{"start":{"line":11,"column":36},"end":{"line":35,"column":1}},"line":11},"1":{"name":"(anonymous_1)","decl":{"start":{"line":16,"column":24},"end":{"line":16,"column":25}},"loc":{"start":{"line":16,"column":30},"end":{"line":18,"column":3}},"line":16}},"branchMap":{"0":{"loc":{"start":{"line":24,"column":7},"end":{"line":32,"column":7}},"type":"binary-expr","locations":[{"start":{"line":24,"column":7},"end":{"line":24,"column":26}},{"start":{"line":25,"column":8},"end":{"line":31,"column":17}}],"line":24}},"s":{"0":2,"1":2,"2":18,"3":18,"4":0,"5":18},"f":{"0":18,"1":0},"b":{"0":[18,6]},"_coverageSchema":"1a1c01bbd47fc00a2c39e90264f33305004495a9","hash":"7719e5d3b5cd071269b8bb857248bcb007fbf34e"}
,"/home/myros/Desktop/react-star-wars-api/src/components/LogIn/LogInForm.tsx": {"path":"/home/myros/Desktop/react-star-wars-api/src/components/LogIn/LogInForm.tsx","statementMap":{"0":{"start":{"line":7,"column":15},"end":{"line":7,"column":48}},"1":{"start":{"line":9,"column":18},"end":{"line":106,"column":1}},"2":{"start":{"line":11,"column":25},"end":{"line":11,"column":38}},"3":{"start":{"line":14,"column":28},"end":{"line":19,"column":3}},"4":{"start":{"line":15,"column":4},"end":{"line":15,"column":27}},"5":{"start":{"line":18,"column":4},"end":{"line":18,"column":33}},"6":{"start":{"line":28,"column":38},"end":{"line":31,"column":3}},"7":{"start":{"line":34,"column":27},"end":{"line":41,"column":3}},"8":{"start":{"line":37,"column":47},"end":{"line":37,"column":49}},"9":{"start":{"line":38,"column":4},"end":{"line":38,"column":71}},"10":{"start":{"line":38,"column":37},"end":{"line":38,"column":71}},"11":{"start":{"line":39,"column":4},"end":{"line":39,"column":71}},"12":{"start":{"line":39,"column":37},"end":{"line":39,"column":71}},"13":{"start":{"line":40,"column":4},"end":{"line":40,"column":18}},"14":{"start":{"line":44,"column":17},"end":{"line":50,"column":4}},"15":{"start":{"line":53,"column":2},"end":{"line":105,"column":4}}},"fnMap":{"0":{"name":"(anonymous_0)","decl":{"start":{"line":9,"column":18},"end":{"line":9,"column":19}},"loc":{"start":{"line":9,"column":24},"end":{"line":106,"column":1}},"line":9},"1":{"name":"(anonymous_1)","decl":{"start":{"line":14,"column":28},"end":{"line":14,"column":29}},"loc":{"start":{"line":14,"column":50},"end":{"line":19,"column":3}},"line":14},"2":{"name":"(anonymous_2)","decl":{"start":{"line":34,"column":27},"end":{"line":34,"column":28}},"loc":{"start":{"line":36,"column":35},"end":{"line":41,"column":3}},"line":36},"3":{"name":"(anonymous_3)","decl":{"start":{"line":49,"column":14},"end":{"line":49,"column":15}},"loc":{"start":{"line":49,"column":26},"end":{"line":49,"column":28}},"line":49}},"branchMap":{"0":{"loc":{"start":{"line":38,"column":4},"end":{"line":38,"column":71}},"type":"if","locations":[{"start":{"line":38,"column":4},"end":{"line":38,"column":71}},{"start":{},"end":{}}],"line":38},"1":{"loc":{"start":{"line":39,"column":4},"end":{"line":39,"column":71}},"type":"if","locations":[{"start":{"line":39,"column":4},"end":{"line":39,"column":71}},{"start":{},"end":{}}],"line":39},"2":{"loc":{"start":{"line":61,"column":16},"end":{"line":61,"column":70}},"type":"binary-expr","locations":[{"start":{"line":61,"column":16},"end":{"line":61,"column":43}},{"start":{"line":61,"column":47},"end":{"line":61,"column":70}}],"line":61},"3":{"loc":{"start":{"line":69,"column":13},"end":{"line":74,"column":13}},"type":"binary-expr","locations":[{"start":{"line":69,"column":13},"end":{"line":69,"column":40}},{"start":{"line":70,"column":14},"end":{"line":73,"column":21}}],"line":69},"4":{"loc":{"start":{"line":81,"column":16},"end":{"line":81,"column":70}},"type":"binary-expr","locations":[{"start":{"line":81,"column":16},"end":{"line":81,"column":43}},{"start":{"line":81,"column":47},"end":{"line":81,"column":70}}],"line":81},"5":{"loc":{"start":{"line":89,"column":13},"end":{"line":94,"column":13}},"type":"binary-expr","locations":[{"start":{"line":89,"column":13},"end":{"line":89,"column":40}},{"start":{"line":90,"column":14},"end":{"line":93,"column":21}}],"line":89},"6":{"loc":{"start":{"line":98,"column":46},"end":{"line":98,"column":76}},"type":"binary-expr","locations":[{"start":{"line":98,"column":46},"end":{"line":98,"column":60}},{"start":{"line":98,"column":64},"end":{"line":98,"column":76}}],"line":98}},"s":{"0":1,"1":1,"2":69,"3":69,"4":0,"5":0,"6":69,"7":69,"8":33,"9":33,"10":8,"11":33,"12":17,"13":33,"14":69,"15":69},"f":{"0":69,"1":0,"2":33,"3":0},"b":{"0":[8,25],"1":[17,16],"2":[69,15],"3":[69,15],"4":[69,33],"5":[69,33],"6":[69,21]},"_coverageSchema":"1a1c01bbd47fc00a2c39e90264f33305004495a9","hash":"7f24a061f13a694cc0882e911baf21cb4d4300bd"}
,"/home/myros/Desktop/react-star-wars-api/src/components/NotFound/NotFound.tsx": {"path":"/home/myros/Desktop/react-star-wars-api/src/components/NotFound/NotFound.tsx","statementMap":{"0":{"start":{"line":1,"column":15},"end":{"line":1,"column":47}},"1":{"start":{"line":3,"column":17},"end":{"line":13,"column":1}},"2":{"start":{"line":4,"column":2},"end":{"line":12,"column":4}}},"fnMap":{"0":{"name":"(anonymous_0)","decl":{"start":{"line":3,"column":17},"end":{"line":3,"column":18}},"loc":{"start":{"line":3,"column":28},"end":{"line":13,"column":1}},"line":3}},"branchMap":{},"s":{"0":0,"1":0,"2":0},"f":{"0":0},"b":{}}
,"/home/myros/Desktop/react-star-wars-api/src/components/UI/Button.tsx": {"path":"/home/myros/Desktop/react-star-wars-api/src/components/UI/Button.tsx","statementMap":{"0":{"start":{"line":1,"column":15},"end":{"line":1,"column":45}},"1":{"start":{"line":3,"column":15},"end":{"line":14,"column":1}},"2":{"start":{"line":4,"column":2},"end":{"line":13,"column":4}}},"fnMap":{"0":{"name":"(anonymous_0)","decl":{"start":{"line":3,"column":15},"end":{"line":3,"column":16}},"loc":{"start":{"line":3,"column":36},"end":{"line":14,"column":1}},"line":3}},"branchMap":{"0":{"loc":{"start":{"line":6,"column":12},"end":{"line":6,"column":34}},"type":"binary-expr","locations":[{"start":{"line":6,"column":12},"end":{"line":6,"column":22}},{"start":{"line":6,"column":26},"end":{"line":6,"column":34}}],"line":6},"1":{"loc":{"start":{"line":7,"column":16},"end":{"line":7,"column":39}},"type":"binary-expr","locations":[{"start":{"line":7,"column":16},"end":{"line":7,"column":30}},{"start":{"line":7,"column":34},"end":{"line":7,"column":39}}],"line":7},"2":{"loc":{"start":{"line":8,"column":37},"end":{"line":8,"column":58}},"type":"binary-expr","locations":[{"start":{"line":8,"column":37},"end":{"line":8,"column":52}},{"start":{"line":8,"column":56},"end":{"line":8,"column":58}}],"line":8}},"s":{"0":3,"1":3,"2":87},"f":{"0":87},"b":{"0":[87,18],"1":[87,36],"2":[87,87]},"_coverageSchema":"1a1c01bbd47fc00a2c39e90264f33305004495a9","hash":"3beebbf8020fb08017ccaee04889c7cf1160ecab"}
,"/home/myros/Desktop/react-star-wars-api/src/components/UI/Modal.tsx": {"path":"/home/myros/Desktop/react-star-wars-api/src/components/UI/Modal.tsx","statementMap":{"0":{"start":{"line":6,"column":15},"end":{"line":6,"column":44}},"1":{"start":{"line":8,"column":14},"end":{"line":22,"column":1}},"2":{"start":{"line":9,"column":2},"end":{"line":21,"column":4}}},"fnMap":{"0":{"name":"(anonymous_0)","decl":{"start":{"line":8,"column":14},"end":{"line":8,"column":15}},"loc":{"start":{"line":8,"column":35},"end":{"line":22,"column":1}},"line":8}},"branchMap":{},"s":{"0":2,"1":2,"2":0},"f":{"0":0},"b":{},"_coverageSchema":"1a1c01bbd47fc00a2c39e90264f33305004495a9","hash":"c75adf170d8b589966b1e630e58041c74c427b23"}
,"/home/myros/Desktop/react-star-wars-api/src/components/UI/Spinner.tsx": {"path":"/home/myros/Desktop/react-star-wars-api/src/components/UI/Spinner.tsx","statementMap":{"0":{"start":{"line":1,"column":15},"end":{"line":1,"column":46}},"1":{"start":{"line":3,"column":16},"end":{"line":13,"column":1}},"2":{"start":{"line":4,"column":2},"end":{"line":12,"column":4}}},"fnMap":{"0":{"name":"(anonymous_0)","decl":{"start":{"line":3,"column":16},"end":{"line":3,"column":17}},"loc":{"start":{"line":3,"column":37},"end":{"line":13,"column":1}},"line":3}},"branchMap":{"0":{"loc":{"start":{"line":9,"column":36},"end":{"line":9,"column":63}},"type":"binary-expr","locations":[{"start":{"line":9,"column":36},"end":{"line":9,"column":51}},{"start":{"line":9,"column":55},"end":{"line":9,"column":63}}],"line":9}},"s":{"0":2,"1":2,"2":6},"f":{"0":6},"b":{"0":[6,0]},"_coverageSchema":"1a1c01bbd47fc00a2c39e90264f33305004495a9","hash":"07afe07c4a60220b6005adb46e4b437e2e66e98d"}
,"/home/myros/Desktop/react-star-wars-api/src/components/UI/Star.tsx": {"path":"/home/myros/Desktop/react-star-wars-api/src/components/UI/Star.tsx","statementMap":{"0":{"start":{"line":3,"column":13},"end":{"line":14,"column":1}},"1":{"start":{"line":5,"column":22},"end":{"line":11,"column":3}},"2":{"start":{"line":13,"column":2},"end":{"line":13,"column":58}}},"fnMap":{"0":{"name":"(anonymous_0)","decl":{"start":{"line":3,"column":13},"end":{"line":3,"column":14}},"loc":{"start":{"line":3,"column":34},"end":{"line":14,"column":1}},"line":3}},"branchMap":{},"s":{"0":0,"1":0,"2":0},"f":{"0":0},"b":{}}
,"/home/myros/Desktop/react-star-wars-api/src/components/UI/Stars.tsx": {"path":"/home/myros/Desktop/react-star-wars-api/src/components/UI/Stars.tsx","statementMap":{"0":{"start":{"line":4,"column":14},"end":{"line":35,"column":1}},"1":{"start":{"line":5,"column":21},"end":{"line":5,"column":23}},"2":{"start":{"line":8,"column":41},"end":{"line":10,"column":3}},"3":{"start":{"line":9,"column":4},"end":{"line":9,"column":47}},"4":{"start":{"line":14,"column":2},"end":{"line":32,"column":3}},"5":{"start":{"line":14,"column":21},"end":{"line":14,"column":22}},"6":{"start":{"line":16,"column":4},"end":{"line":16,"column":73}},"7":{"start":{"line":17,"column":4},"end":{"line":17,"column":34}},"8":{"start":{"line":18,"column":4},"end":{"line":21,"column":6}},"9":{"start":{"line":24,"column":4},"end":{"line":31,"column":6}},"10":{"start":{"line":34,"column":2},"end":{"line":34,"column":53}}},"fnMap":{"0":{"name":"(anonymous_0)","decl":{"start":{"line":4,"column":14},"end":{"line":4,"column":15}},"loc":{"start":{"line":4,"column":35},"end":{"line":35,"column":1}},"line":4},"1":{"name":"(anonymous_1)","decl":{"start":{"line":8,"column":41},"end":{"line":8,"column":42}},"loc":{"start":{"line":8,"column":66},"end":{"line":10,"column":3}},"line":8}},"branchMap":{},"s":{"0":0,"1":0,"2":0,"3":0,"4":0,"5":0,"6":0,"7":0,"8":0,"9":0,"10":0},"f":{"0":0,"1":0},"b":{}}
,"/home/myros/Desktop/react-star-wars-api/src/mocks/browser.ts": {"path":"/home/myros/Desktop/react-star-wars-api/src/mocks/browser.ts","statementMap":{"0":{"start":{"line":6,"column":22},"end":{"line":6,"column":46}},"1":{"start":{"line":8,"column":0},"end":{"line":8,"column":28}},"2":{"start":{"line":9,"column":0},"end":{"line":12,"column":2}}},"fnMap":{},"branchMap":{},"s":{"0":0,"1":0,"2":0},"f":{},"b":{}}
,"/home/myros/Desktop/react-star-wars-api/src/mocks/handlers.ts": {"path":"/home/myros/Desktop/react-star-wars-api/src/mocks/handlers.ts","statementMap":{"0":{"start":{"line":4,"column":25},"end":{"line":514,"column":1}},"1":{"start":{"line":515,"column":28},"end":{"line":574,"column":1}},"2":{"start":{"line":577,"column":37},"end":{"line":582,"column":1}},"3":{"start":{"line":580,"column":4},"end":{"line":580,"column":54}},"4":{"start":{"line":583,"column":40},"end":{"line":588,"column":1}},"5":{"start":{"line":586,"column":4},"end":{"line":586,"column":58}},"6":{"start":{"line":591,"column":26},"end":{"line":596,"column":1}},"7":{"start":{"line":594,"column":4},"end":{"line":594,"column":60}},"8":{"start":{"line":597,"column":29},"end":{"line":602,"column":1}},"9":{"start":{"line":600,"column":4},"end":{"line":600,"column":63}},"10":{"start":{"line":604,"column":24},"end":{"line":604,"column":65}}},"fnMap":{"0":{"name":"(anonymous_0)","decl":{"start":{"line":579,"column":2},"end":{"line":579,"column":3}},"loc":{"start":{"line":579,"column":21},"end":{"line":581,"column":3}},"line":579},"1":{"name":"(anonymous_1)","decl":{"start":{"line":585,"column":2},"end":{"line":585,"column":3}},"loc":{"start":{"line":585,"column":21},"end":{"line":587,"column":3}},"line":585},"2":{"name":"(anonymous_2)","decl":{"start":{"line":593,"column":2},"end":{"line":593,"column":3}},"loc":{"start":{"line":593,"column":21},"end":{"line":595,"column":3}},"line":593},"3":{"name":"(anonymous_3)","decl":{"start":{"line":599,"column":2},"end":{"line":599,"column":3}},"loc":{"start":{"line":599,"column":21},"end":{"line":601,"column":3}},"line":599}},"branchMap":{},"s":{"0":3,"1":3,"2":3,"3":0,"4":3,"5":0,"6":3,"7":0,"8":3,"9":0,"10":3},"f":{"0":0,"1":0,"2":0,"3":0},"b":{},"_coverageSchema":"1a1c01bbd47fc00a2c39e90264f33305004495a9","hash":"5861b1c987b76079177c4021d2b1cb5dc1fd414e"}
,"/home/myros/Desktop/react-star-wars-api/src/mocks/server.ts": {"path":"/home/myros/Desktop/react-star-wars-api/src/mocks/server.ts","statementMap":{"0":{"start":{"line":6,"column":22},"end":{"line":6,"column":46}}},"fnMap":{},"branchMap":{},"s":{"0":3},"f":{},"b":{},"_coverageSchema":"1a1c01bbd47fc00a2c39e90264f33305004495a9","hash":"bb0beec57ea171673df46bcab11908daacbce6c8"}
,"/home/myros/Desktop/react-star-wars-api/src/pages/Film.tsx": {"path":"/home/myros/Desktop/react-star-wars-api/src/pages/Film.tsx","statementMap":{"0":{"start":{"line":20,"column":13},"end":{"line":90,"column":1}},"1":{"start":{"line":22,"column":23},"end":{"line":22,"column":34}},"2":{"start":{"line":25,"column":41},"end":{"line":25,"column":68}},"3":{"start":{"line":26,"column":33},"end":{"line":26,"column":58}},"4":{"start":{"line":27,"column":28},"end":{"line":27,"column":49}},"5":{"start":{"line":28,"column":38},"end":{"line":28,"column":63}},"6":{"start":{"line":31,"column":28},"end":{"line":31,"column":43}},"7":{"start":{"line":34,"column":17},"end":{"line":34,"column":36}},"8":{"start":{"line":37,"column":18},"end":{"line":37,"column":31}},"9":{"start":{"line":40,"column":25},"end":{"line":40,"column":38}},"10":{"start":{"line":43,"column":2},"end":{"line":46,"column":38}},"11":{"start":{"line":44,"column":21},"end":{"line":44,"column":75}},"12":{"start":{"line":45,"column":4},"end":{"line":45,"column":49}},"13":{"start":{"line":50,"column":4},"end":{"line":50,"column":63}},"14":{"start":{"line":52,"column":19},"end":{"line":52,"column":47}},"15":{"start":{"line":56,"column":2},"end":{"line":58,"column":3}},"16":{"start":{"line":57,"column":4},"end":{"line":57,"column":69}},"17":{"start":{"line":61,"column":23},"end":{"line":63,"column":3}},"18":{"start":{"line":62,"column":4},"end":{"line":62,"column":21}},"19":{"start":{"line":66,"column":24},"end":{"line":68,"column":3}},"20":{"start":{"line":67,"column":4},"end":{"line":67,"column":16}},"21":{"start":{"line":71,"column":2},"end":{"line":89,"column":4}}},"fnMap":{"0":{"name":"(anonymous_0)","decl":{"start":{"line":20,"column":13},"end":{"line":20,"column":14}},"loc":{"start":{"line":20,"column":29},"end":{"line":90,"column":1}},"line":20},"1":{"name":"(anonymous_1)","decl":{"start":{"line":43,"column":12},"end":{"line":43,"column":13}},"loc":{"start":{"line":43,"column":18},"end":{"line":46,"column":3}},"line":43},"2":{"name":"(anonymous_2)","decl":{"start":{"line":61,"column":23},"end":{"line":61,"column":24}},"loc":{"start":{"line":61,"column":29},"end":{"line":63,"column":3}},"line":61},"3":{"name":"(anonymous_3)","decl":{"start":{"line":66,"column":24},"end":{"line":66,"column":25}},"loc":{"start":{"line":66,"column":30},"end":{"line":68,"column":3}},"line":66}},"branchMap":{"0":{"loc":{"start":{"line":56,"column":2},"end":{"line":58,"column":3}},"type":"if","locations":[{"start":{"line":56,"column":2},"end":{"line":58,"column":3}},{"start":{},"end":{}}],"line":56},"1":{"loc":{"start":{"line":57,"column":23},"end":{"line":57,"column":68}},"type":"cond-expr","locations":[{"start":{"line":57,"column":47},"end":{"line":57,"column":57}},{"start":{"line":57,"column":60},"end":{"line":57,"column":68}}],"line":57},"2":{"loc":{"start":{"line":75,"column":9},"end":{"line":77,"column":9}},"type":"binary-expr","locations":[{"start":{"line":75,"column":9},"end":{"line":75,"column":23}},{"start":{"line":75,"column":27},"end":{"line":75,"column":37}},{"start":{"line":75,"column":41},"end":{"line":75,"column":59}},{"start":{"line":76,"column":10},"end":{"line":76,"column":41}}],"line":75},"3":{"loc":{"start":{"line":78,"column":9},"end":{"line":84,"column":9}},"type":"binary-expr","locations":[{"start":{"line":78,"column":9},"end":{"line":78,"column":23}},{"start":{"line":78,"column":27},"end":{"line":78,"column":36}},{"start":{"line":79,"column":10},"end":{"line":83,"column":12}}],"line":78},"4":{"loc":{"start":{"line":85,"column":9},"end":{"line":85,"column":66}},"type":"binary-expr","locations":[{"start":{"line":85,"column":9},"end":{"line":85,"column":22}},{"start":{"line":85,"column":26},"end":{"line":85,"column":66}}],"line":85}},"s":{"0":1,"1":6,"2":6,"3":6,"4":6,"5":6,"6":6,"7":6,"8":6,"9":6,"10":6,"11":2,"12":2,"13":6,"14":6,"15":6,"16":0,"17":6,"18":0,"19":6,"20":0,"21":6},"f":{"0":6,"1":2,"2":0,"3":0},"b":{"0":[0,6],"1":[0,0],"2":[6,4,4,2],"3":[6,4,0],"4":[6,2]},"_coverageSchema":"1a1c01bbd47fc00a2c39e90264f33305004495a9","hash":"c677655bc32d942c4dc7da8dc528c37de450b59a"}
,"/home/myros/Desktop/react-star-wars-api/src/pages/Films.tsx": {"path":"/home/myros/Desktop/react-star-wars-api/src/pages/Films.tsx","statementMap":{"0":{"start":{"line":19,"column":14},"end":{"line":79,"column":1}},"1":{"start":{"line":21,"column":28},"end":{"line":21,"column":43}},"2":{"start":{"line":24,"column":42},"end":{"line":24,"column":63}},"3":{"start":{"line":25,"column":33},"end":{"line":25,"column":58}},"4":{"start":{"line":26,"column":28},"end":{"line":26,"column":49}},"5":{"start":{"line":27,"column":38},"end":{"line":27,"column":61}},"6":{"start":{"line":30,"column":25},"end":{"line":30,"column":38}},"7":{"start":{"line":33,"column":2},"end":{"line":36,"column":30}},"8":{"start":{"line":34,"column":21},"end":{"line":34,"column":60}},"9":{"start":{"line":35,"column":4},"end":{"line":35,"column":46}},"10":{"start":{"line":40,"column":2},"end":{"line":52,"column":3}},"11":{"start":{"line":41,"column":4},"end":{"line":51,"column":8}},"12":{"start":{"line":55,"column":23},"end":{"line":57,"column":3}},"13":{"start":{"line":56,"column":4},"end":{"line":56,"column":21}},"14":{"start":{"line":60,"column":2},"end":{"line":78,"column":4}}},"fnMap":{"0":{"name":"(anonymous_0)","decl":{"start":{"line":19,"column":14},"end":{"line":19,"column":15}},"loc":{"start":{"line":19,"column":20},"end":{"line":79,"column":1}},"line":19},"1":{"name":"(anonymous_1)","decl":{"start":{"line":33,"column":12},"end":{"line":33,"column":13}},"loc":{"start":{"line":33,"column":18},"end":{"line":36,"column":3}},"line":33},"2":{"name":"(anonymous_2)","decl":{"start":{"line":55,"column":23},"end":{"line":55,"column":24}},"loc":{"start":{"line":55,"column":29},"end":{"line":57,"column":3}},"line":55}},"branchMap":{"0":{"loc":{"start":{"line":40,"column":2},"end":{"line":52,"column":3}},"type":"if","locations":[{"start":{"line":40,"column":2},"end":{"line":52,"column":3}},{"start":{},"end":{}}],"line":40},"1":{"loc":{"start":{"line":42,"column":6},"end":{"line":51,"column":7}},"type":"cond-expr","locations":[{"start":{"line":43,"column":8},"end":{"line":46,"column":14}},{"start":{"line":48,"column":8},"end":{"line":50,"column":14}}],"line":42},"2":{"loc":{"start":{"line":64,"column":9},"end":{"line":66,"column":9}},"type":"binary-expr","locations":[{"start":{"line":64,"column":9},"end":{"line":64,"column":23}},{"start":{"line":64,"column":27},"end":{"line":64,"column":37}},{"start":{"line":64,"column":41},"end":{"line":64,"column":59}},{"start":{"line":65,"column":10},"end":{"line":65,"column":45}}],"line":64},"3":{"loc":{"start":{"line":67,"column":9},"end":{"line":73,"column":9}},"type":"binary-expr","locations":[{"start":{"line":67,"column":9},"end":{"line":67,"column":23}},{"start":{"line":67,"column":27},"end":{"line":67,"column":36}},{"start":{"line":68,"column":10},"end":{"line":72,"column":12}}],"line":67},"4":{"loc":{"start":{"line":74,"column":9},"end":{"line":74,"column":66}},"type":"binary-expr","locations":[{"start":{"line":74,"column":9},"end":{"line":74,"column":22}},{"start":{"line":74,"column":26},"end":{"line":74,"column":66}}],"line":74}},"s":{"0":1,"1":12,"2":12,"3":12,"4":12,"5":12,"6":12,"7":12,"8":4,"9":4,"10":12,"11":0,"12":12,"13":0,"14":12},"f":{"0":12,"1":4,"2":0},"b":{"0":[0,12],"1":[0,0],"2":[12,8,8,4],"3":[12,8,0],"4":[12,4]},"_coverageSchema":"1a1c01bbd47fc00a2c39e90264f33305004495a9","hash":"b57427d931642dc5b19923653758cf2caf3493d3"}
,"/home/myros/Desktop/react-star-wars-api/src/pages/Welcome.tsx": {"path":"/home/myros/Desktop/react-star-wars-api/src/pages/Welcome.tsx","statementMap":{"0":{"start":{"line":7,"column":16},"end":{"line":22,"column":1}},"1":{"start":{"line":9,"column":35},"end":{"line":11,"column":3}},"2":{"start":{"line":14,"column":2},"end":{"line":21,"column":3}},"3":{"start":{"line":15,"column":4},"end":{"line":15,"column":36}},"4":{"start":{"line":20,"column":4},"end":{"line":20,"column":25}}},"fnMap":{"0":{"name":"(anonymous_0)","decl":{"start":{"line":7,"column":16},"end":{"line":7,"column":17}},"loc":{"start":{"line":7,"column":37},"end":{"line":22,"column":1}},"line":7}},"branchMap":{"0":{"loc":{"start":{"line":14,"column":2},"end":{"line":21,"column":3}},"type":"if","locations":[{"start":{"line":14,"column":2},"end":{"line":21,"column":3}},{"start":{"line":19,"column":7},"end":{"line":21,"column":3}}],"line":14}},"s":{"0":1,"1":3,"2":3,"3":0,"4":3},"f":{"0":3},"b":{"0":[0,3]},"_coverageSchema":"1a1c01bbd47fc00a2c39e90264f33305004495a9","hash":"53bff72c0b8a16d96abcf0325c39857c141572ea"}
,"/home/myros/Desktop/react-star-wars-api/src/routes/AllRoutes.tsx": {"path":"/home/myros/Desktop/react-star-wars-api/src/routes/AllRoutes.tsx","statementMap":{"0":{"start":{"line":9,"column":18},"end":{"line":51,"column":1}},"1":{"start":{"line":10,"column":2},"end":{"line":50,"column":4}}},"fnMap":{"0":{"name":"(anonymous_0)","decl":{"start":{"line":9,"column":18},"end":{"line":9,"column":19}},"loc":{"start":{"line":9,"column":24},"end":{"line":51,"column":1}},"line":9}},"branchMap":{},"s":{"0":0,"1":0},"f":{"0":0},"b":{}}
,"/home/myros/Desktop/react-star-wars-api/src/routes/NotAuthorized.tsx": {"path":"/home/myros/Desktop/react-star-wars-api/src/routes/NotAuthorized.tsx","statementMap":{"0":{"start":{"line":5,"column":22},"end":{"line":11,"column":1}},"1":{"start":{"line":7,"column":26},"end":{"line":7,"column":74}},"2":{"start":{"line":10,"column":2},"end":{"line":10,"column":78}}},"fnMap":{"0":{"name":"(anonymous_0)","decl":{"start":{"line":5,"column":22},"end":{"line":5,"column":23}},"loc":{"start":{"line":5,"column":43},"end":{"line":11,"column":1}},"line":5}},"branchMap":{"0":{"loc":{"start":{"line":10,"column":9},"end":{"line":10,"column":77}},"type":"cond-expr","locations":[{"start":{"line":10,"column":28},"end":{"line":10,"column":42}},{"start":{"line":10,"column":45},"end":{"line":10,"column":77}}],"line":10}},"s":{"0":0,"1":0,"2":0},"f":{"0":0},"b":{"0":[0,0]}}
,"/home/myros/Desktop/react-star-wars-api/src/routes/OnlyAuthorized.tsx": {"path":"/home/myros/Desktop/react-star-wars-api/src/routes/OnlyAuthorized.tsx","statementMap":{"0":{"start":{"line":5,"column":23},"end":{"line":11,"column":1}},"1":{"start":{"line":7,"column":26},"end":{"line":7,"column":74}},"2":{"start":{"line":10,"column":2},"end":{"line":10,"column":79}}},"fnMap":{"0":{"name":"(anonymous_0)","decl":{"start":{"line":5,"column":23},"end":{"line":5,"column":24}},"loc":{"start":{"line":5,"column":44},"end":{"line":11,"column":1}},"line":5}},"branchMap":{"0":{"loc":{"start":{"line":10,"column":9},"end":{"line":10,"column":78}},"type":"cond-expr","locations":[{"start":{"line":10,"column":27},"end":{"line":10,"column":41}},{"start":{"line":10,"column":44},"end":{"line":10,"column":78}}],"line":10}},"s":{"0":0,"1":0,"2":0},"f":{"0":0},"b":{"0":[0,0]}}
,"/home/myros/Desktop/react-star-wars-api/src/sagas/authSaga.ts": {"path":"/home/myros/Desktop/react-star-wars-api/src/sagas/authSaga.ts","statementMap":{"0":{"start":{"line":12,"column":2},"end":{"line":18,"column":3}},"1":{"start":{"line":13,"column":4},"end":{"line":13,"column":52}},"2":{"start":{"line":14,"column":4},"end":{"line":14,"column":30}},"3":{"start":{"line":16,"column":4},"end":{"line":17,"column":45}},"4":{"start":{"line":16,"column":35},"end":{"line":16,"column":63}},"5":{"start":{"line":17,"column":9},"end":{"line":17,"column":45}},"6":{"start":{"line":22,"column":2},"end":{"line":28,"column":3}},"7":{"start":{"line":23,"column":4},"end":{"line":23,"column":53}},"8":{"start":{"line":24,"column":4},"end":{"line":24,"column":31}},"9":{"start":{"line":26,"column":4},"end":{"line":27,"column":47}},"10":{"start":{"line":26,"column":35},"end":{"line":26,"column":64}},"11":{"start":{"line":27,"column":9},"end":{"line":27,"column":47}}},"fnMap":{"0":{"name":"watchLoginSaga","decl":{"start":{"line":11,"column":17},"end":{"line":11,"column":31}},"loc":{"start":{"line":11,"column":34},"end":{"line":19,"column":1}},"line":11},"1":{"name":"watchLogOutSaga","decl":{"start":{"line":21,"column":17},"end":{"line":21,"column":32}},"loc":{"start":{"line":21,"column":35},"end":{"line":29,"column":1}},"line":21}},"branchMap":{"0":{"loc":{"start":{"line":16,"column":4},"end":{"line":17,"column":45}},"type":"if","locations":[{"start":{"line":16,"column":4},"end":{"line":17,"column":45}},{"start":{"line":17,"column":9},"end":{"line":17,"column":45}}],"line":16},"1":{"loc":{"start":{"line":26,"column":4},"end":{"line":27,"column":47}},"type":"if","locations":[{"start":{"line":26,"column":4},"end":{"line":27,"column":47}},{"start":{"line":27,"column":9},"end":{"line":27,"column":47}}],"line":26}},"s":{"0":0,"1":0,"2":0,"3":0,"4":0,"5":0,"6":0,"7":0,"8":0,"9":0,"10":0,"11":0},"f":{"0":0,"1":0},"b":{"0":[0,0],"1":[0,0]},"_coverageSchema":"1a1c01bbd47fc00a2c39e90264f33305004495a9","hash":"f590eaac099b4077bbc8de3e851446699f324fb9"}
,"/home/myros/Desktop/react-star-wars-api/src/sagas/filmSaga.ts": {"path":"/home/myros/Desktop/react-star-wars-api/src/sagas/filmSaga.ts","statementMap":{"0":{"start":{"line":8,"column":2},"end":{"line":77,"column":3}},"1":{"start":{"line":10,"column":21},"end":{"line":10,"column":39}},"2":{"start":{"line":11,"column":25},"end":{"line":11,"column":47}},"3":{"start":{"line":12,"column":24},"end":{"line":12,"column":77}},"4":{"start":{"line":13,"column":25},"end":{"line":13,"column":77}},"5":{"start":{"line":14,"column":22},"end":{"line":14,"column":70}},"6":{"start":{"line":17,"column":21},"end":{"line":17,"column":55}},"7":{"start":{"line":18,"column":28},"end":{"line":18,"column":49}},"8":{"start":{"line":19,"column":22},"end":{"line":21,"column":16}},"9":{"start":{"line":20,"column":6},"end":{"line":20,"column":30}},"10":{"start":{"line":29,"column":8},"end":{"line":34,"column":5}},"11":{"start":{"line":37,"column":40},"end":{"line":40,"column":5}},"12":{"start":{"line":41,"column":4},"end":{"line":41,"column":28}},"13":{"start":{"line":44,"column":4},"end":{"line":44,"column":57}},"14":{"start":{"line":44,"column":22},"end":{"line":44,"column":57}},"15":{"start":{"line":47,"column":37},"end":{"line":47,"column":58}},"16":{"start":{"line":50,"column":17},"end":{"line":67,"column":5}},"17":{"start":{"line":70,"column":4},"end":{"line":70,"column":42}},"18":{"start":{"line":72,"column":4},"end":{"line":76,"column":49}},"19":{"start":{"line":74,"column":8},"end":{"line":74,"column":58}},"20":{"start":{"line":75,"column":6},"end":{"line":75,"column":57}},"21":{"start":{"line":76,"column":11},"end":{"line":76,"column":49}}},"fnMap":{"0":{"name":"watchToFetchFilmInfoSaga","decl":{"start":{"line":7,"column":10},"end":{"line":7,"column":34}},"loc":{"start":{"line":7,"column":49},"end":{"line":78,"column":1}},"line":7},"1":{"name":"(anonymous_1)","decl":{"start":{"line":19,"column":33},"end":{"line":19,"column":34}},"loc":{"start":{"line":19,"column":39},"end":{"line":21,"column":5}},"line":19}},"branchMap":{"0":{"loc":{"start":{"line":12,"column":24},"end":{"line":12,"column":77}},"type":"cond-expr","locations":[{"start":{"line":12,"column":48},"end":{"line":12,"column":69}},{"start":{"line":12,"column":72},"end":{"line":12,"column":77}}],"line":12},"1":{"loc":{"start":{"line":13,"column":25},"end":{"line":13,"column":77}},"type":"cond-expr","locations":[{"start":{"line":13,"column":50},"end":{"line":13,"column":72}},{"start":{"line":13,"column":75},"end":{"line":13,"column":77}}],"line":13},"2":{"loc":{"start":{"line":14,"column":22},"end":{"line":14,"column":70}},"type":"cond-expr","locations":[{"start":{"line":14,"column":44},"end":{"line":14,"column":63}},{"start":{"line":14,"column":66},"end":{"line":14,"column":70}}],"line":14},"3":{"loc":{"start":{"line":17,"column":21},"end":{"line":17,"column":55}},"type":"cond-expr","locations":[{"start":{"line":17,"column":36},"end":{"line":17,"column":48}},{"start":{"line":17,"column":51},"end":{"line":17,"column":55}}],"line":17},"4":{"loc":{"start":{"line":44,"column":4},"end":{"line":44,"column":57}},"type":"if","locations":[{"start":{"line":44,"column":4},"end":{"line":44,"column":57}},{"start":{},"end":{}}],"line":44},"5":{"loc":{"start":{"line":72,"column":4},"end":{"line":76,"column":49}},"type":"if","locations":[{"start":{"line":72,"column":4},"end":{"line":76,"column":49}},{"start":{"line":76,"column":11},"end":{"line":76,"column":49}}],"line":72},"6":{"loc":{"start":{"line":74,"column":8},"end":{"line":74,"column":58}},"type":"cond-expr","locations":[{"start":{"line":74,"column":38},"end":{"line":74,"column":45}},{"start":{"line":74,"column":48},"end":{"line":74,"column":58}}],"line":74}},"s":{"0":3,"1":3,"2":3,"3":3,"4":3,"5":3,"6":3,"7":3,"8":3,"9":0,"10":3,"11":3,"12":3,"13":3,"14":0,"15":3,"16":3,"17":3,"18":0,"19":0,"20":0,"21":0},"f":{"0":3,"1":0},"b":{"0":[0,3],"1":[0,3],"2":[0,3],"3":[0,3],"4":[0,3],"5":[0,0],"6":[0,0]},"_coverageSchema":"1a1c01bbd47fc00a2c39e90264f33305004495a9","hash":"50571d9fffd86801f7403235a16e00e8b76424fe"}
,"/home/myros/Desktop/react-star-wars-api/src/sagas/filmsSaga.ts": {"path":"/home/myros/Desktop/react-star-wars-api/src/sagas/filmsSaga.ts","statementMap":{"0":{"start":{"line":8,"column":2},"end":{"line":55,"column":3}},"1":{"start":{"line":10,"column":21},"end":{"line":10,"column":39}},"2":{"start":{"line":11,"column":25},"end":{"line":11,"column":47}},"3":{"start":{"line":12,"column":24},"end":{"line":12,"column":77}},"4":{"start":{"line":13,"column":25},"end":{"line":13,"column":77}},"5":{"start":{"line":14,"column":22},"end":{"line":14,"column":70}},"6":{"start":{"line":17,"column":21},"end":{"line":17,"column":56}},"7":{"start":{"line":18,"column":28},"end":{"line":18,"column":49}},"8":{"start":{"line":19,"column":22},"end":{"line":21,"column":16}},"9":{"start":{"line":20,"column":6},"end":{"line":20,"column":30}},"10":{"start":{"line":29,"column":8},"end":{"line":34,"column":5}},"11":{"start":{"line":37,"column":40},"end":{"line":40,"column":5}},"12":{"start":{"line":41,"column":4},"end":{"line":41,"column":28}},"13":{"start":{"line":44,"column":4},"end":{"line":44,"column":57}},"14":{"start":{"line":44,"column":22},"end":{"line":44,"column":57}},"15":{"start":{"line":47,"column":40},"end":{"line":47,"column":61}},"16":{"start":{"line":48,"column":4},"end":{"line":48,"column":55}},"17":{"start":{"line":50,"column":4},"end":{"line":54,"column":46}},"18":{"start":{"line":52,"column":8},"end":{"line":52,"column":69}},"19":{"start":{"line":53,"column":6},"end":{"line":53,"column":54}},"20":{"start":{"line":54,"column":11},"end":{"line":54,"column":46}}},"fnMap":{"0":{"name":"watchToFetchFilmsSaga","decl":{"start":{"line":7,"column":10},"end":{"line":7,"column":31}},"loc":{"start":{"line":7,"column":45},"end":{"line":56,"column":1}},"line":7},"1":{"name":"(anonymous_1)","decl":{"start":{"line":19,"column":33},"end":{"line":19,"column":34}},"loc":{"start":{"line":19,"column":39},"end":{"line":21,"column":5}},"line":19}},"branchMap":{"0":{"loc":{"start":{"line":12,"column":24},"end":{"line":12,"column":77}},"type":"cond-expr","locations":[{"start":{"line":12,"column":48},"end":{"line":12,"column":69}},{"start":{"line":12,"column":72},"end":{"line":12,"column":77}}],"line":12},"1":{"loc":{"start":{"line":13,"column":25},"end":{"line":13,"column":77}},"type":"cond-expr","locations":[{"start":{"line":13,"column":50},"end":{"line":13,"column":72}},{"start":{"line":13,"column":75},"end":{"line":13,"column":77}}],"line":13},"2":{"loc":{"start":{"line":14,"column":22},"end":{"line":14,"column":70}},"type":"cond-expr","locations":[{"start":{"line":14,"column":44},"end":{"line":14,"column":63}},{"start":{"line":14,"column":66},"end":{"line":14,"column":70}}],"line":14},"3":{"loc":{"start":{"line":17,"column":21},"end":{"line":17,"column":56}},"type":"cond-expr","locations":[{"start":{"line":17,"column":36},"end":{"line":17,"column":48}},{"start":{"line":17,"column":51},"end":{"line":17,"column":56}}],"line":17},"4":{"loc":{"start":{"line":44,"column":4},"end":{"line":44,"column":57}},"type":"if","locations":[{"start":{"line":44,"column":4},"end":{"line":44,"column":57}},{"start":{},"end":{}}],"line":44},"5":{"loc":{"start":{"line":50,"column":4},"end":{"line":54,"column":46}},"type":"if","locations":[{"start":{"line":50,"column":4},"end":{"line":54,"column":46}},{"start":{"line":54,"column":11},"end":{"line":54,"column":46}}],"line":50},"6":{"loc":{"start":{"line":52,"column":8},"end":{"line":52,"column":69}},"type":"cond-expr","locations":[{"start":{"line":52,"column":38},"end":{"line":52,"column":45}},{"start":{"line":52,"column":48},"end":{"line":52,"column":69}}],"line":52}},"s":{"0":10,"1":10,"2":10,"3":10,"4":10,"5":10,"6":10,"7":10,"8":10,"9":0,"10":10,"11":10,"12":10,"13":10,"14":0,"15":10,"16":10,"17":0,"18":0,"19":0,"20":0},"f":{"0":10,"1":0},"b":{"0":[0,10],"1":[0,10],"2":[0,10],"3":[0,10],"4":[0,10],"5":[0,0],"6":[0,0]},"_coverageSchema":"1a1c01bbd47fc00a2c39e90264f33305004495a9","hash":"de99feff2defd777909781756bec988605e50f7a"}
,"/home/myros/Desktop/react-star-wars-api/src/sagas/rootSagas.ts": {"path":"/home/myros/Desktop/react-star-wars-api/src/sagas/rootSagas.ts","statementMap":{"0":{"start":{"line":12,"column":2},"end":{"line":12,"column":67}},"1":{"start":{"line":13,"column":2},"end":{"line":13,"column":73}},"2":{"start":{"line":14,"column":2},"end":{"line":14,"column":53}},"3":{"start":{"line":15,"column":2},"end":{"line":15,"column":55}}},"fnMap":{"0":{"name":"rootSagas","decl":{"start":{"line":11,"column":10},"end":{"line":11,"column":19}},"loc":{"start":{"line":11,"column":22},"end":{"line":16,"column":1}},"line":11}},"branchMap":{},"s":{"0":12,"1":12,"2":12,"3":12},"f":{"0":12},"b":{},"_coverageSchema":"1a1c01bbd47fc00a2c39e90264f33305004495a9","hash":"aa71b44204a3be24b0883a8a7dbb022bbdf7f27f"}
,"/home/myros/Desktop/react-star-wars-api/src/store/authSlice.ts": {"path":"/home/myros/Desktop/react-star-wars-api/src/store/authSlice.ts","statementMap":{"0":{"start":{"line":5,"column":36},"end":{"line":11,"column":1}},"1":{"start":{"line":14,"column":18},"end":{"line":41,"column":2}},"2":{"start":{"line":19,"column":6},"end":{"line":19,"column":33}},"3":{"start":{"line":22,"column":6},"end":{"line":22,"column":34}},"4":{"start":{"line":23,"column":6},"end":{"line":23,"column":35}},"5":{"start":{"line":26,"column":6},"end":{"line":26,"column":34}},"6":{"start":{"line":27,"column":6},"end":{"line":27,"column":40}},"7":{"start":{"line":30,"column":6},"end":{"line":30,"column":34}},"8":{"start":{"line":33,"column":6},"end":{"line":33,"column":35}},"9":{"start":{"line":34,"column":6},"end":{"line":34,"column":36}},"10":{"start":{"line":37,"column":6},"end":{"line":37,"column":35}},"11":{"start":{"line":38,"column":6},"end":{"line":38,"column":41}},"12":{"start":{"line":44,"column":27},"end":{"line":44,"column":44}},"13":{"start":{"line":47,"column":26},"end":{"line":47,"column":54}},"14":{"start":{"line":48,"column":28},"end":{"line":48,"column":58}},"15":{"start":{"line":49,"column":25},"end":{"line":49,"column":52}},"16":{"start":{"line":50,"column":27},"end":{"line":50,"column":56}},"17":{"start":{"line":51,"column":29},"end":{"line":51,"column":60}},"18":{"start":{"line":52,"column":26},"end":{"line":52,"column":54}},"19":{"start":{"line":55,"column":51},"end":{"line":57,"column":1}},"20":{"start":{"line":56,"column":2},"end":{"line":56,"column":60}}},"fnMap":{"0":{"name":"(anonymous_0)","decl":{"start":{"line":18,"column":4},"end":{"line":18,"column":5}},"loc":{"start":{"line":18,"column":28},"end":{"line":20,"column":5}},"line":18},"1":{"name":"(anonymous_1)","decl":{"start":{"line":21,"column":4},"end":{"line":21,"column":5}},"loc":{"start":{"line":21,"column":30},"end":{"line":24,"column":5}},"line":21},"2":{"name":"(anonymous_2)","decl":{"start":{"line":25,"column":4},"end":{"line":25,"column":5}},"loc":{"start":{"line":25,"column":58},"end":{"line":28,"column":5}},"line":25},"3":{"name":"(anonymous_3)","decl":{"start":{"line":29,"column":4},"end":{"line":29,"column":5}},"loc":{"start":{"line":29,"column":29},"end":{"line":31,"column":5}},"line":29},"4":{"name":"(anonymous_4)","decl":{"start":{"line":32,"column":4},"end":{"line":32,"column":5}},"loc":{"start":{"line":32,"column":31},"end":{"line":35,"column":5}},"line":32},"5":{"name":"(anonymous_5)","decl":{"start":{"line":36,"column":4},"end":{"line":36,"column":5}},"loc":{"start":{"line":36,"column":59},"end":{"line":39,"column":5}},"line":36},"6":{"name":"(anonymous_6)","decl":{"start":{"line":55,"column":51},"end":{"line":55,"column":52}},"loc":{"start":{"line":55,"column":66},"end":{"line":57,"column":1}},"line":55}},"branchMap":{},"s":{"0":3,"1":3,"2":0,"3":0,"4":0,"5":0,"6":0,"7":0,"8":0,"9":0,"10":0,"11":0,"12":3,"13":3,"14":3,"15":3,"16":3,"17":3,"18":3,"19":3,"20":3},"f":{"0":0,"1":0,"2":0,"3":0,"4":0,"5":0,"6":3},"b":{},"_coverageSchema":"1a1c01bbd47fc00a2c39e90264f33305004495a9","hash":"00d5bb32332c134ee395869cb38a79c500f05290"}
,"/home/myros/Desktop/react-star-wars-api/src/store/filmSlice.ts": {"path":"/home/myros/Desktop/react-star-wars-api/src/store/filmSlice.ts","statementMap":{"0":{"start":{"line":5,"column":32},"end":{"line":10,"column":1}},"1":{"start":{"line":13,"column":18},"end":{"line":34,"column":2}},"2":{"start":{"line":21,"column":6},"end":{"line":21,"column":27}},"3":{"start":{"line":24,"column":6},"end":{"line":24,"column":28}},"4":{"start":{"line":25,"column":6},"end":{"line":25,"column":35}},"5":{"start":{"line":26,"column":6},"end":{"line":26,"column":41}},"6":{"start":{"line":29,"column":6},"end":{"line":29,"column":28}},"7":{"start":{"line":30,"column":6},"end":{"line":30,"column":35}},"8":{"start":{"line":31,"column":6},"end":{"line":31,"column":35}},"9":{"start":{"line":37,"column":27},"end":{"line":37,"column":44}},"10":{"start":{"line":40,"column":34},"end":{"line":40,"column":70}},"11":{"start":{"line":41,"column":36},"end":{"line":41,"column":74}},"12":{"start":{"line":42,"column":33},"end":{"line":42,"column":68}},"13":{"start":{"line":45,"column":30},"end":{"line":46,"column":24}},"14":{"start":{"line":46,"column":2},"end":{"line":46,"column":24}},"15":{"start":{"line":47,"column":28},"end":{"line":47,"column":79}},"16":{"start":{"line":47,"column":61},"end":{"line":47,"column":79}},"17":{"start":{"line":48,"column":24},"end":{"line":48,"column":72}},"18":{"start":{"line":48,"column":56},"end":{"line":48,"column":72}},"19":{"start":{"line":49,"column":28},"end":{"line":50,"column":28}},"20":{"start":{"line":50,"column":2},"end":{"line":50,"column":28}}},"fnMap":{"0":{"name":"(anonymous_0)","decl":{"start":{"line":17,"column":4},"end":{"line":17,"column":5}},"loc":{"start":{"line":20,"column":12},"end":{"line":22,"column":5}},"line":20},"1":{"name":"(anonymous_1)","decl":{"start":{"line":23,"column":4},"end":{"line":23,"column":5}},"loc":{"start":{"line":23,"column":73},"end":{"line":27,"column":5}},"line":23},"2":{"name":"(anonymous_2)","decl":{"start":{"line":28,"column":4},"end":{"line":28,"column":5}},"loc":{"start":{"line":28,"column":66},"end":{"line":32,"column":5}},"line":28},"3":{"name":"(anonymous_3)","decl":{"start":{"line":45,"column":30},"end":{"line":45,"column":31}},"loc":{"start":{"line":46,"column":2},"end":{"line":46,"column":24}},"line":46},"4":{"name":"(anonymous_4)","decl":{"start":{"line":47,"column":28},"end":{"line":47,"column":29}},"loc":{"start":{"line":47,"column":61},"end":{"line":47,"column":79}},"line":47},"5":{"name":"(anonymous_5)","decl":{"start":{"line":48,"column":24},"end":{"line":48,"column":25}},"loc":{"start":{"line":48,"column":56},"end":{"line":48,"column":72}},"line":48},"6":{"name":"(anonymous_6)","decl":{"start":{"line":49,"column":28},"end":{"line":49,"column":29}},"loc":{"start":{"line":50,"column":2},"end":{"line":50,"column":28}},"line":50}},"branchMap":{},"s":{"0":3,"1":3,"2":2,"3":3,"4":3,"5":3,"6":0,"7":0,"8":0,"9":3,"10":3,"11":3,"12":3,"13":3,"14":10,"15":3,"16":6,"17":3,"18":14,"19":3,"20":10},"f":{"0":2,"1":3,"2":0,"3":10,"4":6,"5":14,"6":10},"b":{},"_coverageSchema":"1a1c01bbd47fc00a2c39e90264f33305004495a9","hash":"5b4c347a98b85977ffe5bbc9ccb149dd415c4251"}
,"/home/myros/Desktop/react-star-wars-api/src/store/filmsSlice.ts": {"path":"/home/myros/Desktop/react-star-wars-api/src/store/filmsSlice.ts","statementMap":{"0":{"start":{"line":5,"column":33},"end":{"line":10,"column":1}},"1":{"start":{"line":13,"column":19},"end":{"line":31,"column":2}},"2":{"start":{"line":18,"column":6},"end":{"line":18,"column":27}},"3":{"start":{"line":21,"column":6},"end":{"line":21,"column":28}},"4":{"start":{"line":22,"column":6},"end":{"line":22,"column":35}},"5":{"start":{"line":23,"column":6},"end":{"line":23,"column":42}},"6":{"start":{"line":26,"column":6},"end":{"line":26,"column":28}},"7":{"start":{"line":27,"column":6},"end":{"line":27,"column":35}},"8":{"start":{"line":28,"column":6},"end":{"line":28,"column":35}},"9":{"start":{"line":34,"column":28},"end":{"line":34,"column":46}},"10":{"start":{"line":37,"column":31},"end":{"line":37,"column":65}},"11":{"start":{"line":38,"column":30},"end":{"line":38,"column":63}},"12":{"start":{"line":39,"column":33},"end":{"line":39,"column":69}},"13":{"start":{"line":42,"column":24},"end":{"line":43,"column":26}},"14":{"start":{"line":43,"column":2},"end":{"line":43,"column":26}},"15":{"start":{"line":44,"column":28},"end":{"line":45,"column":21}},"16":{"start":{"line":45,"column":2},"end":{"line":45,"column":21}},"17":{"start":{"line":46,"column":24},"end":{"line":46,"column":73}},"18":{"start":{"line":46,"column":56},"end":{"line":46,"column":73}},"19":{"start":{"line":47,"column":26},"end":{"line":48,"column":29}},"20":{"start":{"line":48,"column":2},"end":{"line":48,"column":29}}},"fnMap":{"0":{"name":"(anonymous_0)","decl":{"start":{"line":17,"column":4},"end":{"line":17,"column":5}},"loc":{"start":{"line":17,"column":77},"end":{"line":19,"column":5}},"line":17},"1":{"name":"(anonymous_1)","decl":{"start":{"line":20,"column":4},"end":{"line":20,"column":5}},"loc":{"start":{"line":20,"column":70},"end":{"line":24,"column":5}},"line":20},"2":{"name":"(anonymous_2)","decl":{"start":{"line":25,"column":4},"end":{"line":25,"column":5}},"loc":{"start":{"line":25,"column":63},"end":{"line":29,"column":5}},"line":25},"3":{"name":"(anonymous_3)","decl":{"start":{"line":42,"column":24},"end":{"line":42,"column":25}},"loc":{"start":{"line":43,"column":2},"end":{"line":43,"column":26}},"line":43},"4":{"name":"(anonymous_4)","decl":{"start":{"line":44,"column":28},"end":{"line":44,"column":29}},"loc":{"start":{"line":45,"column":2},"end":{"line":45,"column":21}},"line":45},"5":{"name":"(anonymous_5)","decl":{"start":{"line":46,"column":24},"end":{"line":46,"column":25}},"loc":{"start":{"line":46,"column":56},"end":{"line":46,"column":73}},"line":46},"6":{"name":"(anonymous_6)","decl":{"start":{"line":47,"column":26},"end":{"line":47,"column":27}},"loc":{"start":{"line":48,"column":2},"end":{"line":48,"column":29}},"line":48}},"branchMap":{},"s":{"0":3,"1":3,"2":4,"3":10,"4":10,"5":10,"6":0,"7":0,"8":0,"9":3,"10":3,"11":3,"12":3,"13":3,"14":20,"15":3,"16":12,"17":3,"18":28,"19":3,"20":20},"f":{"0":4,"1":10,"2":0,"3":20,"4":12,"5":28,"6":20},"b":{},"_coverageSchema":"1a1c01bbd47fc00a2c39e90264f33305004495a9","hash":"c942bbbc458918c3a9c08311683546ff86e20fa5"}
,"/home/myros/Desktop/react-star-wars-api/src/store/store.ts": {"path":"/home/myros/Desktop/react-star-wars-api/src/store/store.ts","statementMap":{"0":{"start":{"line":12,"column":23},"end":{"line":12,"column":45}},"1":{"start":{"line":13,"column":27},"end":{"line":17,"column":1}},"2":{"start":{"line":20,"column":19},"end":{"line":23,"column":2}},"3":{"start":{"line":24,"column":0},"end":{"line":24,"column":30}}},"fnMap":{},"branchMap":{},"s":{"0":3,"1":3,"2":3,"3":3},"f":{},"b":{},"_coverageSchema":"1a1c01bbd47fc00a2c39e90264f33305004495a9","hash":"1dc8863c8f763e6378d8dc485b8c519917f85cb2"}
,"/home/myros/Desktop/react-star-wars-api/src/test-utils/test-utils.tsx": {"path":"/home/myros/Desktop/react-star-wars-api/src/test-utils/test-utils.tsx","statementMap":{"0":{"start":{"line":16,"column":23},"end":{"line":16,"column":45}},"1":{"start":{"line":29,"column":16},"end":{"line":33,"column":4}},"2":{"start":{"line":35,"column":4},"end":{"line":41,"column":6}},"3":{"start":{"line":44,"column":2},"end":{"line":44,"column":21}},"4":{"start":{"line":46,"column":2},"end":{"line":49,"column":3}},"5":{"start":{"line":47,"column":4},"end":{"line":47,"column":51}},"6":{"start":{"line":47,"column":15},"end":{"line":47,"column":51}},"7":{"start":{"line":48,"column":4},"end":{"line":48,"column":30}},"8":{"start":{"line":51,"column":2},"end":{"line":54,"column":5}}},"fnMap":{"0":{"name":"render","decl":{"start":{"line":18,"column":9},"end":{"line":18,"column":15}},"loc":{"start":{"line":28,"column":2},"end":{"line":55,"column":1}},"line":28},"1":{"name":"Wrapper","decl":{"start":{"line":34,"column":11},"end":{"line":34,"column":18}},"loc":{"start":{"line":34,"column":52},"end":{"line":42,"column":3}},"line":34}},"branchMap":{"0":{"loc":{"start":{"line":20,"column":2},"end":{"line":27,"column":8}},"type":"default-arg","locations":[{"start":{"line":27,"column":6},"end":{"line":27,"column":8}}],"line":20},"1":{"loc":{"start":{"line":21,"column":4},"end":{"line":21,"column":21}},"type":"default-arg","locations":[{"start":{"line":21,"column":19},"end":{"line":21,"column":21}}],"line":21},"2":{"loc":{"start":{"line":22,"column":4},"end":{"line":22,"column":20}},"type":"default-arg","locations":[{"start":{"line":22,"column":18},"end":{"line":22,"column":20}}],"line":22},"3":{"loc":{"start":{"line":23,"column":4},"end":{"line":23,"column":17}},"type":"default-arg","locations":[{"start":{"line":23,"column":12},"end":{"line":23,"column":17}}],"line":23},"4":{"loc":{"start":{"line":24,"column":4},"end":{"line":24,"column":19}},"type":"default-arg","locations":[{"start":{"line":24,"column":17},"end":{"line":24,"column":19}}],"line":24},"5":{"loc":{"start":{"line":25,"column":4},"end":{"line":25,"column":21}},"type":"default-arg","locations":[{"start":{"line":25,"column":12},"end":{"line":25,"column":21}}],"line":25},"6":{"loc":{"start":{"line":46,"column":2},"end":{"line":49,"column":3}},"type":"if","locations":[{"start":{"line":46,"column":2},"end":{"line":49,"column":3}},{"start":{},"end":{}}],"line":46},"7":{"loc":{"start":{"line":47,"column":4},"end":{"line":47,"column":51}},"type":"if","locations":[{"start":{"line":47,"column":4},"end":{"line":47,"column":51}},{"start":{},"end":{}}],"line":47}},"s":{"0":3,"1":9,"2":9,"3":9,"4":9,"5":9,"6":0,"7":9,"8":9},"f":{"0":9,"1":9},"b":{"0":[9],"1":[9],"2":[9],"3":[9],"4":[9],"5":[9],"6":[9,0],"7":[0,9]},"_coverageSchema":"1a1c01bbd47fc00a2c39e90264f33305004495a9","hash":"3c144510435a3eb72dc6570a0ee2dc5c723b89ca"}
,"/home/myros/Desktop/react-star-wars-api/src/types/AllTypes.ts": {"path":"/home/myros/Desktop/react-star-wars-api/src/types/AllTypes.ts","statementMap":{},"fnMap":{},"branchMap":{},"s":{},"f":{},"b":{}}
,"/home/myros/Desktop/react-star-wars-api/src/types/index.d.ts": {"path":"/home/myros/Desktop/react-star-wars-api/src/types/index.d.ts","statementMap":{},"fnMap":{},"branchMap":{},"s":{},"f":{},"b":{}}
}
