{"total": {"lines":{"total":250,"covered":219,"skipped":0,"pct":87.6},"statements":{"total":260,"covered":224,"skipped":0,"pct":86.15},"functions":{"total":66,"covered":55,"skipped":0,"pct":83.33},"branches":{"total":94,"covered":58,"skipped":0,"pct":61.7}}
,"/home/myros/Desktop/react-star-wars-api/src/App.tsx": {"lines":{"total":1,"covered":1,"skipped":0,"pct":100},"functions":{"total":1,"covered":1,"skipped":0,"pct":100},"statements":{"total":1,"covered":1,"skipped":0,"pct":100},"branches":{"total":0,"covered":0,"skipped":0,"pct":100}}
,"/home/myros/Desktop/react-star-wars-api/src/image.d.ts": {"lines":{"total":0,"covered":0,"skipped":0,"pct":0},"functions":{"total":0,"covered":0,"skipped":0,"pct":0},"statements":{"total":0,"covered":0,"skipped":0,"pct":0},"branches":{"total":0,"covered":0,"skipped":0,"pct":0}}
,"/home/myros/Desktop/react-star-wars-api/src/index.d.ts": {"lines":{"total":0,"covered":0,"skipped":0,"pct":0},"functions":{"total":0,"covered":0,"skipped":0,"pct":0},"statements":{"total":0,"covered":0,"skipped":0,"pct":0},"branches":{"total":0,"covered":0,"skipped":0,"pct":0}}
,"/home/myros/Desktop/react-star-wars-api/src/index.tsx": {"lines":{"total":8,"covered":8,"skipped":0,"pct":100},"functions":{"total":2,"covered":2,"skipped":0,"pct":100},"statements":{"total":8,"covered":8,"skipped":0,"pct":100},"branches":{"total":6,"covered":5,"skipped":0,"pct":83.33}}
,"/home/myros/Desktop/react-star-wars-api/src/react-app-env.d.ts": {"lines":{"total":0,"covered":0,"skipped":0,"pct":0},"functions":{"total":0,"covered":0,"skipped":0,"pct":0},"statements":{"total":0,"covered":0,"skipped":0,"pct":0},"branches":{"total":0,"covered":0,"skipped":0,"pct":0}}
,"/home/myros/Desktop/react-star-wars-api/src/components/FilmInfo/FilmInfo.tsx": {"lines":{"total":12,"covered":12,"skipped":0,"pct":100},"functions":{"total":5,"covered":5,"skipped":0,"pct":100},"statements":{"total":12,"covered":12,"skipped":0,"pct":100},"branches":{"total":0,"covered":0,"skipped":0,"pct":100}}
,"/home/myros/Desktop/react-star-wars-api/src/components/FilmsTable/FilmsTable.tsx": {"lines":{"total":12,"covered":12,"skipped":0,"pct":100},"functions":{"total":5,"covered":5,"skipped":0,"pct":100},"statements":{"total":12,"covered":12,"skipped":0,"pct":100},"branches":{"total":0,"covered":0,"skipped":0,"pct":100}}
,"/home/myros/Desktop/react-star-wars-api/src/components/Footer/Footer.tsx": {"lines":{"total":3,"covered":3,"skipped":0,"pct":100},"functions":{"total":1,"covered":1,"skipped":0,"pct":100},"statements":{"total":3,"covered":3,"skipped":0,"pct":100},"branches":{"total":0,"covered":0,"skipped":0,"pct":100}}
,"/home/myros/Desktop/react-star-wars-api/src/components/Header/Header.tsx": {"lines":{"total":6,"covered":6,"skipped":0,"pct":100},"functions":{"total":2,"covered":2,"skipped":0,"pct":100},"statements":{"total":6,"covered":6,"skipped":0,"pct":100},"branches":{"total":2,"covered":2,"skipped":0,"pct":100}}
,"/home/myros/Desktop/react-star-wars-api/src/components/LogIn/LogInForm.tsx": {"lines":{"total":14,"covered":14,"skipped":0,"pct":100},"functions":{"total":4,"covered":3,"skipped":0,"pct":75},"statements":{"total":16,"covered":15,"skipped":0,"pct":93.75},"branches":{"total":14,"covered":11,"skipped":0,"pct":78.57}}
,"/home/myros/Desktop/react-star-wars-api/src/components/NotFound/NotFound.tsx": {"lines":{"total":3,"covered":2,"skipped":0,"pct":66.67},"functions":{"total":1,"covered":0,"skipped":0,"pct":0},"statements":{"total":3,"covered":2,"skipped":0,"pct":66.67},"branches":{"total":0,"covered":0,"skipped":0,"pct":100}}
,"/home/myros/Desktop/react-star-wars-api/src/components/UI/Button.tsx": {"lines":{"total":3,"covered":3,"skipped":0,"pct":100},"functions":{"total":1,"covered":1,"skipped":0,"pct":100},"statements":{"total":3,"covered":3,"skipped":0,"pct":100},"branches":{"total":6,"covered":6,"skipped":0,"pct":100}}
,"/home/myros/Desktop/react-star-wars-api/src/components/UI/Modal.tsx": {"lines":{"total":3,"covered":2,"skipped":0,"pct":66.67},"functions":{"total":1,"covered":0,"skipped":0,"pct":0},"statements":{"total":3,"covered":2,"skipped":0,"pct":66.67},"branches":{"total":0,"covered":0,"skipped":0,"pct":100}}
,"/home/myros/Desktop/react-star-wars-api/src/components/UI/Spinner.tsx": {"lines":{"total":3,"covered":3,"skipped":0,"pct":100},"functions":{"total":1,"covered":1,"skipped":0,"pct":100},"statements":{"total":3,"covered":3,"skipped":0,"pct":100},"branches":{"total":2,"covered":1,"skipped":0,"pct":50}}
,"/home/myros/Desktop/react-star-wars-api/src/components/UI/Star.tsx": {"lines":{"total":3,"covered":3,"skipped":0,"pct":100},"functions":{"total":1,"covered":1,"skipped":0,"pct":100},"statements":{"total":3,"covered":3,"skipped":0,"pct":100},"branches":{"total":0,"covered":0,"skipped":0,"pct":100}}
,"/home/myros/Desktop/react-star-wars-api/src/components/UI/Stars.tsx": {"lines":{"total":10,"covered":10,"skipped":0,"pct":100},"functions":{"total":2,"covered":2,"skipped":0,"pct":100},"statements":{"total":11,"covered":11,"skipped":0,"pct":100},"branches":{"total":0,"covered":0,"skipped":0,"pct":100}}
,"/home/myros/Desktop/react-star-wars-api/src/pages/Film.tsx": {"lines":{"total":22,"covered":20,"skipped":0,"pct":90.91},"functions":{"total":4,"covered":3,"skipped":0,"pct":75},"statements":{"total":22,"covered":20,"skipped":0,"pct":90.91},"branches":{"total":13,"covered":9,"skipped":0,"pct":69.23}}
,"/home/myros/Desktop/react-star-wars-api/src/pages/Films.tsx": {"lines":{"total":15,"covered":13,"skipped":0,"pct":86.67},"functions":{"total":3,"covered":2,"skipped":0,"pct":66.67},"statements":{"total":15,"covered":13,"skipped":0,"pct":86.67},"branches":{"total":13,"covered":9,"skipped":0,"pct":69.23}}
,"/home/myros/Desktop/react-star-wars-api/src/pages/Welcome.tsx": {"lines":{"total":5,"covered":4,"skipped":0,"pct":80},"functions":{"total":1,"covered":1,"skipped":0,"pct":100},"statements":{"total":5,"covered":4,"skipped":0,"pct":80},"branches":{"total":2,"covered":1,"skipped":0,"pct":50}}
,"/home/myros/Desktop/react-star-wars-api/src/routes/AllRoutes.tsx": {"lines":{"total":2,"covered":2,"skipped":0,"pct":100},"functions":{"total":1,"covered":1,"skipped":0,"pct":100},"statements":{"total":2,"covered":2,"skipped":0,"pct":100},"branches":{"total":0,"covered":0,"skipped":0,"pct":100}}
,"/home/myros/Desktop/react-star-wars-api/src/routes/NotAuthorized.tsx": {"lines":{"total":3,"covered":3,"skipped":0,"pct":100},"functions":{"total":1,"covered":1,"skipped":0,"pct":100},"statements":{"total":3,"covered":3,"skipped":0,"pct":100},"branches":{"total":2,"covered":2,"skipped":0,"pct":100}}
,"/home/myros/Desktop/react-star-wars-api/src/routes/OnlyAuthorized.tsx": {"lines":{"total":3,"covered":3,"skipped":0,"pct":100},"functions":{"total":1,"covered":1,"skipped":0,"pct":100},"statements":{"total":3,"covered":3,"skipped":0,"pct":100},"branches":{"total":2,"covered":2,"skipped":0,"pct":100}}
,"/home/myros/Desktop/react-star-wars-api/src/sagas/authSaga.ts": {"lines":{"total":10,"covered":6,"skipped":0,"pct":60},"functions":{"total":2,"covered":2,"skipped":0,"pct":100},"statements":{"total":12,"covered":6,"skipped":0,"pct":50},"branches":{"total":4,"covered":0,"skipped":0,"pct":0}}
,"/home/myros/Desktop/react-star-wars-api/src/sagas/filmSaga.ts": {"lines":{"total":21,"covered":16,"skipped":0,"pct":76.19},"functions":{"total":2,"covered":1,"skipped":0,"pct":50},"statements":{"total":22,"covered":16,"skipped":0,"pct":72.73},"branches":{"total":14,"covered":5,"skipped":0,"pct":35.71}}
,"/home/myros/Desktop/react-star-wars-api/src/sagas/filmsSaga.ts": {"lines":{"total":20,"covered":15,"skipped":0,"pct":75},"functions":{"total":2,"covered":1,"skipped":0,"pct":50},"statements":{"total":21,"covered":15,"skipped":0,"pct":71.43},"branches":{"total":14,"covered":5,"skipped":0,"pct":35.71}}
,"/home/myros/Desktop/react-star-wars-api/src/sagas/rootSagas.ts": {"lines":{"total":4,"covered":4,"skipped":0,"pct":100},"functions":{"total":1,"covered":1,"skipped":0,"pct":100},"statements":{"total":4,"covered":4,"skipped":0,"pct":100},"branches":{"total":0,"covered":0,"skipped":0,"pct":100}}
,"/home/myros/Desktop/react-star-wars-api/src/store/authSlice.ts": {"lines":{"total":21,"covered":17,"skipped":0,"pct":80.95},"functions":{"total":7,"covered":5,"skipped":0,"pct":71.43},"statements":{"total":21,"covered":17,"skipped":0,"pct":80.95},"branches":{"total":0,"covered":0,"skipped":0,"pct":100}}
,"/home/myros/Desktop/react-star-wars-api/src/store/filmSlice.ts": {"lines":{"total":19,"covered":16,"skipped":0,"pct":84.21},"functions":{"total":7,"covered":6,"skipped":0,"pct":85.71},"statements":{"total":21,"covered":18,"skipped":0,"pct":85.71},"branches":{"total":0,"covered":0,"skipped":0,"pct":100}}
,"/home/myros/Desktop/react-star-wars-api/src/store/filmsSlice.ts": {"lines":{"total":20,"covered":17,"skipped":0,"pct":85},"functions":{"total":7,"covered":6,"skipped":0,"pct":85.71},"statements":{"total":21,"covered":18,"skipped":0,"pct":85.71},"branches":{"total":0,"covered":0,"skipped":0,"pct":100}}
,"/home/myros/Desktop/react-star-wars-api/src/store/store.ts": {"lines":{"total":4,"covered":4,"skipped":0,"pct":100},"functions":{"total":0,"covered":0,"skipped":0,"pct":100},"statements":{"total":4,"covered":4,"skipped":0,"pct":100},"branches":{"total":0,"covered":0,"skipped":0,"pct":100}}
,"/home/myros/Desktop/react-star-wars-api/src/types/AllTypes.ts": {"lines":{"total":0,"covered":0,"skipped":0,"pct":0},"functions":{"total":0,"covered":0,"skipped":0,"pct":0},"statements":{"total":0,"covered":0,"skipped":0,"pct":0},"branches":{"total":0,"covered":0,"skipped":0,"pct":0}}
,"/home/myros/Desktop/react-star-wars-api/src/types/index.d.ts": {"lines":{"total":0,"covered":0,"skipped":0,"pct":0},"functions":{"total":0,"covered":0,"skipped":0,"pct":0},"statements":{"total":0,"covered":0,"skipped":0,"pct":0},"branches":{"total":0,"covered":0,"skipped":0,"pct":0}}
}
