{"/Users/kostast/Documents/GitHub/react-star-wars-api/src/mocks/browser.ts": {"path":"/Users/kostast/Documents/GitHub/react-star-wars-api/src/mocks/browser.ts","statementMap":{"0":{"start":{"line":6,"column":22},"end":{"line":6,"column":46}},"1":{"start":{"line":8,"column":0},"end":{"line":11,"column":2}}},"fnMap":{},"branchMap":{},"s":{"0":0,"1":0},"f":{},"b":{}}
,"/Users/kostast/Documents/GitHub/react-star-wars-api/src/mocks/handlers.ts": {"path":"/Users/kostast/Documents/GitHub/react-star-wars-api/src/mocks/handlers.ts","statementMap":{"0":{"start":{"line":1,"column":24},"end":{"line":1,"column":26}}},"fnMap":{},"branchMap":{},"s":{"0":0},"f":{},"b":{}}
}
