TN:
SF:src/App.tsx
FN:5,App
FNF:1
FNH:0
FNDA:0,App
DA:6,0
LF:1
LH:0
BRF:0
BRH:0
end_of_record
TN:
SF:src/image.d.ts
FNF:0
FNH:0
LF:0
LH:0
BRF:0
BRH:0
end_of_record
TN:
SF:src/index.d.ts
FNF:0
FNH:0
LF:0
LH:0
BRF:0
BRH:0
end_of_record
TN:
SF:src/index.tsx
FN:18,(anonymous_0)
FN:24,(anonymous_1)
FNF:2
FNH:0
FNDA:0,(anonymous_0)
FNDA:0,(anonymous_1)
DA:12,0
DA:16,0
DA:18,0
DA:19,0
DA:20,0
DA:24,0
DA:25,0
DA:26,0
LF:8
LH:0
BRDA:12,0,0,0
BRDA:12,0,1,0
BRDA:16,1,0,0
BRDA:16,1,1,0
BRDA:19,2,0,0
BRDA:19,2,1,0
BRF:6
BRH:0
end_of_record
TN:
SF:src/react-app-env.d.ts
FNF:0
FNH:0
LF:0
LH:0
BRF:0
BRH:0
end_of_record
TN:
SF:src/components/FilmInfo/FilmInfo.tsx
FN:8,(anonymous_0)
FN:13,(anonymous_1)
FN:20,(anonymous_2)
FN:26,(anonymous_3)
FN:33,(anonymous_4)
FNF:5
FNH:5
FNDA:2,(anonymous_0)
FNDA:2,(anonymous_1)
FNDA:4,(anonymous_2)
FNDA:10,(anonymous_3)
FNDA:6,(anonymous_4)
DA:6,1
DA:8,1
DA:10,2
DA:13,2
DA:18,2
DA:21,4
DA:26,2
DA:31,10
DA:33,2
DA:38,6
DA:42,2
DA:115,2
LF:12
LH:12
BRF:0
BRH:0
end_of_record
TN:
SF:src/components/FilmsTable/FilmsTable.tsx
FN:10,(anonymous_0)
FN:15,(anonymous_1)
FN:22,(anonymous_2)
FN:28,(anonymous_3)
FN:35,(anonymous_4)
FNF:5
FNH:5
FNDA:4,(anonymous_0)
FNDA:24,(anonymous_1)
FNDA:40,(anonymous_2)
FNDA:24,(anonymous_3)
FNDA:24,(anonymous_4)
DA:8,1
DA:10,1
DA:12,4
DA:15,4
DA:20,24
DA:23,40
DA:28,4
DA:33,24
DA:35,4
DA:40,24
DA:53,4
DA:98,4
LF:12
LH:12
BRF:0
BRH:0
end_of_record
TN:
SF:src/components/Footer/Footer.tsx
FN:5,(anonymous_0)
FNF:1
FNH:1
FNDA:18,(anonymous_0)
DA:3,2
DA:5,2
DA:6,18
LF:3
LH:3
BRF:0
BRH:0
end_of_record
TN:
SF:src/components/Header/Header.tsx
FN:11,(anonymous_0)
FN:16,(anonymous_1)
FNF:2
FNH:1
FNDA:18,(anonymous_0)
FNDA:0,(anonymous_1)
DA:9,2
DA:11,2
DA:13,18
DA:16,18
DA:17,0
DA:21,18
LF:6
LH:5
BRDA:24,0,0,18
BRDA:24,0,1,6
BRF:2
BRH:2
end_of_record
TN:
SF:src/components/LogIn/LogInForm.tsx
FN:9,(anonymous_0)
FN:14,(anonymous_1)
FN:34,(anonymous_2)
FN:49,(anonymous_3)
FNF:4
FNH:2
FNDA:69,(anonymous_0)
FNDA:0,(anonymous_1)
FNDA:33,(anonymous_2)
FNDA:0,(anonymous_3)
DA:7,1
DA:9,1
DA:11,69
DA:14,69
DA:15,0
DA:18,0
DA:28,69
DA:34,69
DA:37,33
DA:38,33
DA:39,33
DA:40,33
DA:44,69
DA:53,69
LF:14
LH:12
BRDA:38,0,0,8
BRDA:38,0,1,25
BRDA:39,1,0,17
BRDA:39,1,1,16
BRDA:61,2,0,69
BRDA:61,2,1,15
BRDA:69,3,0,69
BRDA:69,3,1,15
BRDA:81,4,0,69
BRDA:81,4,1,33
BRDA:89,5,0,69
BRDA:89,5,1,33
BRDA:98,6,0,69
BRDA:98,6,1,21
BRF:14
BRH:14
end_of_record
TN:
SF:src/components/NotFound/NotFound.tsx
FN:3,(anonymous_0)
FNF:1
FNH:0
FNDA:0,(anonymous_0)
DA:1,0
DA:3,0
DA:4,0
LF:3
LH:0
BRF:0
BRH:0
end_of_record
TN:
SF:src/components/UI/Button.tsx
FN:3,(anonymous_0)
FNF:1
FNH:1
FNDA:87,(anonymous_0)
DA:1,3
DA:3,3
DA:4,87
LF:3
LH:3
BRDA:6,0,0,87
BRDA:6,0,1,18
BRDA:7,1,0,87
BRDA:7,1,1,36
BRDA:8,2,0,87
BRDA:8,2,1,87
BRF:6
BRH:6
end_of_record
TN:
SF:src/components/UI/Modal.tsx
FN:8,(anonymous_0)
FNF:1
FNH:0
FNDA:0,(anonymous_0)
DA:6,2
DA:8,2
DA:9,0
LF:3
LH:2
BRF:0
BRH:0
end_of_record
TN:
SF:src/components/UI/Spinner.tsx
FN:3,(anonymous_0)
FNF:1
FNH:1
FNDA:6,(anonymous_0)
DA:1,2
DA:3,2
DA:4,6
LF:3
LH:3
BRDA:9,0,0,6
BRDA:9,0,1,0
BRF:2
BRH:1
end_of_record
TN:
SF:src/components/UI/Star.tsx
FN:3,(anonymous_0)
FNF:1
FNH:0
FNDA:0,(anonymous_0)
DA:3,0
DA:5,0
DA:13,0
LF:3
LH:0
BRF:0
BRH:0
end_of_record
TN:
SF:src/components/UI/Stars.tsx
FN:4,(anonymous_0)
FN:8,(anonymous_1)
FNF:2
FNH:0
FNDA:0,(anonymous_0)
FNDA:0,(anonymous_1)
DA:4,0
DA:5,0
DA:8,0
DA:9,0
DA:14,0
DA:16,0
DA:17,0
DA:18,0
DA:24,0
DA:34,0
LF:10
LH:0
BRF:0
BRH:0
end_of_record
TN:
SF:src/mocks/browser.ts
FNF:0
FNH:0
DA:6,0
DA:8,0
DA:9,0
LF:3
LH:0
BRF:0
BRH:0
end_of_record
TN:
SF:src/mocks/handlers.ts
FN:579,(anonymous_0)
FN:585,(anonymous_1)
FN:593,(anonymous_2)
FN:599,(anonymous_3)
FNF:4
FNH:0
FNDA:0,(anonymous_0)
FNDA:0,(anonymous_1)
FNDA:0,(anonymous_2)
FNDA:0,(anonymous_3)
DA:4,3
DA:515,3
DA:577,3
DA:580,0
DA:583,3
DA:586,0
DA:591,3
DA:594,0
DA:597,3
DA:600,0
DA:604,3
LF:11
LH:7
BRF:0
BRH:0
end_of_record
TN:
SF:src/mocks/server.ts
FNF:0
FNH:0
DA:6,3
LF:1
LH:1
BRF:0
BRH:0
end_of_record
TN:
SF:src/pages/Film.tsx
FN:20,(anonymous_0)
FN:43,(anonymous_1)
FN:61,(anonymous_2)
FN:66,(anonymous_3)
FNF:4
FNH:2
FNDA:6,(anonymous_0)
FNDA:2,(anonymous_1)
FNDA:0,(anonymous_2)
FNDA:0,(anonymous_3)
DA:20,1
DA:22,6
DA:25,6
DA:26,6
DA:27,6
DA:28,6
DA:31,6
DA:34,6
DA:37,6
DA:40,6
DA:43,6
DA:44,2
DA:45,2
DA:50,6
DA:52,6
DA:56,6
DA:57,0
DA:61,6
DA:62,0
DA:66,6
DA:67,0
DA:71,6
LF:22
LH:19
BRDA:56,0,0,0
BRDA:56,0,1,6
BRDA:57,1,0,0
BRDA:57,1,1,0
BRDA:75,2,0,6
BRDA:75,2,1,4
BRDA:75,2,2,4
BRDA:75,2,3,2
BRDA:78,3,0,6
BRDA:78,3,1,4
BRDA:78,3,2,0
BRDA:85,4,0,6
BRDA:85,4,1,2
BRF:13
BRH:9
end_of_record
TN:
SF:src/pages/Films.tsx
FN:19,(anonymous_0)
FN:33,(anonymous_1)
FN:55,(anonymous_2)
FNF:3
FNH:2
FNDA:12,(anonymous_0)
FNDA:4,(anonymous_1)
FNDA:0,(anonymous_2)
DA:19,1
DA:21,12
DA:24,12
DA:25,12
DA:26,12
DA:27,12
DA:30,12
DA:33,12
DA:34,4
DA:35,4
DA:40,12
DA:41,0
DA:55,12
DA:56,0
DA:60,12
LF:15
LH:13
BRDA:40,0,0,0
BRDA:40,0,1,12
BRDA:42,1,0,0
BRDA:42,1,1,0
BRDA:64,2,0,12
BRDA:64,2,1,8
BRDA:64,2,2,8
BRDA:64,2,3,4
BRDA:67,3,0,12
BRDA:67,3,1,8
BRDA:67,3,2,0
BRDA:74,4,0,12
BRDA:74,4,1,4
BRF:13
BRH:9
end_of_record
TN:
SF:src/pages/Welcome.tsx
FN:7,(anonymous_0)
FNF:1
FNH:1
FNDA:3,(anonymous_0)
DA:7,1
DA:9,3
DA:14,3
DA:15,0
DA:20,3
LF:5
LH:4
BRDA:14,0,0,0
BRDA:14,0,1,3
BRF:2
BRH:1
end_of_record
TN:
SF:src/routes/AllRoutes.tsx
FN:9,(anonymous_0)
FNF:1
FNH:0
FNDA:0,(anonymous_0)
DA:9,0
DA:10,0
LF:2
LH:0
BRF:0
BRH:0
end_of_record
TN:
SF:src/routes/NotAuthorized.tsx
FN:5,(anonymous_0)
FNF:1
FNH:0
FNDA:0,(anonymous_0)
DA:5,0
DA:7,0
DA:10,0
LF:3
LH:0
BRDA:10,0,0,0
BRDA:10,0,1,0
BRF:2
BRH:0
end_of_record
TN:
SF:src/routes/OnlyAuthorized.tsx
FN:5,(anonymous_0)
FNF:1
FNH:0
FNDA:0,(anonymous_0)
DA:5,0
DA:7,0
DA:10,0
LF:3
LH:0
BRDA:10,0,0,0
BRDA:10,0,1,0
BRF:2
BRH:0
end_of_record
TN:
SF:src/sagas/authSaga.ts
FN:11,watchLoginSaga
FN:21,watchLogOutSaga
FNF:2
FNH:0
FNDA:0,watchLoginSaga
FNDA:0,watchLogOutSaga
DA:12,0
DA:13,0
DA:14,0
DA:16,0
DA:17,0
DA:22,0
DA:23,0
DA:24,0
DA:26,0
DA:27,0
LF:10
LH:0
BRDA:16,0,0,0
BRDA:16,0,1,0
BRDA:26,1,0,0
BRDA:26,1,1,0
BRF:4
BRH:0
end_of_record
TN:
SF:src/sagas/filmSaga.ts
FN:7,watchToFetchFilmInfoSaga
FN:19,(anonymous_1)
FNF:2
FNH:1
FNDA:3,watchToFetchFilmInfoSaga
FNDA:0,(anonymous_1)
DA:8,3
DA:10,3
DA:11,3
DA:12,3
DA:13,3
DA:14,3
DA:17,3
DA:18,3
DA:19,3
DA:20,0
DA:29,3
DA:37,3
DA:41,3
DA:44,3
DA:47,3
DA:50,3
DA:70,3
DA:72,0
DA:74,0
DA:75,0
DA:76,0
LF:21
LH:16
BRDA:12,0,0,0
BRDA:12,0,1,3
BRDA:13,1,0,0
BRDA:13,1,1,3
BRDA:14,2,0,0
BRDA:14,2,1,3
BRDA:17,3,0,0
BRDA:17,3,1,3
BRDA:44,4,0,0
BRDA:44,4,1,3
BRDA:72,5,0,0
BRDA:72,5,1,0
BRDA:74,6,0,0
BRDA:74,6,1,0
BRF:14
BRH:5
end_of_record
TN:
SF:src/sagas/filmsSaga.ts
FN:7,watchToFetchFilmsSaga
FN:19,(anonymous_1)
FNF:2
FNH:1
FNDA:10,watchToFetchFilmsSaga
FNDA:0,(anonymous_1)
DA:8,10
DA:10,10
DA:11,10
DA:12,10
DA:13,10
DA:14,10
DA:17,10
DA:18,10
DA:19,10
DA:20,0
DA:29,10
DA:37,10
DA:41,10
DA:44,10
DA:47,10
DA:48,10
DA:50,0
DA:52,0
DA:53,0
DA:54,0
LF:20
LH:15
BRDA:12,0,0,0
BRDA:12,0,1,10
BRDA:13,1,0,0
BRDA:13,1,1,10
BRDA:14,2,0,0
BRDA:14,2,1,10
BRDA:17,3,0,0
BRDA:17,3,1,10
BRDA:44,4,0,0
BRDA:44,4,1,10
BRDA:50,5,0,0
BRDA:50,5,1,0
BRDA:52,6,0,0
BRDA:52,6,1,0
BRF:14
BRH:5
end_of_record
TN:
SF:src/sagas/rootSagas.ts
FN:11,rootSagas
FNF:1
FNH:1
FNDA:12,rootSagas
DA:12,12
DA:13,12
DA:14,12
DA:15,12
LF:4
LH:4
BRF:0
BRH:0
end_of_record
TN:
SF:src/store/authSlice.ts
FN:18,(anonymous_0)
FN:21,(anonymous_1)
FN:25,(anonymous_2)
FN:29,(anonymous_3)
FN:32,(anonymous_4)
FN:36,(anonymous_5)
FN:55,(anonymous_6)
FNF:7
FNH:1
FNDA:0,(anonymous_0)
FNDA:0,(anonymous_1)
FNDA:0,(anonymous_2)
FNDA:0,(anonymous_3)
FNDA:0,(anonymous_4)
FNDA:0,(anonymous_5)
FNDA:3,(anonymous_6)
DA:5,3
DA:14,3
DA:19,0
DA:22,0
DA:23,0
DA:26,0
DA:27,0
DA:30,0
DA:33,0
DA:34,0
DA:37,0
DA:38,0
DA:44,3
DA:47,3
DA:48,3
DA:49,3
DA:50,3
DA:51,3
DA:52,3
DA:55,3
DA:56,3
LF:21
LH:11
BRF:0
BRH:0
end_of_record
TN:
SF:src/store/filmSlice.ts
FN:17,(anonymous_0)
FN:23,(anonymous_1)
FN:28,(anonymous_2)
FN:45,(anonymous_3)
FN:47,(anonymous_4)
FN:48,(anonymous_5)
FN:49,(anonymous_6)
FNF:7
FNH:6
FNDA:2,(anonymous_0)
FNDA:3,(anonymous_1)
FNDA:0,(anonymous_2)
FNDA:10,(anonymous_3)
FNDA:6,(anonymous_4)
FNDA:14,(anonymous_5)
FNDA:10,(anonymous_6)
DA:5,3
DA:13,3
DA:21,2
DA:24,3
DA:25,3
DA:26,3
DA:29,0
DA:30,0
DA:31,0
DA:37,3
DA:40,3
DA:41,3
DA:42,3
DA:45,3
DA:46,10
DA:47,6
DA:48,14
DA:49,3
DA:50,10
LF:19
LH:16
BRF:0
BRH:0
end_of_record
TN:
SF:src/store/filmsSlice.ts
FN:17,(anonymous_0)
FN:20,(anonymous_1)
FN:25,(anonymous_2)
FN:42,(anonymous_3)
FN:44,(anonymous_4)
FN:46,(anonymous_5)
FN:47,(anonymous_6)
FNF:7
FNH:6
FNDA:4,(anonymous_0)
FNDA:10,(anonymous_1)
FNDA:0,(anonymous_2)
FNDA:20,(anonymous_3)
FNDA:12,(anonymous_4)
FNDA:28,(anonymous_5)
FNDA:20,(anonymous_6)
DA:5,3
DA:13,3
DA:18,4
DA:21,10
DA:22,10
DA:23,10
DA:26,0
DA:27,0
DA:28,0
DA:34,3
DA:37,3
DA:38,3
DA:39,3
DA:42,3
DA:43,20
DA:44,3
DA:45,12
DA:46,28
DA:47,3
DA:48,20
LF:20
LH:17
BRF:0
BRH:0
end_of_record
TN:
SF:src/store/store.ts
FNF:0
FNH:0
DA:12,3
DA:13,3
DA:20,3
DA:24,3
LF:4
LH:4
BRF:0
BRH:0
end_of_record
TN:
SF:src/test-utils/test-utils.tsx
FN:18,render
FN:34,Wrapper
FNF:2
FNH:2
FNDA:9,render
FNDA:9,Wrapper
DA:16,3
DA:29,9
DA:35,9
DA:44,9
DA:46,9
DA:47,9
DA:48,9
DA:51,9
LF:8
LH:8
BRDA:20,0,0,9
BRDA:21,1,0,9
BRDA:22,2,0,9
BRDA:23,3,0,9
BRDA:24,4,0,9
BRDA:25,5,0,9
BRDA:46,6,0,9
BRDA:46,6,1,0
BRDA:47,7,0,0
BRDA:47,7,1,9
BRF:10
BRH:8
end_of_record
TN:
SF:src/types/AllTypes.ts
FNF:0
FNH:0
LF:0
LH:0
BRF:0
BRH:0
end_of_record
TN:
SF:src/types/index.d.ts
FNF:0
FNH:0
LF:0
LH:0
BRF:0
BRH:0
end_of_record
