TN:
SF:src/App.js
FN:5,App
FNF:1
FNH:1
FNDA:5,App
DA:6,5
LF:1
LH:1
BRF:0
BRH:0
end_of_record
TN:
SF:src/index.js
FNF:0
FNH:0
DA:9,5
DA:10,5
LF:2
LH:2
BRF:0
BRH:0
end_of_record
TN:
SF:src/components/FilmInfo/FilmInfo.js
FNF:0
FNH:0
LF:0
LH:0
BRF:0
BRH:0
end_of_record
TN:
SF:src/components/FilmsTable/FilmsTable.js
FNF:0
FNH:0
LF:0
LH:0
BRF:0
BRH:0
end_of_record
TN:
SF:src/components/Footer/Footer.js
FNF:0
FNH:0
LF:0
LH:0
BRF:0
BRH:0
end_of_record
TN:
SF:src/components/Header/Header.js
FNF:0
FNH:0
LF:0
LH:0
BRF:0
BRH:0
end_of_record
TN:
SF:src/components/LogIn/LogInForm.js
FNF:0
FNH:0
LF:0
LH:0
BRF:0
BRH:0
end_of_record
TN:
SF:src/components/NotFound/NotFound.js
FNF:0
FNH:0
LF:0
LH:0
BRF:0
BRH:0
end_of_record
TN:
SF:src/components/UI/Button.js
FNF:0
FNH:0
LF:0
LH:0
BRF:0
BRH:0
end_of_record
TN:
SF:src/components/UI/Modal.js
FNF:0
FNH:0
LF:0
LH:0
BRF:0
BRH:0
end_of_record
TN:
SF:src/components/UI/Spinner.js
FNF:0
FNH:0
LF:0
LH:0
BRF:0
BRH:0
end_of_record
TN:
SF:src/components/UI/Star.js
FNF:0
FNH:0
LF:0
LH:0
BRF:0
BRH:0
end_of_record
TN:
SF:src/components/UI/Stars.js
FNF:0
FNH:0
LF:0
LH:0
BRF:0
BRH:0
end_of_record
TN:
SF:src/pages/Film.js
FN:19,(anonymous_0)
FN:42,(anonymous_1)
FN:60,(anonymous_2)
FN:65,(anonymous_3)
FNF:4
FNH:2
FNDA:3,(anonymous_0)
FNDA:1,(anonymous_1)
FNDA:0,(anonymous_2)
FNDA:0,(anonymous_3)
DA:19,5
DA:21,3
DA:24,3
DA:25,3
DA:26,3
DA:27,3
DA:30,3
DA:33,3
DA:36,3
DA:39,3
DA:42,3
DA:43,1
DA:44,1
DA:49,3
DA:51,3
DA:55,3
DA:56,0
DA:60,3
DA:61,0
DA:65,3
DA:66,0
DA:70,3
LF:22
LH:19
BRDA:55,0,0,0
BRDA:55,0,1,3
BRDA:56,1,0,0
BRDA:56,1,1,0
BRDA:74,2,0,3
BRDA:74,2,1,2
BRDA:74,2,2,2
BRDA:74,2,3,1
BRDA:77,3,0,3
BRDA:77,3,1,2
BRDA:77,3,2,0
BRDA:84,4,0,3
BRDA:84,4,1,1
BRF:13
BRH:9
end_of_record
TN:
SF:src/pages/Films.js
FN:18,(anonymous_0)
FN:32,(anonymous_1)
FN:54,(anonymous_2)
FNF:3
FNH:2
FNDA:15,(anonymous_0)
FNDA:5,(anonymous_1)
FNDA:0,(anonymous_2)
DA:18,5
DA:20,15
DA:23,15
DA:24,15
DA:25,15
DA:26,15
DA:29,15
DA:32,15
DA:33,5
DA:34,5
DA:39,15
DA:40,0
DA:54,15
DA:55,0
DA:59,15
LF:15
LH:13
BRDA:39,0,0,0
BRDA:39,0,1,15
BRDA:41,1,0,0
BRDA:41,1,1,0
BRDA:63,2,0,15
BRDA:63,2,1,10
BRDA:63,2,2,10
BRDA:63,2,3,5
BRDA:66,3,0,15
BRDA:66,3,1,10
BRDA:66,3,2,0
BRDA:73,4,0,15
BRDA:73,4,1,5
BRF:13
BRH:9
end_of_record
TN:
SF:src/pages/Welcome.js
FN:7,(anonymous_0)
FNF:1
FNH:1
FNDA:10,(anonymous_0)
DA:7,5
DA:9,10
DA:12,10
DA:13,0
DA:18,10
LF:5
LH:4
BRDA:12,0,0,0
BRDA:12,0,1,10
BRF:2
BRH:1
end_of_record
TN:
SF:src/sagas/authSaga.js
FN:6,watchLoginSaga
FN:15,watchLogOutSaga
FNF:2
FNH:2
FNDA:5,watchLoginSaga
FNDA:5,watchLogOutSaga
DA:7,5
DA:8,5
DA:9,5
DA:11,0
DA:16,5
DA:17,5
DA:18,5
DA:20,0
LF:8
LH:6
BRF:0
BRH:0
end_of_record
TN:
SF:src/sagas/filmSaga.js
FN:6,watchToFetchFilmInfoSaga
FN:18,(anonymous_1)
FNF:2
FNH:1
FNDA:1,watchToFetchFilmInfoSaga
FNDA:0,(anonymous_1)
DA:7,1
DA:9,1
DA:10,1
DA:11,1
DA:12,1
DA:13,1
DA:16,1
DA:17,1
DA:18,1
DA:21,1
DA:27,1
DA:30,1
DA:33,1
DA:36,1
DA:54,1
DA:56,0
DA:57,0
LF:17
LH:15
BRDA:11,0,0,0
BRDA:11,0,1,1
BRDA:12,1,0,0
BRDA:12,1,1,1
BRDA:13,2,0,0
BRDA:13,2,1,1
BRDA:16,3,0,0
BRDA:16,3,1,1
BRDA:30,4,0,0
BRDA:30,4,1,1
BRDA:56,5,0,0
BRDA:56,5,1,0
BRF:12
BRH:5
end_of_record
TN:
SF:src/sagas/filmsSaga.js
FN:5,watchToFetchFilmsSaga
FN:16,(anonymous_1)
FNF:2
FNH:1
FNDA:5,watchToFetchFilmsSaga
FNDA:0,(anonymous_1)
DA:6,5
DA:8,5
DA:9,5
DA:10,5
DA:11,5
DA:12,5
DA:14,5
DA:15,5
DA:16,5
DA:17,0
DA:21,5
DA:28,5
DA:30,5
DA:32,5
DA:34,5
DA:36,0
DA:37,0
LF:17
LH:14
BRDA:10,0,0,0
BRDA:10,0,1,5
BRDA:11,1,0,0
BRDA:11,1,1,5
BRDA:12,2,0,0
BRDA:12,2,1,5
BRDA:14,3,0,0
BRDA:14,3,1,5
BRDA:30,4,0,0
BRDA:30,4,1,5
BRDA:36,5,0,0
BRDA:36,5,1,0
BRF:12
BRH:5
end_of_record
TN:
SF:src/sagas/rootSagas.js
FN:11,rootSagas
FNF:1
FNH:1
FNDA:5,rootSagas
DA:12,5
DA:13,5
DA:14,5
DA:15,5
LF:4
LH:4
BRF:0
BRH:0
end_of_record
TN:
SF:src/store/authSlice.js
FN:15,(anonymous_0)
FN:18,(anonymous_1)
FN:22,(anonymous_2)
FN:26,(anonymous_3)
FN:29,(anonymous_4)
FN:33,(anonymous_5)
FN:41,(anonymous_6)
FNF:7
FNH:5
FNDA:5,(anonymous_0)
FNDA:5,(anonymous_1)
FNDA:0,(anonymous_2)
FNDA:5,(anonymous_3)
FNDA:5,(anonymous_4)
FNDA:0,(anonymous_5)
FNDA:69,(anonymous_6)
DA:4,5
DA:11,5
DA:16,5
DA:19,5
DA:20,5
DA:23,0
DA:24,0
DA:27,5
DA:30,5
DA:31,5
DA:34,0
DA:35,0
DA:41,5
DA:42,69
DA:46,5
DA:56,5
LF:16
LH:12
BRF:0
BRH:0
end_of_record
TN:
SF:src/store/filmSlice.js
FN:14,(anonymous_0)
FN:17,(anonymous_1)
FN:22,(anonymous_2)
FN:36,(anonymous_3)
FN:37,(anonymous_4)
FN:38,(anonymous_5)
FN:39,(anonymous_6)
FNF:7
FNH:6
FNDA:1,(anonymous_0)
FNDA:1,(anonymous_1)
FNDA:0,(anonymous_2)
FNDA:7,(anonymous_3)
FNDA:5,(anonymous_4)
FNDA:9,(anonymous_5)
FNDA:7,(anonymous_6)
DA:4,5
DA:10,5
DA:15,1
DA:18,1
DA:19,1
DA:20,1
DA:23,0
DA:24,0
DA:25,0
DA:31,5
DA:33,5
DA:36,7
DA:37,5
DA:38,9
DA:39,7
LF:15
LH:12
BRF:0
BRH:0
end_of_record
TN:
SF:src/store/filmsSlice.js
FN:14,(anonymous_0)
FN:17,(anonymous_1)
FN:22,(anonymous_2)
FN:31,(anonymous_3)
FN:34,(anonymous_4)
FN:37,(anonymous_5)
FN:40,(anonymous_6)
FNF:7
FNH:6
FNDA:5,(anonymous_0)
FNDA:5,(anonymous_1)
FNDA:0,(anonymous_2)
FNDA:33,(anonymous_3)
FNDA:23,(anonymous_4)
FNDA:43,(anonymous_5)
FNDA:33,(anonymous_6)
DA:4,5
DA:10,5
DA:15,5
DA:18,5
DA:19,5
DA:20,5
DA:23,0
DA:24,0
DA:25,0
DA:31,5
DA:32,33
DA:34,5
DA:35,23
DA:37,5
DA:38,43
DA:40,33
DA:43,5
DA:47,5
LF:18
LH:15
BRF:0
BRH:0
end_of_record
TN:
SF:src/store/store.js
FNF:0
FNH:0
DA:12,5
DA:13,5
DA:20,5
DA:24,5
LF:4
LH:4
BRF:0
BRH:0
end_of_record
